1.943204
1.984647
2.033355
1.940629
1.940387
1.878039
1.860854
2.026522
2.010174
1.845431
1.902098
1.878462
2.000692
1.901391
1.909004
1.941350
1.936544
1.969276
1.967234
1.931862
1.992388
1.866406
1.851740
1.987819
2.047969
1.919122
1.972650
1.807040
1.828974
1.893418
1.901911
1.910456
1.826844
1.997764
1.908549
1.903336
1.955586
2.000233
1.912250
1.899995
1.988706
1.975013
1.906630
1.871573
1.863158
1.846756
1.904291
1.900766
1.979820
1.768729
1.984235
1.930602
1.871009
1.826378
1.998904
1.829282
1.860416
1.922827
2.058798
2.095935
1.862599
1.946114
2.026370
1.972678
1.986647
1.825165
2.013928
1.954765
1.942490
2.009807
2.065136
1.909931
1.839342
2.064734
1.881035
2.036647
2.094093
2.061528
1.934520
1.961481
1.834201
1.987868
2.042104
1.886875
2.013151
1.841781
1.988846
1.953395
1.875535
1.945645
1.794804
1.800833
1.912942
1.905674
1.893284
2.023902
2.028920
1.876404
1.875892
1.839915
1.990702
1.967813
2.003380
1.766658
1.983782
1.902884
1.931346
1.899903
1.881543
2.058647
2.045369
1.992910
1.857081
1.916723
2.114755
1.829011
1.975435
1.952887
1.958193
1.922741
1.917597
1.925961
1.998824
1.856540
1.928679
1.874351
1.892394
1.822338
1.899215
1.993172
2.046567
1.880734
1.830729
1.993045
2.028493
2.121373
1.920149
2.084794
1.873076
2.026699
1.989010
2.017201
1.861859
1.856167
1.921301
1.913601
2.008630
2.059110
1.927204
1.955331
2.024685
1.839735
1.851690
1.828304
1.693779
1.910405
1.953779
1.975184
1.909836
1.992136
1.873277
1.903213
1.898889
1.994096
2.091185
1.872450
2.013859
1.977900
1.978656
1.896380
1.918708
1.879582
1.811302
1.977206
1.941077
1.885729
1.862908
1.822150
2.004679
1.967571
1.998147
1.831422
1.980076
1.868423
1.857869
2.010606
1.933012
1.950275
1.877693
1.894705
2.019172
1.888958
2.020154
1.870822
1.928753
1.850222
1.892624
1.820657
1.953253
1.849890
2.047024
2.053899
1.910258
1.891504
1.932010
1.866431
1.898158
1.970334
2.000309
2.098310
1.988564
1.879287
2.022064
1.974866
1.944378
1.917630
2.102386
2.021866
2.107639
1.952646
1.909028
1.844464
1.901060
1.926802
1.870707
1.886576
1.939450
1.884540
1.971737
1.928813
1.903527
2.026832
1.920939
1.941427
1.861585
1.908829
1.977408
2.072134
1.860939
1.913769
1.987538
1.968904
1.928633
1.769995
1.835900
1.981131
2.098120
2.034707
1.882993
1.942951
1.894742
1.975183
1.921965
2.028459
1.956208
1.964951
1.949983
1.898500
1.808661
1.898474
1.813537
1.994174
2.092402
1.931732
1.790266
2.097387
1.983789
2.087332
1.971482
1.868890
1.995666
1.946116
1.978778
1.826922
1.899290
1.974280
1.891854
2.066755
2.068685
1.867043
1.902191
1.877269
2.009548
1.845926
1.971262
1.909593
1.923229
2.007637
1.944708
1.873568
1.933067
2.017292
1.879823
1.964251
1.895349
1.920159
1.878018
1.856811
1.930502
1.905678
2.035987
1.971322
2.178768
1.982451
1.982409
1.825194
2.015832
1.957794
1.880280
1.970186
2.044542
2.083097
1.767582
2.053636
1.918480
1.972617
1.954726
1.928784
2.083197
1.930734
1.972964
1.909088
1.999673
1.840035
1.932159
1.892739
1.903769
1.840907
1.887933
1.902818
2.131145
2.061431
1.968623
1.922860
2.085002
1.812871
1.738162
1.892460
1.917255
2.067799
1.926172
2.014580
1.850423
1.911262
1.760132
1.908409
2.012604
1.994606
1.860158
1.775647
1.783153
1.985132
1.971412
1.950267
1.995209
1.959379
2.002936
1.877290
1.911975
1.894826
2.014886
2.041709
1.964403
1.863435
1.927444
1.963667
2.091470
1.955045
1.906555
1.802901
1.789011
1.982686
1.992101
1.966293
1.971413
1.860189
1.978020
1.915313
2.013450
2.038819
1.974190
1.731462
1.934145
1.907810
2.076959
1.934433
1.962230
1.853702
1.909866
1.864818
2.010776
1.968082
2.014074
1.958084
1.907924
1.964346
1.863603
1.876801
2.019901
2.080173
1.828177
1.860448
1.852601
1.911890
2.003588
1.814806
1.989836
2.024352
1.910859
1.981320
1.948850
1.836940
2.054914
1.870210
1.829290
1.917668
1.966115
1.867220
1.966525
1.981417
1.909670
1.988723
1.968026
2.023070
1.934112
1.873195
1.872080
1.990279
1.792028
1.907814
1.945848
1.934388
2.183053
2.041733
1.963744
1.779451
1.921677
1.791256
1.896905
1.864850
1.904712
1.971247
1.902840
2.029403
1.820995
1.962318
1.944524
1.960091
1.963044
1.846813
1.982052
2.004875
1.859841
1.940382
1.917128
1.858516
1.928940
1.982988
1.992039
1.977314
1.910605
1.881577
1.796932
1.846077
1.789930
1.943840
1.936256
2.016682
1.860830
1.761101
1.905705
2.080586
1.723888
1.982521
1.929275
1.995478
1.928371
1.931890
1.993196
2.064436
1.860627
2.016099
2.003712
2.055613
2.026714
1.934223
1.934348
1.843727
1.942299
1.985243
1.992596
1.929927
2.019884
1.858863
1.895187
1.941901
1.998477
1.861602
1.963082
1.852904
1.860946
1.934803
1.923988
2.220519
1.876586
1.924599
1.953179
1.925094
1.933561
1.851665
1.906101
1.824590
2.034527
1.787783
1.999242
1.996322
1.827088
2.034053
1.836908
2.072052
2.005201
1.982350
2.034130
1.888117
2.033436
1.930250
1.918492
1.929793
1.928183
1.906650
2.064690
1.857539
1.799966
1.979479
1.915530
1.964462
1.959593
1.992114
1.804555
1.948603
1.995238
2.039901
1.985134
1.865808
2.050094
1.989672
1.940779
1.927558
1.834206
1.837366
2.066627
1.915439
1.691549
1.897114
1.807243
1.973781
2.042862
2.022215
1.848185
1.841543
1.941022
1.885971
1.853924
2.037522
1.949163
1.949644
1.979814
1.881257
1.768814
1.980894
1.886578
1.942239
1.854550
1.965019
2.087335
1.944981
1.882592
2.002991
2.030357
1.867712
1.895480
1.920185
1.789654
2.052598
1.984618
1.963717
1.890459
1.993330
1.802884
1.884175
1.992914
1.888748
1.857109
1.878708
1.909798
1.837508
1.822663
1.805307
1.923372
1.850644
1.851127
1.955773
2.072655
1.868914
1.814649
2.054344
1.845564
2.022241
2.049925
1.903240
1.916959
1.909080
1.919155
1.835318
1.969413
1.800721
1.964761
1.969988
1.787865
1.930374
1.922380
1.834103
2.094737
1.869314
1.959770
1.848308
1.975325
1.911576
1.893976
1.928900
1.850267
1.917959
1.926090
2.061629
1.917938
1.883167
1.863631
1.837334
1.863257
1.968718
1.947617
1.998704
1.981397
1.951656
1.945724
1.983648
1.926325
2.023340
1.868682
1.953319
1.981823
1.768234
1.752893
1.951934
1.909066
1.840189
1.891786
1.816170
1.925341
2.103401
1.959984
1.904495
1.960198
1.929479
1.858264
1.869700
1.907532
1.981056
1.981674
2.014082
1.918657
1.989268
1.928704
1.828459
1.900174
1.931794
1.828887
1.916766
2.017661
1.940053
1.855604
1.812050
2.029653
1.939288
1.813589
1.867943
1.848196
1.962907
2.096348
1.991389
1.893696
1.968690
1.912304
1.982724
2.006709
1.862033
1.802780
1.909367
1.970740
1.986965
1.901180
1.991891
1.862688
1.926241
1.898808
2.006109
1.952922
1.982458
1.920259
1.961634
1.918272
1.883942
1.947191
1.928147
1.892678
1.957932
1.927737
1.777828
1.902560
2.052035
1.958616
1.935788
1.991745
1.887870
2.033576
1.870718
1.852971
1.884812
1.782296
1.849139
1.835596
1.781254
1.973397
1.915737
1.885244
1.838805
2.010806
1.840891
1.972551
1.746878
1.908262
1.659808
1.934760
1.891884
1.889790
2.042168
1.964770
1.956028
1.779101
1.900323
2.021888
1.787779
1.853510
1.819504
1.761504
1.850974
2.054375
1.906253
1.985854
1.936857
1.901174
1.853065
1.945831
1.959627
1.880987
2.006051
1.822727
1.915322
1.835614
1.863288
1.898776
1.974021
2.072086
2.026546
1.855046
1.842164
2.008057
1.917154
1.867061
2.004019
1.825425
1.883737
1.896919
1.931372
1.870780
1.932038
1.820930
1.932045
1.877153
1.745902
1.923859
1.921709
1.973473
1.859130
1.961725
1.868389
1.944911
1.925355
1.871201
1.960029
1.779079
1.953874
1.816405
1.983780
1.893691
1.816480
1.837810
1.932746
1.810470
1.944426
1.936345
1.980689
1.801346
1.939929
1.661645
1.958667
2.033384
1.909702
1.923169
1.970935
1.891194
1.943740
1.804900
1.808990
1.865334
1.806690
1.997444
1.905780
1.795863
2.037338
1.834589
1.984086
2.133488
1.823561
1.917128
1.998040
2.034389
1.978572
1.849618
1.930574
1.926846
1.896819
1.925669
1.958282
1.931495
1.914423
2.031427
2.028192
1.875214
1.899714
1.796247
1.961833
1.803566
1.836928
1.960872
1.968345
1.902106
1.956793
2.081854
1.790726
1.910091
1.927568
2.077945
1.874907
1.965038
1.950189
1.995324
1.996198
1.899215
1.992509
1.860129
2.034594
2.037341
1.916605
1.906788
1.785810
1.927666
1.857906
2.054012
1.903019
1.812306
2.023397
1.893582
1.947964
1.916390
1.783607
2.020166
1.853146
1.701383
1.866188
1.987107
1.813082
1.912949
1.973513
1.823894
1.871177
1.838751
1.977248
1.798792
1.727993
1.984238
1.846132
1.977636
1.836041
1.885762
1.921277
1.861148
1.922388
1.893400
1.979769
1.865975
2.069068
1.793475
1.984483
1.946990
1.917516
1.886408
2.084917
1.830733
2.078896
1.933095
1.858698
1.963158
1.963313
1.815625
1.890362
1.781089
2.058803
1.776354
1.929547
1.880140
1.931064
1.997748
1.874583
2.056518
1.840566
1.810693
1.947398
1.833778
1.865306
1.776376
1.928009
1.891803
1.823811
1.939943
1.953604
1.834697
1.855188
1.901813
1.988517
1.884983
1.912952
1.830306
1.905769
1.875890
1.975890
1.997379
2.056067
1.933807
1.932728
1.963315
1.858882
1.960743
1.959680
1.908317
2.027614
1.928769
1.899627
1.940582
1.900720
1.911849
1.949185
1.826048
1.880480
1.950388
2.014869
1.895215
1.984206
1.966844
2.069983
1.934066
1.859262
1.810477
1.831058
1.860168
1.854828
1.887988
1.752943
1.863248
2.006598
1.886809
1.921346
1.932906
1.949661
1.893010
1.888680
1.889908
1.898085
1.892529
2.078228
1.843432
1.798401
1.919130
1.770453
1.960574
1.994048
1.918883
1.879378
1.869267
1.868653
1.937435
1.906632
1.928479
1.949931
1.786385
1.950092
1.952596
1.831351
1.935394
1.887358
1.874267
2.048107
1.880695
1.937804
1.988273
1.884165
2.019293
1.962433
1.849327
1.874945
1.916993
1.872089
1.936774
1.911220
1.880312
1.994219
1.927356
1.877818
1.874680
1.967533
1.948692
1.885837
2.014583
1.950878
1.919991
1.872233
1.935079
1.952467
2.014829
1.895571
1.935248
1.860504
1.960150
1.881414
2.028919
2.110172
1.790250
1.890187
1.866778
1.976364
1.940712
1.876635
1.932984
2.003067
1.802238
1.910255
1.950521
2.085515
1.861167
2.007739
1.841759
1.995190
1.978130
1.923603
2.090478
1.998788
1.918454
1.870669
1.800395
2.022223
1.852098
2.022350
2.094781
1.947643
2.007843
1.989897
1.951023
1.996470
1.978808
1.974719
1.971548
1.921388
1.859007
1.839049
1.912731
1.933164
1.943107
1.857533
2.060796
1.877921
1.976763
1.720550
1.862655
1.831875
1.861328
1.934210
1.961410
1.972007
2.019281
1.897042
1.854551
1.857047
1.829826
1.905697
1.941511
2.062484
1.872921
2.063077
1.799582
2.003670
1.954403
1.979850
2.025029
1.977429
2.017760
1.989175
1.903423
2.010032
1.890362
1.867831
1.840585
2.034230
1.989122
2.007137
1.931583
1.828549
1.853283
1.997528
2.081338
2.038338
1.883065
1.913070
1.999317
1.881181
1.828413
1.835859
1.938888
1.970155
2.117861
1.776296
2.069775
1.850019
1.736050
1.904644
1.774014
1.890875
2.006908
1.967322
1.941768
1.915147
1.943007
2.012665
1.877955
1.941537
1.765559
1.990625
1.787548
1.929297
1.688337
1.886789
1.873429
1.961739
1.975673
1.823157
1.878008
1.860690
1.927196
1.928121
1.850988
1.815328
1.899662
1.956854
1.842561
1.940226
1.942895
1.807173
1.823870
1.933778
1.835902
1.850068
1.911799
1.970614
1.923683
1.959809
1.967779
2.019150
1.930914
1.973841
1.865116
1.756300
1.870538
1.882730
1.887656
1.946303
2.003639
2.017821
1.902061
1.834807
1.914080
1.851038
1.860799
1.981847
1.954608
2.006184
1.882726
1.840294
1.858029
1.933181
2.010298
1.885226
1.886895
1.784539
1.824501
1.941158
1.890176
1.986055
2.040566
1.889125
1.897035
1.845532
1.787664
1.712563
1.977145
1.931989
1.864684
1.840971
1.872042
1.884280
1.959469
1.896766
1.766195
1.890495
1.821996
1.862019
1.942840
1.878675
1.894776
2.012245
1.900544
1.910740
2.034306
1.919770
1.999799
1.860543
2.025123
1.921032
1.943605
2.077888
1.988147
2.102403
1.968787
1.871649
1.772379
1.850249
1.904332
1.924437
1.904496
1.869158
1.947996
2.001385
1.878723
1.875386
1.923187
1.876901
1.979290
1.911935
1.625551
1.993686
1.959209
1.922194
1.976368
2.010416
1.940357
1.875988
1.976583
1.897574
2.007558
1.954743
1.936952
1.961404
1.880696
1.876088
1.980675
1.849708
2.007333
1.863465
1.893324
1.972499
1.962772
2.068386
1.935500
1.833667
1.829792
1.882009
1.847027
1.983627
1.832488
1.974872
1.854142
1.914032
1.876037
2.006687
1.847789
1.918024
1.950723
2.079886
1.901735
1.870822
1.836156
1.955634
2.022186
1.885203
1.858398
1.881482
1.948227
1.989852
1.836296
1.798338
2.026919
1.766392
2.013729
1.916679
1.764482
1.959834
1.756614
1.943411
1.823448
1.999240
1.887384
1.913368
1.854906
1.848118
2.014716
1.966419
1.733633
1.702077
1.826043
1.812654
1.826610
1.992348
1.950561
2.058209
1.900439
1.909754
1.876694
2.005914
1.982231
2.004805
1.774810
1.939042
1.968927
1.986453
1.880420
1.822112
1.987578
1.928513
1.976832
1.960731
1.934161
1.990430
1.863562
1.877259
1.860746
1.704446
2.026656
2.020602
2.040732
1.865096
2.024742
1.828473
1.802996
2.011620
1.939204
1.819822
2.009038
1.885700
2.050137
1.946448
1.970979
1.888530
1.987176
1.757330
2.040262
1.901194
1.890658
1.879818
1.793859
1.808080
1.838881
1.891084
1.983952
1.941723
1.888087
1.807932
1.984077
2.054815
1.895293
1.984173
1.909523
1.917744
1.934680
1.920485
1.979873
1.856098
1.883366
1.904837
1.974840
1.840755
1.876713
1.934004
1.901044
2.006496
1.908738
1.824265
1.948109
2.019126
1.816008
1.940421
1.881130
1.921231
2.018454
1.833977
1.992542
2.009606
1.967261
1.994230
1.904955
1.999572
1.991839
1.955805
1.843834
2.013881
1.930492
2.037201
1.837264
1.854982
2.035931
1.942944
2.039323
2.020645
1.850041
2.013932
2.011051
1.897808
1.912758
1.897082
1.759880
1.934499
2.019062
1.931160
1.967274
1.826303
1.793939
1.857551
1.907346
2.024787
1.819099
2.068234
2.028660
1.831551
1.935009
1.872753
1.910459
1.967899
1.838398
1.994812
1.954493
1.877830
1.927212
1.957229
2.018271
1.818216
1.812332
2.032730
1.971588
1.955054
1.882427
1.965470
2.050243
1.753513
1.961411
1.947116
1.937837
1.865853
1.934284
2.018155
2.002043
2.046949
1.826386
1.941182
1.834231
1.958832
1.864537
1.855006
2.022469
1.869924
1.930650
1.873347
1.892653
1.849012
1.843478
2.061700
1.847921
1.851061
1.826229
1.925831
1.880544
1.902056
1.924739
1.736923
1.828617
1.903568
1.863763
1.801910
1.861060
1.851463
1.851876
1.859326
1.943969
2.048686
2.063078
1.987649
1.991497
1.894636
1.817581
2.081166
1.931793
1.913268
1.820933
1.978692
1.830142
1.832643
1.803018
1.958547
1.996065
1.897805
1.805209
1.831801
1.917521
1.821356
1.879800
1.858062
2.067293
1.842160
2.011934
1.970467
1.925089
1.912629
1.785175
1.959370
1.997053
1.953823
1.894642
1.946512
1.958312
1.893395
1.955490
1.851464
1.924683
1.818014
2.034617
1.761185
2.004918
1.897103
1.927808
1.866255
1.929813
1.891417
1.896588
1.761730
1.889212
1.945133
1.866730
1.918236
1.931696
2.024823
2.023426
1.794185
1.949531
1.889259
1.831927
1.808751
2.051284
1.937522
1.897540
1.952229
1.810299
1.850141
1.963994
1.897391
2.098790
1.823554
1.978929
1.978908
1.892805
1.888450
1.831117
1.860315
1.873042
1.826930
1.937399
1.931530
1.971818
1.936810
1.757600
1.882585
1.907884
1.778237
2.030863
1.929996
1.847522
1.919913
1.944312
1.949952
1.921692
1.846369
1.927066
1.767999
1.931314
1.957723
1.948074
1.861358
1.929217
1.909987
2.047006
1.936809
1.844154
1.919308
1.859001
1.896056
2.010533
1.894288
1.865535
1.984574
2.039952
1.990188
1.977012
1.890993
1.866313
1.798419
2.048094
1.829088
1.998421
2.006438
1.966880
1.698288
2.000370
2.017501
1.924178
1.871575
1.805201
1.868949
1.991565
1.849063
1.910139
1.944717
1.791190
1.951516
1.975050
1.981384
2.089933
1.849122
1.848581
1.760943
2.005233
1.888222
2.033844
2.071530
2.013250
1.939123
1.956071
1.801920
1.798463
1.963099
2.020538
2.054691
1.864343
1.947788
1.936006
1.907545
1.851190
1.894624
2.027485
2.115763
1.946183
1.973072
1.882064
1.644363
1.923825
2.014240
2.052361
1.965917
1.938710
1.975626
1.970027
1.823946
1.858564
1.950043
1.936775
1.941741
1.992882
1.890801
1.986705
1.936244
1.955404
1.987111
1.842448
1.871257
1.908356
1.865274
1.913828
1.891376
1.944047
1.860021
1.859970
1.981803
2.013992
1.786328
1.903099
1.881070
1.867210
1.999877
1.688784
1.963158
1.910405
1.820152
2.089140
1.952066
1.847165
1.869197
1.961868
1.955423
1.784523
1.885760
1.929048
1.975224
1.956837
1.865983
1.775966
1.932491
1.887591
1.902000
1.826533
1.885070
1.863467
1.921679
1.875058
1.878748
1.837566
1.895719
1.860385
1.781200
2.015733
1.883836
2.070087
1.778076
2.018929
1.983585
2.058683
1.748806
1.918861
1.867502
1.972361
1.902794
1.910781
1.966931
1.920911
2.012662
1.990248
1.907116
1.857980
1.982404
1.975994
1.923009
1.861797
1.781373
1.933713
1.779665
1.984733
1.766782
1.746950
2.106589
1.982072
1.862167
1.918621
1.843207
1.918167
2.026508
1.950855
1.971764
1.840680
1.891921
1.956056
1.799508
1.842464
1.848248
1.867989
1.889777
1.953672
1.923386
1.905555
1.873196
1.922024
1.890502
1.997443
1.850090
1.887022
1.988989
1.838627
1.902619
1.771548
1.865712
1.998587
1.788196
1.915389
1.930845
1.817137
1.909160
1.912467
1.902658
1.948651
1.792742
2.039335
1.859748
1.821915
1.846511
1.853978
1.910624
1.901719
1.943952
1.814591
2.092562
1.840747
1.865118
1.856964
2.003551
1.959816
1.892740
1.889572
1.925254
1.878830
1.963737
1.873250
1.834997
1.999656
1.990829
2.043720
1.890753
1.915104
1.816448
1.878784
1.995796
2.056261
2.047552
1.966455
1.823833
1.751369
1.955701
1.913360
1.830338
1.822489
1.992640
2.041822
1.988352
2.022285
1.965584
1.843804
1.941789
1.910760
2.087252
1.980216
2.008163
1.918230
1.956268
1.844258
1.970315
1.882317
1.937358
1.882167
2.003048
1.820243
1.945171
1.936730
1.880298
1.963099
1.816616
1.969102
1.952119
1.858787
1.891738
1.993201
1.986623
1.986039
1.812637
1.830511
1.852310
1.815596
1.791130
1.864495
1.816346
1.877169
1.954384
1.907405
1.836155
1.848606
1.816599
1.995932
1.959684
1.830738
1.751794
1.891695
1.905663
1.784516
1.953746
1.892911
1.918011
1.897093
2.038277
1.862706
1.899139
1.983587
1.943862
1.926069
2.071688
2.028667
1.830792
1.928033
1.728266
1.817236
1.947878
1.894643
1.965061
1.935182
2.013680
1.940993
1.815210
2.023895
1.792875
1.787097
1.843649
1.952944
1.910518
1.868047
1.900651
1.951115
2.070663
2.112050
1.863157
2.136318
1.897518
2.005732
1.834029
1.779028
1.933957
1.926119
2.042069
1.937850
1.943519
2.116545
1.827116
1.882950
1.918501
1.738455
1.813851
1.909678
2.003464
1.914528
1.878145
1.871718
1.893083
1.863145
1.904635
1.801690
1.985070
1.915547
1.866131
1.943013
1.892879
1.881684
1.787890
1.835326
2.053909
1.853847
2.024765
2.084940
1.914482
1.992747
1.878171
1.830531
1.946096
1.861594
1.977032
1.918692
1.891124
1.916090
1.996671
1.865400
1.828829
1.949105
1.853951
1.849767
2.017648
1.886392
1.950497
1.884980
1.855149
1.944898
2.066178
2.003475
1.974330
1.934122
1.878328
1.889550
1.796593
1.879287
2.009879
1.988935
1.851163
1.953284
1.812421
1.856743
2.074392
1.834309
2.015611
1.883990
1.892540
2.106217
1.855714
1.850025
1.937302
1.997991
2.070076
1.905033
1.894758
1.946154
1.925566
1.926362
2.009596
2.035511
1.914014
1.971722
1.822842
1.934059
1.743698
1.891787
1.806801
1.910648
1.822445
1.925157
1.882766
1.829363
1.961702
1.902868
1.956419
1.906840
1.774299
1.822911
1.775309
1.895238
1.932656
1.969488
1.919055
2.030533
2.031809
1.950162
1.917539
1.815527
1.820648
1.918478
1.917609
2.008323
1.939151
2.001053
1.955240
2.036782
2.035484
1.835497
1.947647
2.071031
1.949784
1.954259
2.003548
1.969905
2.005295
1.878814
1.925981
1.889368
1.936354
2.027524
1.931462
2.011308
1.827165
1.752967
2.065343
1.933267
1.990152
1.850988
1.909053
1.797364
2.002595
2.096317
2.039159
2.047618
2.070149
1.843634
1.989526
1.972098
1.958405
2.080377
1.924452
1.921173
1.943009
2.145971
1.926109
1.870225
1.841858
1.986432
1.986982
1.952408
1.947508
2.028287
1.976693
2.080134
1.949889
1.994610
1.781421
1.797428
1.973267
1.826344
2.097337
1.959859
2.095589
1.962384
1.913080
2.061736
1.951959
1.928736
1.726457
1.999285
2.107792
1.915026
2.124383
1.790581
1.915877
1.927299
1.897047
1.960895
1.862754
1.816970
1.889803
1.925319
1.942670
1.967536
2.006289
1.895333
1.998248
2.022385
1.908965
1.985555
1.935199
1.990236
2.045092
1.849722
2.025325
1.935017
1.917556
1.942319
1.928497
1.886094
1.678617
1.931465
1.808478
1.868883
2.025480
1.894415
1.873175
1.869694
1.915891
1.916008
1.859929
1.934155
2.017947
2.108135
1.841625
2.043480
1.957960
1.937627
2.127630
1.868191
1.961630
1.997373
2.003239
2.064159
1.913213
1.927483
2.004607
1.932938
2.055599
1.889007
2.044388
2.026396
2.083546
2.045133
1.988995
1.900369
1.748960
1.965946
1.882008
1.870119
1.878267
1.859355
1.955139
1.978092
1.926874
1.992803
1.957045
1.827899
1.963489
1.990135
2.026158
1.895138
1.904337
1.824629
2.047617
1.936059
2.027286
2.022055
1.956673
1.995624
1.808806
1.957860
1.989220
2.002826
1.925621
1.885132
1.956629
1.915263
1.936494
2.031387
1.930386
1.928703
1.931179
1.925269
2.008411
2.091242
1.956239
2.061568
1.920662
1.867896
1.987968
1.856786
2.145188
1.936904
2.027508
1.897681
1.875844
1.880698
1.964739
1.852651
1.950250
2.137661
2.010390
2.043363
1.991863
2.022954
1.960079
1.912622
1.915418
1.905860
1.912031
1.842498
2.001555
1.853354
1.915146
1.907606
1.987371
2.006438
1.885782
1.920921
2.032644
1.929838
1.859913
1.971738
2.104477
1.868966
1.933086
2.087385
2.028397
2.027222
1.879786
1.972039
1.938648
1.935335
1.965343
1.834449
2.037661
1.853272
1.870750
2.005652
1.950103
1.992172
1.899616
1.929630
1.920420
1.869350
1.869430
1.781852
2.001955
1.915667
1.954894
1.722665
1.978285
1.825828
1.927602
1.892646
1.888881
2.069508
1.945126
2.015396
1.858584
2.107652
1.923185
2.076424
2.016543
1.880422
1.927791
1.800408
1.925136
1.899032
1.918485
2.018645
2.068015
2.020485
2.017837
1.970737
1.912518
1.878200
1.997362
2.003400
1.890832
2.020454
1.744364
1.916053
1.843662
1.950032
2.024176
2.002808
1.831938
2.013893
1.895995
1.805040
1.939846
1.817537
1.910252
1.996484
2.008847
2.019343
1.814693
1.900910
1.951470
1.931446
1.971192
1.881405
1.860514
1.917919
1.936899
1.931385
1.997084
1.970677
1.972548
1.952079
1.982242
1.857635
1.986171
1.920683
1.911875
2.134716
1.901636
1.937509
1.979898
1.991509
1.868379
2.110132
2.053428
1.880879
2.012297
1.940160
1.877610
1.967417
1.994516
1.963866
2.101621
2.016183
1.901271
1.851427
1.898384
2.010095
1.908938
1.884111
1.863094
2.006365
2.019900
1.910941
1.852110
1.874892
2.028321
1.907149
2.046510
2.018444
1.855430
1.751181
1.803555
2.017240
1.900130
1.855796
2.023667
2.008095
1.974930
1.961114
1.880145
2.134510
1.934212
1.879468
1.944690
1.940056
2.039094
1.861823
1.937613
1.967382
2.035817
1.827304
1.935123
1.824283
2.043600
1.950453
1.914332
1.992475
1.970283
1.802260
1.856968
1.800842
1.966240
1.843111
1.963568
1.964701
1.992259
2.008433
1.925611
1.874054
2.099719
2.001845
1.892822
2.026258
1.958197
1.803276
1.839858
2.000040
1.957152
2.001036
2.023551
1.856456
1.921908
2.018287
2.028419
1.975722
1.879984
1.956252
1.910415
2.027412
1.972521
1.939301
1.913260
1.963312
1.942004
1.969632
1.924096
1.913589
2.077558
1.937760
1.904851
1.940750
1.742680
1.905593
1.907038
2.004598
1.987159
2.011941
2.003889
1.890996
1.988465
2.069934
1.885200
1.911792
2.047626
1.982452
1.875800
1.928999
1.966767
1.815903
1.912626
1.914987
2.094749
1.923744
1.924055
1.944785
2.014970
2.009743
1.991916
1.893462
1.911705
1.978364
2.012781
1.906788
2.127180
1.949024
1.853431
1.875283
1.999043
2.008096
1.882117
1.937274
1.962699
1.929932
1.963454
1.978002
1.940297
2.150226
1.958869
1.887057
1.957341
1.878478
1.988961
1.911233
2.010950
2.083996
1.927684
1.795404
1.930425
1.910343
2.018634
1.919657
1.967984
1.940257
2.082738
1.900414
1.997550
1.942785
2.032751
1.879728
1.934771
1.970142
2.056027
1.921406
2.020157
1.838968
2.038564
2.059527
1.799500
1.906638
2.079547
1.925648
1.891817
2.048563
1.851929
2.007520
1.807817
1.822020
1.773526
1.940689
1.976478
1.970505
1.908496
1.964674
1.876548
1.847599
1.907256
1.919653
2.016269
1.886594
2.001969
1.935814
1.973080
1.916564
1.922444
2.040006
1.870609
2.001155
1.899115
1.851505
1.907850
1.927454
1.790095
1.878031
1.937802
1.936831
1.836950
1.946659
1.903189
1.886402
1.829946
2.126904
1.955356
1.935586
1.972049
1.854883
1.946511
1.787444
1.894383
1.841131
1.862330
1.955184
1.955490
1.886121
1.921368
1.926221
1.992237
1.992330
2.009076
1.884690
1.941850
1.973717
1.976493
1.858961
2.071099
1.846160
1.788518
1.758782
1.866064
2.058207
1.881952
2.097280
2.058836
1.983090
2.004407
1.929539
1.965824
1.876446
1.892338
2.053803
1.994884
1.953256
1.929273
1.929672
1.929566
1.848907
2.008128
1.891705
1.784295
1.935874
1.970442
2.016129
1.816335
1.959707
2.014680
1.918161
1.937925
1.881811
1.903225
2.095625
2.084975
1.988042
1.987462
1.990710
2.019821
1.904087
1.914334
1.982029
1.858013
1.917992
1.861492
1.887505
1.844187
2.002604
2.002763
1.901913
1.879439
1.901917
1.949138
1.896208
1.899603
1.769878
1.860790
2.068872
1.852860
1.888188
2.032874
2.058349
1.989217
1.916079
1.918068
1.849110
1.851757
1.936910
1.863315
1.889372
1.982908
1.894786
1.958427
1.993898
1.969240
1.994350
1.984280
1.920542
1.811954
1.927060
1.928008
1.842912
1.932196
2.081970
1.957346
1.873588
2.045639
1.949577
1.857574
1.833779
1.888363
1.899631
1.806412
2.017169
1.818975
1.988717
1.962652
2.039431
1.897800
1.794881
1.974381
1.937261
1.954146
1.918802
1.836454
1.936680
1.896155
2.100547
2.064149
1.851493
1.901944
1.962728
2.008828
1.931937
2.009401
1.924260
1.920169
2.031166
2.049420
1.895263
1.870776
1.966719
2.073766
1.902285
1.927154
1.853145
1.940808
1.896817
2.015643
2.014083
1.991467
2.041029
1.776683
1.994728
1.936555
1.968670
1.894524
2.052523
2.021691
2.049398
1.930345
1.964583
1.983008
1.912444
1.968507
1.874630
1.731447
1.996693
1.861343
1.990738
1.994623
1.941821
1.780784
1.980094
1.881199
1.855401
2.116704
1.931936
1.895007
2.042194
1.957639
1.837358
1.940286
1.913079
1.775544
1.868215
1.954426
2.004676
1.985027
1.854472
2.018331
2.005188
2.060786
1.976029
1.973070
2.003180
1.923057
1.817085
1.919953
1.954563
1.921839
1.970908
1.858190
1.891643
1.806326
2.028433
1.971385
1.876366
1.888203
1.931369
2.002208
2.042921
2.078322
1.910003
2.010959
1.838726
1.947079
1.867816
2.002134
2.112638
1.860360
2.054737
1.969520
1.834494
1.948690
1.896471
2.022359
1.920682
1.922890
1.956503
1.895613
1.885158
1.867074
1.825741
1.979595
1.911111
2.024585
1.863697
1.866021
1.874181
1.876753
2.032724
2.049164
1.979088
1.964377
1.971721
1.942318
1.883694
1.869638
1.937741
2.027711
1.933243
1.977738
1.917409
1.904453
1.900990
1.927801
1.949708
1.883746
1.900954
2.053161
1.847902
1.955876
1.901611
2.062907
1.942432
1.935765
1.895786
1.879452
1.950809
1.835323
1.948438
1.928788
1.952773
2.021923
1.949390
2.001985
1.801467
1.982879
1.975513
1.879469
1.872628
1.966872
1.943748
2.033795
2.052082
1.959659
1.997264
1.943540
1.941481
1.985887
1.933521
1.939324
1.854500
2.021586
1.998131
1.941199
1.799141
1.862231
1.952971
1.879786
1.912888
1.914798
2.044262
1.965879
1.785369
2.051428
1.919773
1.932111
1.930919
1.937754
1.775618
2.012345
1.929776
1.801302
1.938649
1.929423
1.861321
1.970806
1.843369
1.907015
1.792913
2.036202
1.999478
1.856382
1.777026
1.912087
1.934974
1.967263
1.990408
1.977422
2.054178
1.914330
2.137044
2.034781
1.986885
1.982915
1.972536
1.953420
2.058134
1.960479
1.777868
1.876716
2.044369
1.954634
1.849924
1.806215
1.927663
1.963194
1.953356
1.953437
1.997762
1.945261
2.000631
1.903382
1.859234
1.935597
1.841347
1.896433
1.921243
1.935786
1.833912
1.924338
1.941638
1.915902
1.838468
1.976054
1.908224
2.056182
1.904156
1.863855
1.965103
1.802068
2.074848
1.862328
1.818088
1.914257
1.970450
1.979381
1.845394
1.891447
1.968129
1.916769
1.987916
1.917045
1.891642
1.875899
2.023588
1.942523
1.997776
1.949680
2.056525
1.986291
1.960374
1.940625
1.977228
1.896235
1.923946
1.970054
1.964290
1.952628
2.042228
1.944291
1.927131
1.916122
2.062859
1.980605
1.917069
1.812744
1.937330
1.996959
1.928786
2.011607
2.005135
2.041595
2.090724
1.932106
2.016640
1.859815
1.996561
1.890281
1.915849
1.934595
1.989510
1.919144
1.970644
1.830972
2.014583
1.996691
1.993794
1.927885
1.977163
1.913209
1.908245
1.909928
1.999126
1.948090
1.906025
1.846687
1.783581
1.960222
1.866529
1.788959
1.911321
1.825904
1.903641
2.008485
1.996207
1.907769
1.978895
1.925074
1.936933
1.947992
1.898046
1.928842
2.038342
2.028602
2.078382
2.089882
1.871555
2.029866
1.895082
1.915179
2.045021
1.881458
1.969710
2.055444
1.898709
1.955539
1.813773
1.978581
1.741994
1.801509
2.046365
1.935392
1.903206
1.740767
1.847655
2.058398
1.997147
2.005395
1.829721
2.063694
2.165882
1.923777
1.842786
1.924050
1.992091
1.859580
2.086327
1.959045
1.968399
2.011177
1.817927
1.911848
2.078557
2.058484
1.826112
1.860811
1.930116
1.998715
1.903421
1.848491
1.983111
1.934555
1.951175
1.896018
1.912304
2.091431
1.908996
1.869594
1.915536
1.856766
1.783073
1.954781
1.887829
1.826740
1.904337
2.004264
1.825821
2.016339
1.937889
1.975850
1.944370
1.877943
2.046251
1.984776
2.037218
2.112717
1.932238
2.042266
1.925904
1.856816
1.921454
1.915194
1.816767
1.921653
1.865647
1.817989
1.932162
2.008472
2.017957
1.892562
1.970984
1.993217
1.873485
2.002527
1.986870
1.977914
2.033495
1.907809
1.842277
1.762346
1.934162
1.880384
1.965895
1.873711
1.990808
1.881557
2.024409
1.955247
2.068808
2.023529
1.928500
1.980598
1.767789
1.921619
2.011096
2.000399
1.832187
1.989852
1.949753
2.034929
1.993357
1.948761
1.941631
1.852486
1.946721
1.898833
1.848411
2.045231
1.965868
1.914386
1.956897
1.953506
2.000699
1.983947
1.967668
1.780130
2.019555
1.882859
1.909227
1.928486
1.913465
1.839052
1.997338
1.867530
1.972680
1.979318
2.035368
1.746638
1.832755
2.008885
1.926402
1.830484
1.862993
1.911194
1.848615
1.987968
1.927320
2.032639
1.937776
1.863606
1.931824
2.005174
1.962774
2.020186
2.072523
1.847629
1.969932
1.945805
1.999112
2.116258
1.885468
1.828973
2.038997
1.877739
2.069269
2.019677
2.033542
2.018336
1.970857
1.907018
1.981541
1.978223
1.926589
2.088009
1.845274
2.028291
2.152040
2.104670
1.881520
2.040617
1.907238
2.032625
1.933364
1.980900
1.840284
1.897795
1.838277
2.026948
1.958291
1.817583
1.988519
2.104128
1.841489
1.810738
1.957112
1.823772
1.951173
1.824990
1.915157
1.915331
1.859208
1.892192
1.849318
1.802693
1.883600
1.948068
1.888940
1.917366
1.860749
1.955308
1.957171
1.956562
1.937533
1.985808
1.872548
1.951260
1.883107
2.022506
1.812105
1.884439
1.893776
1.895789
1.937472
1.987906
2.015576
1.967551
1.969680
1.942478
1.720914
1.868240
1.842780
1.916055
1.946554
2.014940
2.011493
1.919612
1.967810
2.057055
1.956661
1.960165
1.962427
1.893734
1.860604
2.054865
1.992752
1.876100
2.123592
1.843121
1.927904
1.892561
2.121535
1.963658
2.078093
1.869315
1.968981
1.868495
1.908517
1.858365
1.924291
1.915770
1.818682
1.866975
1.840703
1.992462
1.899628
1.983315
1.948392
2.028198
1.799114
1.776940
1.866528
1.912861
1.956751
1.938275
1.860129
2.047220
1.809203
2.029684
1.900570
2.019019
1.967223
1.838580
1.802383
1.844259
1.905254
1.900958
1.937674
1.911851
1.994556
2.038168
2.026332
1.856941
2.030334
1.830302
1.952967
1.889296
1.954920
1.812681
1.819421
1.961099
1.973565
1.978133
2.091222
1.912700
1.899105
1.758569
2.121308
1.907673
2.012602
2.013002
1.915031
2.045954
1.794329
1.705159
1.807766
1.940993
1.860193
1.951357
2.074846
2.009821
1.921086
2.046901
1.937711
1.857265
1.868177
1.998570
1.966961
1.940282
1.911080
1.853975
1.961117
1.771985
1.905509
1.856995
1.933128
1.838240
1.962928
1.746313
1.874215
2.003058
1.995852
1.850999
1.824519
1.861840
2.022422
1.878753
1.882048
1.930194
1.942019
1.971303
1.879404
1.855323
1.894609
2.004489
1.892497
1.955899
1.957838
2.052732
1.848401
1.837102
2.103644
1.909734
1.957638
1.862637
1.861037
1.947502
2.035978
1.739930
2.069449
1.964961
1.908328
1.844802
1.903821
1.904343
1.927604
1.953519
1.979289
1.987287
2.020641
1.906578
1.863336
1.973396
2.035645
1.905985
1.836360
2.051814
1.932323
1.975453
1.974683
1.896288
2.014622
1.946952
2.006127
1.939699
2.031470
1.989064
1.869281
1.874054
1.886957
2.029955
2.125748
1.952532
2.059858
1.870007
2.044342
1.919488
2.077328
1.883303
1.834360
2.047699
1.886752
2.017109
1.957488
2.079017
1.832558
1.853010
2.011856
1.920353
1.996560
1.852437
1.931185
1.914575
1.921480
1.919137
2.069384
1.881636
2.048412
1.779702
2.078118
1.749645
1.840953
1.943321
2.002278
1.844634
1.863710
1.830382
1.774980
1.916678
1.963477
2.095044
2.003226
1.969806
1.973852
2.027351
1.882398
1.840032
1.946959
1.908661
1.978327
1.929323
2.077430
1.987790
1.860801
1.987835
1.921350
1.828881
1.824357
1.909423
1.806023
2.014082
1.823076
1.910568
1.911906
1.801741
1.873216
2.027113
1.990611
1.907128
1.893636
1.822197
1.877042
1.890714
1.871442
1.937461
1.959391
2.046049
2.043182
1.824167
2.025541
1.919823
2.000915
1.891890
1.861050
1.924958
2.076688
1.883268
1.853079
1.832834
2.027948
1.978160
1.987476
1.930286
1.931441
1.886352
1.951957
1.998134
1.917536
2.016868
2.003191
1.903761
1.883058
1.893652
1.990817
1.881478
1.901030
1.935218
1.987895
2.165315
2.022146
1.927262
1.972517
1.943246
1.930888
2.006328
1.917623
1.881343
1.871001
1.847083
2.009969
1.873342
1.966497
2.053174
1.901860
2.000166
1.793183
1.879371
2.012223
1.855269
2.031338
1.982679
1.935702
1.993120
1.940986
1.993006
1.809923
1.904688
1.919072
1.969798
1.948964
1.909779
2.016936
1.800147
1.892228
2.068496
2.030185
1.913521
1.928650
1.829151
1.934440
1.873980
2.008033
1.794492
1.862669
1.996219
1.954822
2.048641
1.843468
1.813186
2.037940
1.813124
1.805960
1.945965
2.008471
2.087458
2.033495
1.997347
1.950210
1.971088
1.964325
1.894908
1.984593
1.987897
1.839721
1.992934
1.905833
1.823101
1.960888
1.895970
1.982590
1.868519
1.841876
1.798165
1.973146
1.953797
1.861341
1.894368
1.891118
1.932597
1.938510
1.908756
2.035913
2.086363
2.045111
2.072363
1.939699
1.958614
1.852449
1.912554
1.757728
2.001444
1.958368
1.927019
1.893158
1.937961
1.977631
1.901356
1.840015
1.862680
2.016242
1.905200
1.807520
1.942825
1.950923
1.866654
1.878392
1.972872
1.993321
1.847853
1.910364
1.907408
1.897108
2.017769
2.024261
2.018350
1.906615
1.918263
1.901206
1.974751
1.997452
1.875719
1.867870
1.928468
1.988812
1.812887
1.951737
1.955481
1.921332
1.980405
1.969758
1.855974
1.934784
1.958132
2.031580
1.946600
1.870706
1.957656
1.883273
1.896325
1.877953
1.913298
1.718776
1.851637
1.959731
1.967422
1.866850
1.914898
1.906023
1.929513
1.896554
1.909981
1.860477
1.877601
1.904485
2.151111
1.853244
1.972781
1.907269
2.087650
1.993141
1.889215
1.898728
1.858984
2.066269
1.933408
1.927448
2.115252
1.878668
1.809942
1.895874
1.701893
1.995878
2.088245
1.933224
1.955384
1.900000
2.046420
1.992430
1.959107
1.942160
1.874775
1.911701
1.906867
1.911059
1.926244
1.880489
1.926830
1.909602
1.995909
2.127777
1.691392
1.923277
1.913216
1.865651
2.007435
1.869077
2.018239
1.831046
1.904328
1.920251
1.932643
1.836811
1.978879
1.952763
1.964839
1.958536
1.956740
1.929992
1.952730
2.035504
1.906059
1.962729
1.948341
1.887938
2.053314
2.139157
1.986153
2.024089
1.923866
1.853571
2.032112
1.917725
1.929367
1.957211
2.006779
1.944638
1.931894
1.942071
1.952493
2.074241
1.929730
1.925685
2.104957
1.830614
1.832028
1.960027
1.927701
1.969132
1.789188
1.897333
1.860583
1.851891
1.952405
1.940424
1.816299
1.868174
1.811905
1.983260
2.017458
1.922465
2.021435
1.856816
1.913672
1.818798
1.844153
2.075387
1.906933
2.004557
1.972603
2.004839
1.990740
2.015921
1.899130
1.926249
2.008036
1.956076
1.863441
1.920589
1.899383
1.805928
1.975494
1.956185
2.020229
1.926601
1.883023
2.015530
1.903900
2.131995
1.843928
1.883942
1.900971
2.035722
1.937109
1.987928
1.894983
2.010762
1.908238
1.978900
2.016953
1.914448
1.953955
1.862057
2.022653
1.856699
1.916094
1.961929
1.892581
1.918302
1.988385
2.036957
2.118696
1.879930
1.992014
2.005496
1.739368
1.852056
1.938858
1.898465
1.836408
1.898315
1.848150
1.986300
1.988525
1.977814
2.011409
1.844235
1.930554
1.882751
1.889991
1.888114
1.962957
2.052024
2.025252
1.932035
1.902025
1.962893
1.932192
1.850577
1.823446
1.905424
1.931019
2.048310
1.854323
1.796951
1.966526
1.835579
1.919529
1.861839
1.935441
2.001212
1.888451
1.867443
1.955623
2.045924
2.003320
2.206940
1.847890
1.955649
1.858160
1.840917
1.789904
1.843324
1.690195
1.912086
1.898231
1.969353
2.020020
1.938644
1.842238
1.945773
1.912521
1.897695
1.959994
1.965298
2.107158
1.988060
2.006371
2.016713
1.860059
1.993884
1.945420
1.918179
1.925555
1.963056
1.848914
1.918386
1.808875
1.986450
1.980403
1.805100
1.985140
1.928493
1.902921
1.920470
1.918760
1.927770
1.988222
1.982062
1.980931
1.961510
1.973289
1.962263
1.953110
1.908438
1.882341
1.928717
1.888498
1.800141
1.875223
1.898449
1.794240
2.035610
1.984474
1.842088
1.889157
1.898425
1.958335
1.941854
2.088598
2.011232
1.999931
1.925194
1.889471
1.883984
1.948009
1.871180
1.825964
2.204118
1.959169
1.813522
1.807068
1.843778
2.000187
1.835063
1.968101
1.872628
1.957482
1.932694
1.947385
1.978094
1.937991
1.965507
1.895623
1.951968
2.035755
1.938768
1.919966
1.890984
1.898094
2.032014
1.928026
1.858929
1.948441
1.916020
2.022358
1.761654
1.853211
1.988574
1.985980
1.953190
1.867402
1.843390
1.996841
2.024199
1.980131
1.966805
1.872549
1.833702
1.914936
1.853625
1.940498
1.834547
1.859361
2.026645
1.861980
2.022445
1.946390
1.991689
1.891303
1.982638
1.920563
1.944112
2.003660
1.858974
1.954854
1.861031
1.789273
1.883483
1.762783
1.928348
1.873825
1.921414
1.929997
1.834051
1.993230
2.049886
1.825125
1.918736
1.927428
2.020128
2.026372
1.941038
1.877286
1.945831
1.750252
1.974959
1.977987
1.940899
1.928011
1.911785
1.838968
1.902975
1.922289
2.067603
1.977391
1.866615
1.960892
1.959350
2.008850
1.931538
1.984579
1.790690
1.917585
1.905727
1.987668
1.762659
1.909581
1.938412
1.937458
1.893118
1.980885
2.000907
2.131718
1.913820
2.146020
1.730667
1.786991
1.901957
1.995139
1.947050
1.888627
1.848310
1.771403
1.953011
2.007510
1.872187
1.926706
1.894313
1.805596
1.934263
1.923897
2.169549
1.896857
2.050027
2.039364
1.953422
1.952677
1.952467
1.976043
2.034154
1.929938
1.923150
1.930649
1.987204
1.852361
1.841192
1.922632
1.998727
1.884414
2.038770
1.984110
2.073589
1.859198
1.822390
1.903140
1.857795
1.938535
2.018372
1.886571
1.928667
1.919540
1.934084
1.821029
1.999797
1.998714
1.857377
1.944372
2.020899
1.878154
1.850707
1.905862
1.860955
1.883799
1.865749
2.060120
1.759558
1.913403
1.865651
1.797362
1.809228
1.970694
2.041580
2.025448
1.979574
1.949555
1.963516
1.788229
1.984408
1.876853
1.960470
1.928025
1.938338
1.961085
1.980901
1.908294
2.037043
1.954375
1.863494
1.927689
2.026561
2.031141
1.923750
1.853979
1.924284
2.024071
1.923650
1.854497
1.924216
1.996265
1.912591
1.927994
1.889788
1.930373
1.995799
1.876576
1.866100
1.945364
1.942649
1.960605
1.832681
1.861622
1.915321
1.910836
1.991917
1.979845
2.001878
1.843302
1.956248
1.956033
1.850470
2.029942
1.885698
1.879429
2.112009
2.064932
1.919894
1.890256
1.955099
1.963342
1.970961
1.858067
1.775525
1.982930
1.953190
1.904583
1.870523
1.942301
1.838671
1.964129
1.777157
1.971817
1.906327
1.880164
1.874105
2.031629
1.922087
2.027342
2.021836
2.011073
2.037828
1.966855
2.040233
1.924073
1.950161
1.970945
1.828801
1.852820
2.194339
1.995474
1.993481
1.984546
1.936167
1.917998
2.060711
1.862704
1.950480
2.018302
1.899117
1.863703
2.053716
1.944320
1.950550
1.927400
1.927604
1.898466
2.052393
1.900053
1.911296
2.017702
1.829640
1.932727
1.972210
1.982930
2.029765
1.842804
1.959217
1.875529
1.842513
2.116831
1.953569
1.965791
2.013959
1.948007
1.989034
1.971249
1.765275
1.953008
1.940959
1.987490
2.052918
2.017956
2.113956
2.011031
1.842859
1.897661
1.902606
1.844473
1.965617
1.936790
2.012651
1.825476
1.915285
2.063104
1.972486
1.938080
1.929842
1.846719
1.985351
1.897307
1.862435
2.055216
1.908313
1.956646
1.929064
1.825609
2.149964
2.017726
1.916200
1.864195
2.036189
1.946332
1.920114
1.955270
2.001067
2.011985
1.976170
1.884325
1.874933
1.834341
1.966754
1.952696
1.922931
1.921659
1.909390
2.070569
2.013333
2.062860
1.843441
1.949750
1.771899
2.001996
2.007228
1.796485
1.914445
1.978689
2.020927
1.923647
2.059126
1.871758
1.941570
2.005466
1.897950
1.920148
1.876780
1.917894
1.922532
1.939999
1.834044
2.048973
1.834657
1.887845
1.912802
1.861000
1.914704
2.011477
2.162687
2.010167
2.004129
1.804077
2.006820
1.833389
1.916942
2.088867
1.900562
1.947865
2.008398
1.952451
1.943366
1.925000
2.028167
1.989673
1.947033
1.837725
1.949377
1.855114
2.000484
1.856717
1.859932
2.003649
1.797036
1.935343
2.007910
1.952864
1.907100
2.076958
1.977607
1.771202
1.996711
2.049429
1.914654
2.078335
1.865083
1.814683
1.932252
1.852622
1.823262
1.931448
1.881700
1.920595
1.985685
1.933065
1.802768
1.920649
1.848917
1.920489
1.938618
1.850005
2.025616
1.924401
1.930590
1.859203
1.939638
1.873346
1.921072
1.903721
1.997137
1.989163
2.074710
2.032283
1.960198
1.895490
1.926994
1.898986
1.900135
1.982107
1.914671
1.928146
1.875179
2.133563
1.930381
1.948924
2.009074
1.960669
2.003643
1.845422
2.013077
1.982650
1.961136
1.777598
1.910491
1.928590
1.887609
1.900511
1.909920
1.883226
1.995979
1.798623
1.881748
1.823695
1.904593
1.995467
1.938069
1.991514
1.808761
1.762379
2.033339
1.968397
1.914579
1.951624
1.898005
1.813485
1.728886
1.946644
1.845066
2.017327
1.895379
1.935931
2.047320
1.923905
1.900370
1.858604
2.028108
1.993534
1.957229
1.902936
1.816415
1.930819
1.708922
2.084274
1.920254
1.966041
1.893749
1.881839
2.084932
1.966950
1.838677
1.908521
1.754644
1.935827
2.010944
1.968278
1.971614
1.904830
2.066758
1.861722
1.852593
1.963692
2.155233
2.093651
1.981504
1.885644
1.842253
1.941520
1.949491
1.908611
1.845762
1.899822
1.849753
1.931142
1.944242
1.960380
1.998422
2.004881
1.973449
1.865027
1.818973
1.997088
2.024535
1.920889
2.015528
2.063113
2.047636
1.838207
1.878314
2.003165
1.983655
1.872127
1.898198
1.910361
2.017328
1.966722
1.971312
1.859745
1.985583
1.897360
1.975388
2.005298
1.862999
1.900708
1.928059
1.909643
1.796408
1.922852
1.902040
2.003546
2.059264
1.935816
1.926855
1.981247
1.908264
1.973795
2.162939
1.965888
1.928448
2.034007
1.900929
1.969927
1.963587
1.982833
1.838013
1.888717
2.128351
1.995303
1.989658
1.860854
1.878434
1.991109
1.957264
1.909183
1.917457
1.890806
1.963189
1.884205
2.111338
1.904829
2.016674
1.835762
1.902116
1.972081
1.884139
1.824379
1.915957
1.990256
2.026658
2.014241
1.949170
1.781379
1.942960
1.927380
1.974094
2.135489
1.879529
2.002697
1.989755
1.975220
1.957649
2.084624
1.963344
1.917895
2.030559
1.907243
1.949824
1.972497
1.987109
2.010070
1.997547
1.903855
2.018350
1.874402
1.954253
1.979961
1.876537
1.745181
2.025228
1.998516
1.878247
2.004331
1.888586
1.992732
2.006170
1.916473
1.839004
1.969482
2.068608
1.826233
1.923715
1.774161
1.898754
1.974995
1.918411
1.955933
2.056845
1.883280
1.901458
1.830849
1.974378
1.879137
1.976965
1.875623
1.846013
1.991558
1.829286
1.892928
2.109230
1.928845
2.001242
1.866747
1.927790
1.957839
2.068071
1.819482
1.933371
1.836021
1.897488
1.874336
2.010618
2.102530
1.938949
1.954434
2.016846
1.911160
1.888452
1.911029
2.038966
1.847587
1.912413
1.872301
1.875829
1.958417
2.081740
1.982110
1.990282
1.871928
2.001384
1.912106
2.009421
1.994745
1.991204
1.885864
2.124412
1.905163
1.897850
2.002093
1.960930
1.906428
1.948063
1.862358
1.896691
1.935620
2.042143
1.876808
1.983727
1.957232
1.940691
2.057155
1.889382
2.077783
1.903429
1.801427
1.906132
1.878258
1.976422
2.037988
1.920676
2.027593
2.022245
1.922659
1.924891
2.013656
2.046108
1.876346
2.005912
1.844854
1.937080
1.943097
1.881980
1.953783
1.788030
2.178620
2.099262
2.007683
1.982940
1.986765
1.924345
1.958308
1.840342
1.951176
1.907418
1.913786
1.786456
1.858544
1.900128
1.941195
1.866272
1.847116
1.976870
1.863095
1.905608
2.067749
1.898596
1.979530
1.804531
2.007684
1.894523
1.975740
1.857827
1.904071
1.802803
1.811887
2.022142
2.018594
1.929751
1.867997
1.874096
1.861595
1.992255
1.878926
1.875574
1.845599
1.931914
2.042427
1.929617
2.039218
2.002826
1.758742
1.902810
1.871726
1.930427
2.076013
2.009886
1.951706
1.958887
1.826347
1.860004
1.899899
1.858394
1.933924
2.016911
1.801716
1.913017
1.891511
1.995486
1.949096
2.042755
1.844921
1.886791
1.919326
1.958959
1.953955
2.091078
1.932708
1.990909
2.112241
2.028355
2.050263
1.973146
1.880632
2.003849
2.011476
2.088096
1.892589
1.886159
1.847900
1.977202
1.948512
1.910390
1.807866
2.022352
2.114238
1.750998
1.981535
1.980448
1.917814
1.915754
1.889788
1.926798
1.938555
1.913062
1.842204
2.011694
1.838802
2.093994
1.836600
2.075586
1.918003
1.999706
1.937339
1.926706
1.851897
1.891831
1.858949
1.963409
1.871053
1.996478
1.935481
1.943069
1.952798
2.019825
2.128711
1.867849
1.829519
1.887135
2.105894
1.872927
1.949428
1.868157
1.967839
1.943681
2.118493
1.910433
1.970411
1.869517
1.961448
1.984124
2.039685
2.016802
2.022846
1.831832
2.016716
1.956314
1.860626
1.964053
1.967255
1.855649
1.938815
1.950596
1.936543
2.134739
1.930005
1.972021
1.961100
1.940035
1.910433
1.773565
2.071019
1.872187
1.908956
1.991079
2.007616
1.809413
1.880757
1.943885
1.980000
1.905663
1.949305
2.063598
2.004625
2.033868
1.899549
1.915362
1.923580
1.982509
1.991216
1.918838
1.954812
1.972051
2.069821
1.916617
1.899474
1.920915
1.902087
1.922845
1.955664
1.818966
1.858086
1.882918
2.021570
1.985389
1.885270
1.981576
1.932565
1.831336
1.813303
1.935566
2.001085
1.963216
1.887929
1.998640
1.945250
1.920537
1.915177
1.989773
1.894993
2.016085
1.834896
2.148538
2.015196
1.981678
1.947351
2.008291
1.898327
2.165776
1.854103
1.849922
1.883876
1.892039
1.904859
1.899368
1.913114
1.967282
1.874790
1.996828
1.970037
2.020644
1.897635
1.986222
2.020056
1.924833
2.090465
1.958230
1.964819
1.932026
2.090494
1.963437
1.963049
2.008188
1.801120
1.983478
1.970593
1.833921
1.881256
1.930173
1.915321
1.989258
1.906077
2.049322
1.812383
1.943207
1.888236
1.974060
1.986987
1.952155
2.008784
1.879759
1.845468
1.929756
1.934658
1.996550
2.020678
1.834221
1.876891
1.730377
1.993621
1.964755
1.885073
1.886531
1.728848
2.067137
1.849763
2.050810
1.935821
1.984935
1.866736
1.917809
1.911099
1.905398
1.888936
2.037407
1.908901
1.957166
2.058693
1.919433
1.940036
1.897349
1.862091
1.983419
1.905038
1.849773
1.844627
1.946303
2.110686
1.923899
1.981239
2.077554
1.979414
1.893371
1.798032
2.025782
2.024384
1.999908
2.096901
1.924200
1.919342
1.854220
1.979485
1.865161
1.872383
1.917663
1.929152
1.802539
1.868317
1.937246
1.920333
2.014314
1.988866
2.045017
1.772358
1.927356
1.926450
1.987780
1.855879
1.987574
1.835297
2.083370
1.880869
2.027195
2.020676
2.034995
1.981810
2.002613
1.893975
1.881730
1.977451
1.981142
1.932310
1.879296
1.883170
2.096814
1.921266
1.983292
1.965018
1.976167
2.039076
1.911345
1.986048
1.907436
1.952529
2.048593
1.931565
1.999992
1.982421
1.837485
1.986092
1.698238
1.848845
1.981987
2.041038
2.039091
1.998850
1.864378
1.884867
1.986627
1.948934
1.984932
1.946191
1.945792
1.911402
1.757191
1.939504
1.909048
1.917177
1.950687
2.059624
1.977693
1.950317
2.018150
1.973526
1.774340
1.974924
2.021794
2.009224
2.023952
1.848069
1.946807
1.896565
1.959615
1.940598
1.894400
1.802509
1.919497
2.091947
1.833147
1.993494
1.885296
2.059373
1.906380
1.910030
1.841581
1.924652
1.837452
1.956523
1.980178
1.976405
1.910463
1.810473
1.853801
1.834870
1.937222
1.897499
1.969459
1.958871
1.892555
1.986900
1.957155
1.906677
1.967226
2.002827
1.839635
1.955281
1.904770
1.960333
2.023202
1.819593
1.946167
1.948816
1.960345
1.919587
2.087537
1.900796
1.826463
2.031580
1.814443
1.969193
1.999036
1.955253
1.904977
1.924182
1.911610
2.068537
1.996031
2.038654
1.831686
2.030276
1.801195
1.795455
1.943363
1.924590
1.910591
1.949659
1.872693
1.890149
2.004135
1.904281
1.919251
1.993938
2.029348
1.908000
1.942392
2.036378
1.741202
1.946223
1.963607
1.918268
1.838729
1.955891
1.908186
1.734206
1.922626
1.977965
1.918941
1.983264
1.981955
1.841021
1.942698
1.891430
1.936747
2.023410
1.827414
1.921005
1.955151
1.859456
1.907804
1.945707
1.975720
1.877016
1.999232
1.930406
1.892438
1.853364
1.958961
1.961622
1.925526
1.959561
1.951401
1.919192
1.810432
1.915671
1.966958
1.986964
1.923781
1.918040
2.045590
2.119256
1.939695
1.938434
1.991519
1.925519
1.921310
1.918569
1.838281
2.012461
1.839981
1.895313
1.823789
1.998721
1.929383
2.030167
1.903023
1.890497
1.885283
1.666129
1.910875
1.908844
1.915790
1.783281
1.912384
1.965202
1.908943
1.936930
1.954693
1.956102
1.981836
2.017982
1.986363
2.024089
1.870755
1.818078
1.948398
2.090318
1.979189
1.916935
2.162039
1.930263
2.021130
1.977839
2.012105
1.985517
2.039907
1.912941
1.980821
1.858332
1.864666
2.067053
1.926567
1.854000
1.837661
2.078121
1.981462
1.951885
1.836686
1.912048
1.884473
1.859265
1.977460
2.080010
2.019598
1.943931
1.883214
1.967148
1.805992
1.974496
1.872953
2.065043
1.961944
2.016787
1.937664
2.014684
1.856194
1.900693
2.012042
1.931381
1.983334
2.091726
1.847136
1.918314
1.941146
1.911904
1.836244
1.944652
1.843284
1.955549
1.889399
1.953466
2.132962
1.979517
2.053978
1.999256
1.846192
1.778574
1.836270
1.919501
1.996204
1.932558
2.052010
1.907881
1.799815
2.006758
1.986685
2.039118
1.889959
1.984411
2.084122
2.110047
1.839962
1.797684
1.866585
2.125391
1.812517
1.930594
1.933072
1.971020
2.040811
1.921627
1.946766
2.025383
1.940479
2.106241
1.772794
1.808941
1.811243
2.056426
1.858505
1.881607
1.949610
1.965312
1.960839
1.880090
2.014011
2.025146
2.052162
1.903457
2.015855
2.054399
1.967642
1.936714
1.881563
1.751418
1.977568
1.850639
1.938479
2.075434
2.033899
2.097472
2.015499
1.944718
1.995895
1.935335
1.975905
2.010651
1.881122
1.925553
1.963225
1.920788
1.849256
1.906627
1.856054
1.893893
1.944025
1.997600
1.961945
1.945401
1.928858
2.019691
1.999697
1.948121
1.762529
1.945755
1.972249
1.846529
1.915249
1.962813
1.973378
1.893073
1.874169
1.956859
1.754498
1.859853
1.859587
1.821033
1.917353
1.900319
1.976727
1.962990
1.878947
2.054230
2.069047
1.831914
1.922366
1.892883
2.009046
1.930572
1.990208
2.028705
1.844630
1.938855
1.943562
1.895494
1.952917
1.920533
2.024518
1.971417
1.978908
1.959468
1.974033
1.999381
1.917250
1.788181
1.907012
2.034228
1.874348
1.996281
2.091829
1.804981
1.904862
1.898131
1.997587
1.850440
1.986959
1.959499
1.873496
1.819166
1.933420
2.005850
2.040287
1.827808
2.045440
1.994757
1.901938
1.881989
1.944895
2.015745
1.818897
1.980087
1.927236
1.732514
1.860521
1.964731
2.065315
1.917427
2.000167
1.989294
1.921037
2.103533
1.928822
1.823602
1.950203
2.015173
2.004103
1.918932
2.015317
1.904431
2.066014
1.918822
1.907122
1.940893
2.114884
2.095852
1.812756
1.789836
1.985749
2.159190
1.938900
1.833782
1.867378
2.007109
1.962509
2.028506
2.001005
1.902325
1.992646
1.977039
1.896083
1.862642
1.819357
1.986980
1.804696
1.982797
1.897335
1.719690
1.877059
2.011490
1.877385
1.991775
1.971802
1.889716
2.012357
1.771385
1.972793
1.940499
1.936778
2.105629
1.925445
1.824228
1.911697
1.988090
1.758325
1.918230
1.944192
2.061172
2.127883
2.009594
1.901854
1.880627
2.031664
1.925894
1.847845
1.902409
1.927485
1.795591
1.930096
1.914696
1.870332
1.939709
1.868102
1.726645
1.961603
2.077929
1.949699
1.904192
1.948458
1.863036
1.918520
2.016160
1.892848
1.943797
1.973314
1.823868
1.942527
1.900725
1.982896
1.990135
2.018449
2.032743
1.947170
1.822431
2.016534
2.038190
1.920265
2.064345
1.904670
1.838500
1.822647
2.015642
1.969154
1.919103
1.800803
2.014119
1.880767
1.891519
1.885139
1.920208
1.915515
1.967441
1.854232
1.918130
1.814479
1.946010
2.003092
1.927031
2.008603
1.965993
2.128532
1.920470
1.979770
2.094232
1.997987
2.183736
2.173373
1.951184
2.072341
1.980882
1.943867
1.981333
1.950210
2.101098
1.924622
2.020203
2.037600
2.111202
1.990459
1.976416
1.904617
1.910661
2.082253
2.189132
2.000170
1.965446
2.016836
1.974502
1.930297
2.091612
2.033677
1.963909
2.052939
1.960078
2.035374
1.964191
2.072335
1.873247
2.126843
2.007351
1.972423
2.061656
2.029737
1.983150
1.902615
2.140064
1.970895
1.927024
2.024113
1.921045
2.146315
2.098780
2.203840
2.089972
1.970134
1.935500
2.016218
1.998593
2.172274
1.929391
2.041411
1.802137
1.980431
1.969515
1.963806
1.959989
2.021057
1.916214
1.926490
2.077970
1.961912
2.010973
1.972671
2.072819
1.992196
1.956766
1.929579
1.934879
1.943935
1.879418
1.913629
1.959913
1.922674
2.099798
1.843891
1.983794
2.031852
1.952038
2.015432
1.861899
1.880918
2.024344
2.012342
1.962575
1.980038
1.977118
1.968945
2.067704
1.988255
2.078035
1.981843
1.949706
2.140859
1.886215
1.920291
1.993984
1.911738
2.001581
1.982808
2.009289
1.842183
1.856645
2.085919
2.009580
1.837626
2.010679
1.972800
1.888621
1.951319
2.040545
2.085426
1.976343
1.883361
1.952426
1.800483
1.843514
1.882660
1.882088
1.859145
1.970878
1.925460
1.981147
1.914563
1.982506
1.931305
1.890668
1.912367
2.012751
1.900444
1.924795
2.014264
1.834630
2.003665
2.006847
1.895200
1.862179
2.009461
1.931189
2.027893
2.004013
1.938613
1.906586
1.868528
1.902366
1.867392
2.004895
2.018350
1.975988
1.902852
1.857073
1.852208
1.855119
1.869185
1.879248
1.998966
2.037932
1.948481
1.779504
1.992748
1.911394
1.800806
1.852320
1.843811
1.977594
2.026298
1.810455
2.004834
1.987123
2.034078
2.046646
1.929858
1.919642
2.099765
1.893806
1.798977
1.931638
1.874477
2.070826
1.835233
2.067580
1.835853
1.998797
1.996929
1.980751
2.142897
1.905530
1.973066
2.033507
1.973315
2.058914
2.039847
1.900628
2.003810
1.977884
1.956068
1.941925
1.952370
1.944159
2.009018
1.944392
1.963690
2.000586
1.957121
1.969542
1.943630
1.794369
1.957900
2.054557
1.927501
1.975058
1.874470
1.904482
2.041196
2.021555
1.874707
1.964017
1.944837
2.139362
1.923608
1.996937
1.918233
1.917112
1.864359
1.860911
1.849971
1.864986
1.864027
2.001813
1.928067
1.981607
1.941879
1.870336
1.895380
1.875785
2.056304
1.803028
1.992313
1.889203
1.849854
2.039484
1.935046
2.004225
2.017441
1.792005
2.011589
1.859631
1.859697
2.031368
1.939814
1.954818
1.980673
1.950544
1.831540
1.850308
2.096518
1.847162
1.905989
1.910178
1.991773
1.953786
1.860682
1.889818
1.763823
1.951649
1.867277
1.820520
1.891372
1.905916
1.843017
2.001067
1.997782
1.959502
1.979760
1.945217
1.907548
2.056716
2.004095
1.831265
1.951694
1.936854
1.896512
1.983349
1.965768
1.922975
1.994010
1.936099
2.002046
1.901907
1.953973
2.018496
2.075952
2.033263
1.900507
1.927018
1.988491
1.944434
1.975299
1.848608
1.882193
1.870455
1.868736
1.859749
1.856470
1.924912
1.964434
2.023883
1.710779
1.967400
2.032621
1.927240
2.075151
1.931704
1.951295
1.998261
1.834525
1.914995
1.920413
2.123770
2.014006
2.016776
1.734153
1.874327
1.968913
2.066096
1.980074
1.943344
1.849483
1.956551
2.003270
1.965790
1.980952
1.894875
1.953520
1.895578
1.884222
1.999526
1.969416
1.986958
2.099980
1.865282
1.894401
1.871299
2.030825
1.985741
1.876704
2.009681
2.074279
2.039535
1.850329
1.847563
2.082539
1.915939
1.956412
1.897194
1.853546
2.058027
1.918330
1.833501
1.889942
1.872330
2.041488
1.924217
1.964573
1.878054
1.874810
1.970221
1.919849
1.990129
1.874479
1.892649
1.920679
1.915999
1.947421
1.997655
1.898824
