#! FIELDS time a
 0.000000 1.871180
 0.002000 1.825964
 0.004000 2.204118
 0.006000 1.959169
 0.008000 1.813522
 0.010000 1.807068
 0.012000 1.843778
 0.014000 2.000187
 0.016000 1.835063
 0.018000 1.968101
 0.020000 1.872628
 0.022000 1.957482
 0.024000 1.932694
 0.026000 1.947385
 0.028000 1.978094
 0.030000 1.937991
 0.032000 1.965507
 0.034000 1.895623
 0.036000 1.951968
 0.038000 2.035755
 0.040000 1.938768
 0.042000 1.919966
 0.044000 1.890984
 0.046000 1.898094
 0.048000 2.032014
 0.050000 1.928026
 0.052000 1.858929
 0.054000 1.948441
 0.056000 1.916020
 0.058000 2.022358
 0.060000 1.761654
 0.062000 1.853211
 0.064000 1.988574
 0.066000 1.985980
 0.068000 1.953190
 0.070000 1.867402
 0.072000 1.843390
 0.074000 1.996841
 0.076000 2.024199
 0.078000 1.980131
 0.080000 1.966805
 0.082000 1.872549
 0.084000 1.833702
 0.086000 1.914936
 0.088000 1.853625
 0.090000 1.940498
 0.092000 1.834547
 0.094000 1.859361
 0.096000 2.026645
 0.098000 1.861980
 0.100000 2.022445
 0.102000 1.946390
 0.104000 1.991689
 0.106000 1.891303
 0.108000 1.982638
 0.110000 1.920563
 0.112000 1.944112
 0.114000 2.003660
 0.116000 1.858974
 0.118000 1.954854
 0.120000 1.861031
 0.122000 1.789273
 0.124000 1.883483
 0.126000 1.762783
 0.128000 1.928348
 0.130000 1.873825
 0.132000 1.921414
 0.134000 1.929997
 0.136000 1.834051
 0.138000 1.993230
 0.140000 2.049886
 0.142000 1.825125
 0.144000 1.918736
 0.146000 1.927428
 0.148000 2.020128
 0.150000 2.026372
 0.152000 1.941038
 0.154000 1.877286
 0.156000 1.945831
 0.158000 1.750252
 0.160000 1.974959
 0.162000 1.977987
 0.164000 1.940899
 0.166000 1.928011
 0.168000 1.911785
 0.170000 1.838968
 0.172000 1.902975
 0.174000 1.922289
 0.176000 2.067603
 0.178000 1.977391
 0.180000 1.866615
 0.182000 1.960892
 0.184000 1.959350
 0.186000 2.008850
 0.188000 1.931538
 0.190000 1.984579
 0.192000 1.790690
 0.194000 1.917585
 0.196000 1.905727
 0.198000 1.987668
 0.200000 1.762659
 0.202000 1.909581
 0.204000 1.938412
 0.206000 1.937458
 0.208000 1.893118
 0.210000 1.980885
 0.212000 2.000907
 0.214000 2.131718
 0.216000 1.913820
 0.218000 2.146020
 0.220000 1.730667
 0.222000 1.786991
 0.224000 1.901957
 0.226000 1.995139
 0.228000 1.947050
 0.230000 1.888627
 0.232000 1.848310
 0.234000 1.771403
 0.236000 1.953011
 0.238000 2.007510
 0.240000 1.872187
 0.242000 1.926706
 0.244000 1.894313
 0.246000 1.805596
 0.248000 1.934263
 0.250000 1.923897
 0.252000 2.169549
 0.254000 1.896857
 0.256000 2.050027
 0.258000 2.039364
 0.260000 1.953422
 0.262000 1.952677
 0.264000 1.952467
 0.266000 1.976043
 0.268000 2.034154
 0.270000 1.929938
 0.272000 1.923150
 0.274000 1.930649
 0.276000 1.987204
 0.278000 1.852361
 0.280000 1.841192
 0.282000 1.922632
 0.284000 1.998727
 0.286000 1.884414
 0.288000 2.038770
 0.290000 1.984110
 0.292000 2.073589
 0.294000 1.859198
 0.296000 1.822390
 0.298000 1.903140
 0.300000 1.857795
 0.302000 1.938535
 0.304000 2.018372
 0.306000 1.886571
 0.308000 1.928667
 0.310000 1.919540
 0.312000 1.934084
 0.314000 1.821029
 0.316000 1.999797
 0.318000 1.998714
 0.320000 1.857377
 0.322000 1.944372
 0.324000 2.020899
 0.326000 1.878154
 0.328000 1.850707
 0.330000 1.905862
 0.332000 1.860955
 0.334000 1.883799
 0.336000 1.865749
 0.338000 2.060120
 0.340000 1.759558
 0.342000 1.913403
 0.344000 1.865651
 0.346000 1.797362
 0.348000 1.809228
 0.350000 1.970694
 0.352000 2.041580
 0.354000 2.025448
 0.356000 1.979574
 0.358000 1.949555
 0.360000 1.963516
 0.362000 1.788229
 0.364000 1.984408
 0.366000 1.876853
 0.368000 1.960470
 0.370000 1.928025
 0.372000 1.938338
 0.374000 1.961085
 0.376000 1.980901
 0.378000 1.908294
 0.380000 2.037043
 0.382000 1.954375
 0.384000 1.863494
 0.386000 1.927689
 0.388000 2.026561
 0.390000 2.031141
 0.392000 1.923750
 0.394000 1.853979
 0.396000 1.924284
 0.398000 2.024071
 0.400000 1.923650
 0.402000 1.854497
 0.404000 1.924216
 0.406000 1.996265
 0.408000 1.912591
 0.410000 1.927994
 0.412000 1.889788
 0.414000 1.930373
 0.416000 1.995799
 0.418000 1.876576
 0.420000 1.866100
 0.422000 1.945364
 0.424000 1.942649
 0.426000 1.960605
 0.428000 1.832681
 0.430000 1.861622
 0.432000 1.915321
 0.434000 1.910836
 0.436000 1.991917
 0.438000 1.979845
 0.440000 2.001878
 0.442000 1.843302
 0.444000 1.956248
 0.446000 1.956033
 0.448000 1.850470
 0.450000 2.029942
 0.452000 1.885698
 0.454000 1.879429
 0.456000 2.112009
 0.458000 2.064932
 0.460000 1.919894
 0.462000 1.890256
 0.464000 1.955099
 0.466000 1.963342
 0.468000 1.970961
 0.470000 1.858067
 0.472000 1.775525
 0.474000 1.982930
 0.476000 1.953190
 0.478000 1.904583
 0.480000 1.870523
 0.482000 1.942301
 0.484000 1.838671
 0.486000 1.964129
 0.488000 1.777157
 0.490000 1.971817
 0.492000 1.906327
 0.494000 1.880164
 0.496000 1.874105
 0.498000 2.031629
 0.500000 1.922087
 0.502000 2.027342
 0.504000 2.021836
 0.506000 2.011073
 0.508000 2.037828
 0.510000 1.966855
 0.512000 2.040233
 0.514000 1.924073
 0.516000 1.950161
 0.518000 1.970945
 0.520000 1.828801
 0.522000 1.852820
 0.524000 2.194339
 0.526000 1.995474
 0.528000 1.993481
 0.530000 1.984546
 0.532000 1.936167
 0.534000 1.917998
 0.536000 2.060711
 0.538000 1.862704
 0.540000 1.950480
 0.542000 2.018302
 0.544000 1.899117
 0.546000 1.863703
 0.548000 2.053716
 0.550000 1.944320
 0.552000 1.950550
 0.554000 1.927400
 0.556000 1.927604
 0.558000 1.898466
 0.560000 2.052393
 0.562000 1.900053
 0.564000 1.911296
 0.566000 2.017702
 0.568000 1.829640
 0.570000 1.932727
 0.572000 1.972210
 0.574000 1.982930
 0.576000 2.029765
 0.578000 1.842804
 0.580000 1.959217
 0.582000 1.875529
 0.584000 1.842513
 0.586000 2.116831
 0.588000 1.953569
 0.590000 1.965791
 0.592000 2.013959
 0.594000 1.948007
 0.596000 1.989034
 0.598000 1.971249
 0.600000 1.765275
 0.602000 1.953008
 0.604000 1.940959
 0.606000 1.987490
 0.608000 2.052918
 0.610000 2.017956
 0.612000 2.113956
 0.614000 2.011031
 0.616000 1.842859
 0.618000 1.897661
 0.620000 1.902606
 0.622000 1.844473
 0.624000 1.965617
 0.626000 1.936790
 0.628000 2.012651
 0.630000 1.825476
 0.632000 1.915285
 0.634000 2.063104
 0.636000 1.972486
 0.638000 1.938080
 0.640000 1.929842
 0.642000 1.846719
 0.644000 1.985351
 0.646000 1.897307
 0.648000 1.862435
 0.650000 2.055216
 0.652000 1.908313
 0.654000 1.956646
 0.656000 1.929064
 0.658000 1.825609
 0.660000 2.149964
 0.662000 2.017726
 0.664000 1.916200
 0.666000 1.864195
 0.668000 2.036189
 0.670000 1.946332
 0.672000 1.920114
 0.674000 1.955270
 0.676000 2.001067
 0.678000 2.011985
 0.680000 1.976170
 0.682000 1.884325
 0.684000 1.874933
 0.686000 1.834341
 0.688000 1.966754
 0.690000 1.952696
 0.692000 1.922931
 0.694000 1.921659
 0.696000 1.909390
 0.698000 2.070569
 0.700000 2.013333
 0.702000 2.062860
 0.704000 1.843441
 0.706000 1.949750
 0.708000 1.771899
 0.710000 2.001996
 0.712000 2.007228
 0.714000 1.796485
 0.716000 1.914445
 0.718000 1.978689
 0.720000 2.020927
 0.722000 1.923647
 0.724000 2.059126
 0.726000 1.871758
 0.728000 1.941570
 0.730000 2.005466
 0.732000 1.897950
 0.734000 1.920148
 0.736000 1.876780
 0.738000 1.917894
 0.740000 1.922532
 0.742000 1.939999
 0.744000 1.834044
 0.746000 2.048973
 0.748000 1.834657
 0.750000 1.887845
 0.752000 1.912802
 0.754000 1.861000
 0.756000 1.914704
 0.758000 2.011477
 0.760000 2.162687
 0.762000 2.010167
 0.764000 2.004129
 0.766000 1.804077
 0.768000 2.006820
 0.770000 1.833389
 0.772000 1.916942
 0.774000 2.088867
 0.776000 1.900562
 0.778000 1.947865
 0.780000 2.008398
 0.782000 1.952451
 0.784000 1.943366
 0.786000 1.925000
 0.788000 2.028167
 0.790000 1.989673
 0.792000 1.947033
 0.794000 1.837725
 0.796000 1.949377
 0.798000 1.855114
 0.800000 2.000484
 0.802000 1.856717
 0.804000 1.859932
 0.806000 2.003649
 0.808000 1.797036
 0.810000 1.935343
 0.812000 2.007910
 0.814000 1.952864
 0.816000 1.907100
 0.818000 2.076958
 0.820000 1.977607
 0.822000 1.771202
 0.824000 1.996711
 0.826000 2.049429
 0.828000 1.914654
 0.830000 2.078335
 0.832000 1.865083
 0.834000 1.814683
 0.836000 1.932252
 0.838000 1.852622
 0.840000 1.823262
 0.842000 1.931448
 0.844000 1.881700
 0.846000 1.920595
 0.848000 1.985685
 0.850000 1.933065
 0.852000 1.802768
 0.854000 1.920649
 0.856000 1.848917
 0.858000 1.920489
 0.860000 1.938618
 0.862000 1.850005
 0.864000 2.025616
 0.866000 1.924401
 0.868000 1.930590
 0.870000 1.859203
 0.872000 1.939638
 0.874000 1.873346
 0.876000 1.921072
 0.878000 1.903721
 0.880000 1.997137
 0.882000 1.989163
 0.884000 2.074710
 0.886000 2.032283
 0.888000 1.960198
 0.890000 1.895490
 0.892000 1.926994
 0.894000 1.898986
 0.896000 1.900135
 0.898000 1.982107
 0.900000 1.914671
 0.902000 1.928146
 0.904000 1.875179
 0.906000 2.133563
 0.908000 1.930381
 0.910000 1.948924
 0.912000 2.009074
 0.914000 1.960669
 0.916000 2.003643
 0.918000 1.845422
 0.920000 2.013077
 0.922000 1.982650
 0.924000 1.961136
 0.926000 1.777598
 0.928000 1.910491
 0.930000 1.928590
 0.932000 1.887609
 0.934000 1.900511
 0.936000 1.909920
 0.938000 1.883226
 0.940000 1.995979
 0.942000 1.798623
 0.944000 1.881748
 0.946000 1.823695
 0.948000 1.904593
 0.950000 1.995467
 0.952000 1.938069
 0.954000 1.991514
 0.956000 1.808761
 0.958000 1.762379
 0.960000 2.033339
 0.962000 1.968397
 0.964000 1.914579
 0.966000 1.951624
 0.968000 1.898005
 0.970000 1.813485
 0.972000 1.728886
 0.974000 1.946644
 0.976000 1.845066
 0.978000 2.017327
 0.980000 1.895379
 0.982000 1.935931
 0.984000 2.047320
 0.986000 1.923905
 0.988000 1.900370
 0.990000 1.858604
 0.992000 2.028108
 0.994000 1.993534
 0.996000 1.957229
 0.998000 1.902936
 1.000000 1.816415
 1.002000 1.930819
 1.004000 1.708922
 1.006000 2.084274
 1.008000 1.920254
 1.010000 1.966041
 1.012000 1.893749
 1.014000 1.881839
 1.016000 2.084932
 1.018000 1.966950
 1.020000 1.838677
 1.022000 1.908521
 1.024000 1.754644
 1.026000 1.935827
 1.028000 2.010944
 1.030000 1.968278
 1.032000 1.971614
 1.034000 1.904830
 1.036000 2.066758
 1.038000 1.861722
 1.040000 1.852593
 1.042000 1.963692
 1.044000 2.155233
 1.046000 2.093651
 1.048000 1.981504
 1.050000 1.885644
 1.052000 1.842253
 1.054000 1.941520
 1.056000 1.949491
 1.058000 1.908611
 1.060000 1.845762
 1.062000 1.899822
 1.064000 1.849753
 1.066000 1.931142
 1.068000 1.944242
 1.070000 1.960380
 1.072000 1.998422
 1.074000 2.004881
 1.076000 1.973449
 1.078000 1.865027
 1.080000 1.818973
 1.082000 1.997088
 1.084000 2.024535
 1.086000 1.920889
 1.088000 2.015528
 1.090000 2.063113
 1.092000 2.047636
 1.094000 1.838207
 1.096000 1.878314
 1.098000 2.003165
 1.100000 1.983655
 1.102000 1.872127
 1.104000 1.898198
 1.106000 1.910361
 1.108000 2.017328
 1.110000 1.966722
 1.112000 1.971312
 1.114000 1.859745
 1.116000 1.985583
 1.118000 1.897360
 1.120000 1.975388
 1.122000 2.005298
 1.124000 1.862999
 1.126000 1.900708
 1.128000 1.928059
 1.130000 1.909643
 1.132000 1.796408
 1.134000 1.922852
 1.136000 1.902040
 1.138000 2.003546
 1.140000 2.059264
 1.142000 1.935816
 1.144000 1.926855
 1.146000 1.981247
 1.148000 1.908264
 1.150000 1.973795
 1.152000 2.162939
 1.154000 1.965888
 1.156000 1.928448
 1.158000 2.034007
 1.160000 1.900929
 1.162000 1.969927
 1.164000 1.963587
 1.166000 1.982833
 1.168000 1.838013
 1.170000 1.888717
 1.172000 2.128351
 1.174000 1.995303
 1.176000 1.989658
 1.178000 1.860854
 1.180000 1.878434
 1.182000 1.991109
 1.184000 1.957264
 1.186000 1.909183
 1.188000 1.917457
 1.190000 1.890806
 1.192000 1.963189
 1.194000 1.884205
 1.196000 2.111338
 1.198000 1.904829
 1.200000 2.016674
 1.202000 1.835762
 1.204000 1.902116
 1.206000 1.972081
 1.208000 1.884139
 1.210000 1.824379
 1.212000 1.915957
 1.214000 1.990256
 1.216000 2.026658
 1.218000 2.014241
 1.220000 1.949170
 1.222000 1.781379
 1.224000 1.942960
 1.226000 1.927380
 1.228000 1.974094
 1.230000 2.135489
 1.232000 1.879529
 1.234000 2.002697
 1.236000 1.989755
 1.238000 1.975220
 1.240000 1.957649
 1.242000 2.084624
 1.244000 1.963344
 1.246000 1.917895
 1.248000 2.030559
 1.250000 1.907243
 1.252000 1.949824
 1.254000 1.972497
 1.256000 1.987109
 1.258000 2.010070
 1.260000 1.997547
 1.262000 1.903855
 1.264000 2.018350
 1.266000 1.874402
 1.268000 1.954253
 1.270000 1.979961
 1.272000 1.876537
 1.274000 1.745181
 1.276000 2.025228
 1.278000 1.998516
 1.280000 1.878247
 1.282000 2.004331
 1.284000 1.888586
 1.286000 1.992732
 1.288000 2.006170
 1.290000 1.916473
 1.292000 1.839004
 1.294000 1.969482
 1.296000 2.068608
 1.298000 1.826233
 1.300000 1.923715
 1.302000 1.774161
 1.304000 1.898754
 1.306000 1.974995
 1.308000 1.918411
 1.310000 1.955933
 1.312000 2.056845
 1.314000 1.883280
 1.316000 1.901458
 1.318000 1.830849
 1.320000 1.974378
 1.322000 1.879137
 1.324000 1.976965
 1.326000 1.875623
 1.328000 1.846013
 1.330000 1.991558
 1.332000 1.829286
 1.334000 1.892928
 1.336000 2.109230
 1.338000 1.928845
 1.340000 2.001242
 1.342000 1.866747
 1.344000 1.927790
 1.346000 1.957839
 1.348000 2.068071
 1.350000 1.819482
 1.352000 1.933371
 1.354000 1.836021
 1.356000 1.897488
 1.358000 1.874336
 1.360000 2.010618
 1.362000 2.102530
 1.364000 1.938949
 1.366000 1.954434
 1.368000 2.016846
 1.370000 1.911160
 1.372000 1.888452
 1.374000 1.911029
 1.376000 2.038966
 1.378000 1.847587
 1.380000 1.912413
 1.382000 1.872301
 1.384000 1.875829
 1.386000 1.958417
 1.388000 2.081740
 1.390000 1.982110
 1.392000 1.990282
 1.394000 1.871928
 1.396000 2.001384
 1.398000 1.912106
 1.400000 2.009421
 1.402000 1.994745
 1.404000 1.991204
 1.406000 1.885864
 1.408000 2.124412
 1.410000 1.905163
 1.412000 1.897850
 1.414000 2.002093
 1.416000 1.960930
 1.418000 1.906428
 1.420000 1.948063
 1.422000 1.862358
 1.424000 1.896691
 1.426000 1.935620
 1.428000 2.042143
 1.430000 1.876808
 1.432000 1.983727
 1.434000 1.957232
 1.436000 1.940691
 1.438000 2.057155
 1.440000 1.889382
 1.442000 2.077783
 1.444000 1.903429
 1.446000 1.801427
 1.448000 1.906132
 1.450000 1.878258
 1.452000 1.976422
 1.454000 2.037988
 1.456000 1.920676
 1.458000 2.027593
 1.460000 2.022245
 1.462000 1.922659
 1.464000 1.924891
 1.466000 2.013656
 1.468000 2.046108
 1.470000 1.876346
 1.472000 2.005912
 1.474000 1.844854
 1.476000 1.937080
 1.478000 1.943097
 1.480000 1.881980
 1.482000 1.953783
 1.484000 1.788030
 1.486000 2.178620
 1.488000 2.099262
 1.490000 2.007683
 1.492000 1.982940
 1.494000 1.986765
 1.496000 1.924345
 1.498000 1.958308
 1.500000 1.840342
 1.502000 1.951176
 1.504000 1.907418
 1.506000 1.913786
 1.508000 1.786456
 1.510000 1.858544
 1.512000 1.900128
 1.514000 1.941195
 1.516000 1.866272
 1.518000 1.847116
 1.520000 1.976870
 1.522000 1.863095
 1.524000 1.905608
 1.526000 2.067749
 1.528000 1.898596
 1.530000 1.979530
 1.532000 1.804531
 1.534000 2.007684
 1.536000 1.894523
 1.538000 1.975740
 1.540000 1.857827
 1.542000 1.904071
 1.544000 1.802803
 1.546000 1.811887
 1.548000 2.022142
 1.550000 2.018594
 1.552000 1.929751
 1.554000 1.867997
 1.556000 1.874096
 1.558000 1.861595
 1.560000 1.992255
 1.562000 1.878926
 1.564000 1.875574
 1.566000 1.845599
 1.568000 1.931914
 1.570000 2.042427
 1.572000 1.929617
 1.574000 2.039218
 1.576000 2.002826
 1.578000 1.758742
 1.580000 1.902810
 1.582000 1.871726
 1.584000 1.930427
 1.586000 2.076013
 1.588000 2.009886
 1.590000 1.951706
 1.592000 1.958887
 1.594000 1.826347
 1.596000 1.860004
 1.598000 1.899899
 1.600000 1.858394
 1.602000 1.933924
 1.604000 2.016911
 1.606000 1.801716
 1.608000 1.913017
 1.610000 1.891511
 1.612000 1.995486
 1.614000 1.949096
 1.616000 2.042755
 1.618000 1.844921
 1.620000 1.886791
 1.622000 1.919326
 1.624000 1.958959
 1.626000 1.953955
 1.628000 2.091078
 1.630000 1.932708
 1.632000 1.990909
 1.634000 2.112241
 1.636000 2.028355
 1.638000 2.050263
 1.640000 1.973146
 1.642000 1.880632
 1.644000 2.003849
 1.646000 2.011476
 1.648000 2.088096
 1.650000 1.892589
 1.652000 1.886159
 1.654000 1.847900
 1.656000 1.977202
 1.658000 1.948512
 1.660000 1.910390
 1.662000 1.807866
 1.664000 2.022352
 1.666000 2.114238
 1.668000 1.750998
 1.670000 1.981535
 1.672000 1.980448
 1.674000 1.917814
 1.676000 1.915754
 1.678000 1.889788
 1.680000 1.926798
 1.682000 1.938555
 1.684000 1.913062
 1.686000 1.842204
 1.688000 2.011694
 1.690000 1.838802
 1.692000 2.093994
 1.694000 1.836600
 1.696000 2.075586
 1.698000 1.918003
 1.700000 1.999706
 1.702000 1.937339
 1.704000 1.926706
 1.706000 1.851897
 1.708000 1.891831
 1.710000 1.858949
 1.712000 1.963409
 1.714000 1.871053
 1.716000 1.996478
 1.718000 1.935481
 1.720000 1.943069
 1.722000 1.952798
 1.724000 2.019825
 1.726000 2.128711
 1.728000 1.867849
 1.730000 1.829519
 1.732000 1.887135
 1.734000 2.105894
 1.736000 1.872927
 1.738000 1.949428
 1.740000 1.868157
 1.742000 1.967839
 1.744000 1.943681
 1.746000 2.118493
 1.748000 1.910433
 1.750000 1.970411
 1.752000 1.869517
 1.754000 1.961448
 1.756000 1.984124
 1.758000 2.039685
 1.760000 2.016802
 1.762000 2.022846
 1.764000 1.831832
 1.766000 2.016716
 1.768000 1.956314
 1.770000 1.860626
 1.772000 1.964053
 1.774000 1.967255
 1.776000 1.855649
 1.778000 1.938815
 1.780000 1.950596
 1.782000 1.936543
 1.784000 2.134739
 1.786000 1.930005
 1.788000 1.972021
 1.790000 1.961100
 1.792000 1.940035
 1.794000 1.910433
 1.796000 1.773565
 1.798000 2.071019
 1.800000 1.872187
 1.802000 1.908956
 1.804000 1.991079
 1.806000 2.007616
 1.808000 1.809413
 1.810000 1.880757
 1.812000 1.943885
 1.814000 1.980000
 1.816000 1.905663
 1.818000 1.949305
 1.820000 2.063598
 1.822000 2.004625
 1.824000 2.033868
 1.826000 1.899549
 1.828000 1.915362
 1.830000 1.923580
 1.832000 1.982509
 1.834000 1.991216
 1.836000 1.918838
 1.838000 1.954812
 1.840000 1.972051
 1.842000 2.069821
 1.844000 1.916617
 1.846000 1.899474
 1.848000 1.920915
 1.850000 1.902087
 1.852000 1.922845
 1.854000 1.955664
 1.856000 1.818966
 1.858000 1.858086
 1.860000 1.882918
 1.862000 2.021570
 1.864000 1.985389
 1.866000 1.885270
 1.868000 1.981576
 1.870000 1.932565
 1.872000 1.831336
 1.874000 1.813303
 1.876000 1.935566
 1.878000 2.001085
 1.880000 1.963216
 1.882000 1.887929
 1.884000 1.998640
 1.886000 1.945250
 1.888000 1.920537
 1.890000 1.915177
 1.892000 1.989773
 1.894000 1.894993
 1.896000 2.016085
 1.898000 1.834896
 1.900000 2.148538
 1.902000 2.015196
 1.904000 1.981678
 1.906000 1.947351
 1.908000 2.008291
 1.910000 1.898327
 1.912000 2.165776
 1.914000 1.854103
 1.916000 1.849922
 1.918000 1.883876
 1.920000 1.892039
 1.922000 1.904859
 1.924000 1.899368
 1.926000 1.913114
 1.928000 1.967282
 1.930000 1.874790
 1.932000 1.996828
 1.934000 1.970037
 1.936000 2.020644
 1.938000 1.897635
 1.940000 1.986222
 1.942000 2.020056
 1.944000 1.924833
 1.946000 2.090465
 1.948000 1.958230
 1.950000 1.964819
 1.952000 1.932026
 1.954000 2.090494
 1.956000 1.963437
 1.958000 1.963049
 1.960000 2.008188
 1.962000 1.801120
 1.964000 1.983478
 1.966000 1.970593
 1.968000 1.833921
 1.970000 1.881256
 1.972000 1.930173
 1.974000 1.915321
 1.976000 1.989258
 1.978000 1.906077
 1.980000 2.049322
 1.982000 1.812383
 1.984000 1.943207
 1.986000 1.888236
 1.988000 1.974060
 1.990000 1.986987
 1.992000 1.952155
 1.994000 2.008784
 1.996000 1.879759
 1.998000 1.845468
 2.000000 1.929756
 2.002000 1.934658
 2.004000 1.996550
 2.006000 2.020678
 2.008000 1.834221
 2.010000 1.876891
 2.012000 1.730377
 2.014000 1.993621
 2.016000 1.964755
 2.018000 1.885073
 2.020000 1.886531
 2.022000 1.728848
 2.024000 2.067137
 2.026000 1.849763
 2.028000 2.050810
 2.030000 1.935821
 2.032000 1.984935
 2.034000 1.866736
 2.036000 1.917809
 2.038000 1.911099
 2.040000 1.905398
 2.042000 1.888936
 2.044000 2.037407
 2.046000 1.908901
 2.048000 1.957166
 2.050000 2.058693
 2.052000 1.919433
 2.054000 1.940036
 2.056000 1.897349
 2.058000 1.862091
 2.060000 1.983419
 2.062000 1.905038
 2.064000 1.849773
 2.066000 1.844627
 2.068000 1.946303
 2.070000 2.110686
 2.072000 1.923899
 2.074000 1.981239
 2.076000 2.077554
 2.078000 1.979414
 2.080000 1.893371
 2.082000 1.798032
 2.084000 2.025782
 2.086000 2.024384
 2.088000 1.999908
 2.090000 2.096901
 2.092000 1.924200
 2.094000 1.919342
 2.096000 1.854220
 2.098000 1.979485
 2.100000 1.865161
 2.102000 1.872383
 2.104000 1.917663
 2.106000 1.929152
 2.108000 1.802539
 2.110000 1.868317
 2.112000 1.937246
 2.114000 1.920333
 2.116000 2.014314
 2.118000 1.988866
 2.120000 2.045017
 2.122000 1.772358
 2.124000 1.927356
 2.126000 1.926450
 2.128000 1.987780
 2.130000 1.855879
 2.132000 1.987574
 2.134000 1.835297
 2.136000 2.083370
 2.138000 1.880869
 2.140000 2.027195
 2.142000 2.020676
 2.144000 2.034995
 2.146000 1.981810
 2.148000 2.002613
 2.150000 1.893975
 2.152000 1.881730
 2.154000 1.977451
 2.156000 1.981142
 2.158000 1.932310
 2.160000 1.879296
 2.162000 1.883170
 2.164000 2.096814
 2.166000 1.921266
 2.168000 1.983292
 2.170000 1.965018
 2.172000 1.976167
 2.174000 2.039076
 2.176000 1.911345
 2.178000 1.986048
 2.180000 1.907436
 2.182000 1.952529
 2.184000 2.048593
 2.186000 1.931565
 2.188000 1.999992
 2.190000 1.982421
 2.192000 1.837485
 2.194000 1.986092
 2.196000 1.698238
 2.198000 1.848845
 2.200000 1.981987
 2.202000 2.041038
 2.204000 2.039091
 2.206000 1.998850
 2.208000 1.864378
 2.210000 1.884867
 2.212000 1.986627
 2.214000 1.948934
 2.216000 1.984932
 2.218000 1.946191
 2.220000 1.945792
 2.222000 1.911402
 2.224000 1.757191
 2.226000 1.939504
 2.228000 1.909048
 2.230000 1.917177
 2.232000 1.950687
 2.234000 2.059624
 2.236000 1.977693
 2.238000 1.950317
 2.240000 2.018150
 2.242000 1.973526
 2.244000 1.774340
 2.246000 1.974924
 2.248000 2.021794
 2.250000 2.009224
 2.252000 2.023952
 2.254000 1.848069
 2.256000 1.946807
 2.258000 1.896565
 2.260000 1.959615
 2.262000 1.940598
 2.264000 1.894400
 2.266000 1.802509
 2.268000 1.919497
 2.270000 2.091947
 2.272000 1.833147
 2.274000 1.993494
 2.276000 1.885296
 2.278000 2.059373
 2.280000 1.906380
 2.282000 1.910030
 2.284000 1.841581
 2.286000 1.924652
 2.288000 1.837452
 2.290000 1.956523
 2.292000 1.980178
 2.294000 1.976405
 2.296000 1.910463
 2.298000 1.810473
 2.300000 1.853801
 2.302000 1.834870
 2.304000 1.937222
 2.306000 1.897499
 2.308000 1.969459
 2.310000 1.958871
 2.312000 1.892555
 2.314000 1.986900
 2.316000 1.957155
 2.318000 1.906677
 2.320000 1.967226
 2.322000 2.002827
 2.324000 1.839635
 2.326000 1.955281
 2.328000 1.904770
 2.330000 1.960333
 2.332000 2.023202
 2.334000 1.819593
 2.336000 1.946167
 2.338000 1.948816
 2.340000 1.960345
 2.342000 1.919587
 2.344000 2.087537
 2.346000 1.900796
 2.348000 1.826463
 2.350000 2.031580
 2.352000 1.814443
 2.354000 1.969193
 2.356000 1.999036
 2.358000 1.955253
 2.360000 1.904977
 2.362000 1.924182
 2.364000 1.911610
 2.366000 2.068537
 2.368000 1.996031
 2.370000 2.038654
 2.372000 1.831686
 2.374000 2.030276
 2.376000 1.801195
 2.378000 1.795455
 2.380000 1.943363
 2.382000 1.924590
 2.384000 1.910591
 2.386000 1.949659
 2.388000 1.872693
 2.390000 1.890149
 2.392000 2.004135
 2.394000 1.904281
 2.396000 1.919251
 2.398000 1.993938
 2.400000 2.029348
 2.402000 1.908000
 2.404000 1.942392
 2.406000 2.036378
 2.408000 1.741202
 2.410000 1.946223
 2.412000 1.963607
 2.414000 1.918268
 2.416000 1.838729
 2.418000 1.955891
 2.420000 1.908186
 2.422000 1.734206
 2.424000 1.922626
 2.426000 1.977965
 2.428000 1.918941
 2.430000 1.983264
 2.432000 1.981955
 2.434000 1.841021
 2.436000 1.942698
 2.438000 1.891430
 2.440000 1.936747
 2.442000 2.023410
 2.444000 1.827414
 2.446000 1.921005
 2.448000 1.955151
 2.450000 1.859456
 2.452000 1.907804
 2.454000 1.945707
 2.456000 1.975720
 2.458000 1.877016
 2.460000 1.999232
 2.462000 1.930406
 2.464000 1.892438
 2.466000 1.853364
 2.468000 1.958961
 2.470000 1.961622
 2.472000 1.925526
 2.474000 1.959561
 2.476000 1.951401
 2.478000 1.919192
 2.480000 1.810432
 2.482000 1.915671
 2.484000 1.966958
 2.486000 1.986964
 2.488000 1.923781
 2.490000 1.918040
 2.492000 2.045590
 2.494000 2.119256
 2.496000 1.939695
 2.498000 1.938434
 2.500000 1.991519
 2.502000 1.925519
 2.504000 1.921310
 2.506000 1.918569
 2.508000 1.838281
 2.510000 2.012461
 2.512000 1.839981
 2.514000 1.895313
 2.516000 1.823789
 2.518000 1.998721
 2.520000 1.929383
 2.522000 2.030167
 2.524000 1.903023
 2.526000 1.890497
 2.528000 1.885283
 2.530000 1.666129
 2.532000 1.910875
 2.534000 1.908844
 2.536000 1.915790
 2.538000 1.783281
 2.540000 1.912384
 2.542000 1.965202
 2.544000 1.908943
 2.546000 1.936930
 2.548000 1.954693
 2.550000 1.956102
 2.552000 1.981836
 2.554000 2.017982
 2.556000 1.986363
 2.558000 2.024089
 2.560000 1.870755
 2.562000 1.818078
 2.564000 1.948398
 2.566000 2.090318
 2.568000 1.979189
 2.570000 1.916935
 2.572000 2.162039
 2.574000 1.930263
 2.576000 2.021130
 2.578000 1.977839
 2.580000 2.012105
 2.582000 1.985517
 2.584000 2.039907
 2.586000 1.912941
 2.588000 1.980821
 2.590000 1.858332
 2.592000 1.864666
 2.594000 2.067053
 2.596000 1.926567
 2.598000 1.854000
 2.600000 1.837661
 2.602000 2.078121
 2.604000 1.981462
 2.606000 1.951885
 2.608000 1.836686
 2.610000 1.912048
 2.612000 1.884473
 2.614000 1.859265
 2.616000 1.977460
 2.618000 2.080010
 2.620000 2.019598
 2.622000 1.943931
 2.624000 1.883214
 2.626000 1.967148
 2.628000 1.805992
 2.630000 1.974496
 2.632000 1.872953
 2.634000 2.065043
 2.636000 1.961944
 2.638000 2.016787
 2.640000 1.937664
 2.642000 2.014684
 2.644000 1.856194
 2.646000 1.900693
 2.648000 2.012042
 2.650000 1.931381
 2.652000 1.983334
 2.654000 2.091726
 2.656000 1.847136
 2.658000 1.918314
 2.660000 1.941146
 2.662000 1.911904
 2.664000 1.836244
 2.666000 1.944652
 2.668000 1.843284
 2.670000 1.955549
 2.672000 1.889399
 2.674000 1.953466
 2.676000 2.132962
 2.678000 1.979517
 2.680000 2.053978
 2.682000 1.999256
 2.684000 1.846192
 2.686000 1.778574
 2.688000 1.836270
 2.690000 1.919501
 2.692000 1.996204
 2.694000 1.932558
 2.696000 2.052010
 2.698000 1.907881
 2.700000 1.799815
 2.702000 2.006758
 2.704000 1.986685
 2.706000 2.039118
 2.708000 1.889959
 2.710000 1.984411
 2.712000 2.084122
 2.714000 2.110047
 2.716000 1.839962
 2.718000 1.797684
 2.720000 1.866585
 2.722000 2.125391
 2.724000 1.812517
 2.726000 1.930594
 2.728000 1.933072
 2.730000 1.971020
 2.732000 2.040811
 2.734000 1.921627
 2.736000 1.946766
 2.738000 2.025383
 2.740000 1.940479
 2.742000 2.106241
 2.744000 1.772794
 2.746000 1.808941
 2.748000 1.811243
 2.750000 2.056426
 2.752000 1.858505
 2.754000 1.881607
 2.756000 1.949610
 2.758000 1.965312
 2.760000 1.960839
 2.762000 1.880090
 2.764000 2.014011
 2.766000 2.025146
 2.768000 2.052162
 2.770000 1.903457
 2.772000 2.015855
 2.774000 2.054399
 2.776000 1.967642
 2.778000 1.936714
 2.780000 1.881563
 2.782000 1.751418
 2.784000 1.977568
 2.786000 1.850639
 2.788000 1.938479
 2.790000 2.075434
 2.792000 2.033899
 2.794000 2.097472
 2.796000 2.015499
 2.798000 1.944718
 2.800000 1.995895
 2.802000 1.935335
 2.804000 1.975905
 2.806000 2.010651
 2.808000 1.881122
 2.810000 1.925553
 2.812000 1.963225
 2.814000 1.920788
 2.816000 1.849256
 2.818000 1.906627
 2.820000 1.856054
 2.822000 1.893893
 2.824000 1.944025
 2.826000 1.997600
 2.828000 1.961945
 2.830000 1.945401
 2.832000 1.928858
 2.834000 2.019691
 2.836000 1.999697
 2.838000 1.948121
 2.840000 1.762529
 2.842000 1.945755
 2.844000 1.972249
 2.846000 1.846529
 2.848000 1.915249
 2.850000 1.962813
 2.852000 1.973378
 2.854000 1.893073
 2.856000 1.874169
 2.858000 1.956859
 2.860000 1.754498
 2.862000 1.859853
 2.864000 1.859587
 2.866000 1.821033
 2.868000 1.917353
 2.870000 1.900319
 2.872000 1.976727
 2.874000 1.962990
 2.876000 1.878947
 2.878000 2.054230
 2.880000 2.069047
 2.882000 1.831914
 2.884000 1.922366
 2.886000 1.892883
 2.888000 2.009046
 2.890000 1.930572
 2.892000 1.990208
 2.894000 2.028705
 2.896000 1.844630
 2.898000 1.938855
 2.900000 1.943562
 2.902000 1.895494
 2.904000 1.952917
 2.906000 1.920533
 2.908000 2.024518
 2.910000 1.971417
 2.912000 1.978908
 2.914000 1.959468
 2.916000 1.974033
 2.918000 1.999381
 2.920000 1.917250
 2.922000 1.788181
 2.924000 1.907012
 2.926000 2.034228
 2.928000 1.874348
 2.930000 1.996281
 2.932000 2.091829
 2.934000 1.804981
 2.936000 1.904862
 2.938000 1.898131
 2.940000 1.997587
 2.942000 1.850440
 2.944000 1.986959
 2.946000 1.959499
 2.948000 1.873496
 2.950000 1.819166
 2.952000 1.933420
 2.954000 2.005850
 2.956000 2.040287
 2.958000 1.827808
 2.960000 2.045440
 2.962000 1.994757
 2.964000 1.901938
 2.966000 1.881989
 2.968000 1.944895
 2.970000 2.015745
 2.972000 1.818897
 2.974000 1.980087
 2.976000 1.927236
 2.978000 1.732514
 2.980000 1.860521
 2.982000 1.964731
 2.984000 2.065315
 2.986000 1.917427
 2.988000 2.000167
 2.990000 1.989294
 2.992000 1.921037
 2.994000 2.103533
 2.996000 1.928822
 2.998000 1.823602
 3.000000 1.950203
 3.002000 2.015173
 3.004000 2.004103
 3.006000 1.918932
 3.008000 2.015317
 3.010000 1.904431
 3.012000 2.066014
 3.014000 1.918822
 3.016000 1.907122
 3.018000 1.940893
 3.020000 2.114884
 3.022000 2.095852
 3.024000 1.812756
 3.026000 1.789836
 3.028000 1.985749
 3.030000 2.159190
 3.032000 1.938900
 3.034000 1.833782
 3.036000 1.867378
 3.038000 2.007109
 3.040000 1.962509
 3.042000 2.028506
 3.044000 2.001005
 3.046000 1.902325
 3.048000 1.992646
 3.050000 1.977039
 3.052000 1.896083
 3.054000 1.862642
 3.056000 1.819357
 3.058000 1.986980
 3.060000 1.804696
 3.062000 1.982797
 3.064000 1.897335
 3.066000 1.719690
 3.068000 1.877059
 3.070000 2.011490
 3.072000 1.877385
 3.074000 1.991775
 3.076000 1.971802
 3.078000 1.889716
 3.080000 2.012357
 3.082000 1.771385
 3.084000 1.972793
 3.086000 1.940499
 3.088000 1.936778
 3.090000 2.105629
 3.092000 1.925445
 3.094000 1.824228
 3.096000 1.911697
 3.098000 1.988090
 3.100000 1.758325
 3.102000 1.918230
 3.104000 1.944192
 3.106000 2.061172
 3.108000 2.127883
 3.110000 2.009594
 3.112000 1.901854
 3.114000 1.880627
 3.116000 2.031664
 3.118000 1.925894
 3.120000 1.847845
 3.122000 1.902409
 3.124000 1.927485
 3.126000 1.795591
 3.128000 1.930096
 3.130000 1.914696
 3.132000 1.870332
 3.134000 1.939709
 3.136000 1.868102
 3.138000 1.726645
 3.140000 1.961603
 3.142000 2.077929
 3.144000 1.949699
 3.146000 1.904192
 3.148000 1.948458
 3.150000 1.863036
 3.152000 1.918520
 3.154000 2.016160
 3.156000 1.892848
 3.158000 1.943797
 3.160000 1.973314
 3.162000 1.823868
 3.164000 1.942527
 3.166000 1.900725
 3.168000 1.982896
 3.170000 1.990135
 3.172000 2.018449
 3.174000 2.032743
 3.176000 1.947170
 3.178000 1.822431
 3.180000 2.016534
 3.182000 2.038190
 3.184000 1.920265
 3.186000 2.064345
 3.188000 1.904670
 3.190000 1.838500
 3.192000 1.822647
 3.194000 2.015642
 3.196000 1.969154
 3.198000 1.919103
 3.200000 1.800803
 3.202000 2.014119
 3.204000 1.880767
 3.206000 1.891519
 3.208000 1.885139
 3.210000 1.920208
 3.212000 1.915515
 3.214000 1.967441
 3.216000 1.854232
 3.218000 1.918130
 3.220000 1.814479
 3.222000 1.946010
 3.224000 2.003092
 3.226000 1.927031
 3.228000 2.008603
 3.230000 1.965993
 3.232000 2.128532
 3.234000 1.920470
 3.236000 1.979770
 3.238000 2.094232
 3.240000 1.997987
 3.242000 2.183736
 3.244000 2.173373
 3.246000 1.951184
 3.248000 2.072341
 3.250000 1.980882
 3.252000 1.943867
 3.254000 1.981333
 3.256000 1.950210
 3.258000 2.101098
 3.260000 1.924622
 3.262000 2.020203
 3.264000 2.037600
 3.266000 2.111202
 3.268000 1.990459
 3.270000 1.976416
 3.272000 1.904617
 3.274000 1.910661
 3.276000 2.082253
 3.278000 2.189132
 3.280000 2.000170
 3.282000 1.965446
 3.284000 2.016836
 3.286000 1.974502
 3.288000 1.930297
 3.290000 2.091612
 3.292000 2.033677
 3.294000 1.963909
 3.296000 2.052939
 3.298000 1.960078
 3.300000 2.035374
 3.302000 1.964191
 3.304000 2.072335
 3.306000 1.873247
 3.308000 2.126843
 3.310000 2.007351
 3.312000 1.972423
 3.314000 2.061656
 3.316000 2.029737
 3.318000 1.983150
 3.320000 1.902615
 3.322000 2.140064
 3.324000 1.970895
 3.326000 1.927024
 3.328000 2.024113
 3.330000 1.921045
 3.332000 2.146315
 3.334000 2.098780
 3.336000 2.203840
 3.338000 2.089972
 3.340000 1.970134
 3.342000 1.935500
 3.344000 2.016218
 3.346000 1.998593
 3.348000 2.172274
 3.350000 1.929391
 3.352000 2.041411
 3.354000 1.802137
 3.356000 1.980431
 3.358000 1.969515
 3.360000 1.963806
 3.362000 1.959989
 3.364000 2.021057
 3.366000 1.916214
 3.368000 1.926490
 3.370000 2.077970
 3.372000 1.961912
 3.374000 2.010973
 3.376000 1.972671
 3.378000 2.072819
 3.380000 1.992196
 3.382000 1.956766
 3.384000 1.929579
 3.386000 1.934879
 3.388000 1.943935
 3.390000 1.879418
 3.392000 1.913629
 3.394000 1.959913
 3.396000 1.922674
 3.398000 2.099798
 3.400000 1.843891
 3.402000 1.983794
 3.404000 2.031852
 3.406000 1.952038
 3.408000 2.015432
 3.410000 1.861899
 3.412000 1.880918
 3.414000 2.024344
 3.416000 2.012342
 3.418000 1.962575
 3.420000 1.980038
 3.422000 1.977118
 3.424000 1.968945
 3.426000 2.067704
 3.428000 1.988255
 3.430000 2.078035
 3.432000 1.981843
 3.434000 1.949706
 3.436000 2.140859
 3.438000 1.886215
 3.440000 1.920291
 3.442000 1.993984
 3.444000 1.911738
 3.446000 2.001581
 3.448000 1.982808
 3.450000 2.009289
 3.452000 1.842183
 3.454000 1.856645
 3.456000 2.085919
 3.458000 2.009580
 3.460000 1.837626
 3.462000 2.010679
 3.464000 1.972800
 3.466000 1.888621
 3.468000 1.951319
 3.470000 2.040545
 3.472000 2.085426
 3.474000 1.976343
 3.476000 1.883361
 3.478000 1.952426
 3.480000 1.800483
 3.482000 1.843514
 3.484000 1.882660
 3.486000 1.882088
 3.488000 1.859145
 3.490000 1.970878
 3.492000 1.925460
 3.494000 1.981147
 3.496000 1.914563
 3.498000 1.982506
 3.500000 1.931305
 3.502000 1.890668
 3.504000 1.912367
 3.506000 2.012751
 3.508000 1.900444
 3.510000 1.924795
 3.512000 2.014264
 3.514000 1.834630
 3.516000 2.003665
 3.518000 2.006847
 3.520000 1.895200
 3.522000 1.862179
 3.524000 2.009461
 3.526000 1.931189
 3.528000 2.027893
 3.530000 2.004013
 3.532000 1.938613
 3.534000 1.906586
 3.536000 1.868528
 3.538000 1.902366
 3.540000 1.867392
 3.542000 2.004895
 3.544000 2.018350
 3.546000 1.975988
 3.548000 1.902852
 3.550000 1.857073
 3.552000 1.852208
 3.554000 1.855119
 3.556000 1.869185
 3.558000 1.879248
 3.560000 1.998966
 3.562000 2.037932
 3.564000 1.948481
 3.566000 1.779504
 3.568000 1.992748
 3.570000 1.911394
 3.572000 1.800806
 3.574000 1.852320
 3.576000 1.843811
 3.578000 1.977594
 3.580000 2.026298
 3.582000 1.810455
 3.584000 2.004834
 3.586000 1.987123
 3.588000 2.034078
 3.590000 2.046646
 3.592000 1.929858
 3.594000 1.919642
 3.596000 2.099765
 3.598000 1.893806
 3.600000 1.798977
 3.602000 1.931638
 3.604000 1.874477
 3.606000 2.070826
 3.608000 1.835233
 3.610000 2.067580
 3.612000 1.835853
 3.614000 1.998797
 3.616000 1.996929
 3.618000 1.980751
 3.620000 2.142897
 3.622000 1.905530
 3.624000 1.973066
 3.626000 2.033507
 3.628000 1.973315
 3.630000 2.058914
 3.632000 2.039847
 3.634000 1.900628
 3.636000 2.003810
 3.638000 1.977884
 3.640000 1.956068
 3.642000 1.941925
 3.644000 1.952370
 3.646000 1.944159
 3.648000 2.009018
 3.650000 1.944392
 3.652000 1.963690
 3.654000 2.000586
 3.656000 1.957121
 3.658000 1.969542
 3.660000 1.943630
 3.662000 1.794369
 3.664000 1.957900
 3.666000 2.054557
 3.668000 1.927501
 3.670000 1.975058
 3.672000 1.874470
 3.674000 1.904482
 3.676000 2.041196
 3.678000 2.021555
 3.680000 1.874707
 3.682000 1.964017
 3.684000 1.944837
 3.686000 2.139362
 3.688000 1.923608
 3.690000 1.996937
 3.692000 1.918233
 3.694000 1.917112
 3.696000 1.864359
 3.698000 1.860911
 3.700000 1.849971
 3.702000 1.864986
 3.704000 1.864027
 3.706000 2.001813
 3.708000 1.928067
 3.710000 1.981607
 3.712000 1.941879
 3.714000 1.870336
 3.716000 1.895380
 3.718000 1.875785
 3.720000 2.056304
 3.722000 1.803028
 3.724000 1.992313
 3.726000 1.889203
 3.728000 1.849854
 3.730000 2.039484
 3.732000 1.935046
 3.734000 2.004225
 3.736000 2.017441
 3.738000 1.792005
 3.740000 2.011589
 3.742000 1.859631
 3.744000 1.859697
 3.746000 2.031368
 3.748000 1.939814
 3.750000 1.954818
 3.752000 1.980673
 3.754000 1.950544
 3.756000 1.831540
 3.758000 1.850308
 3.760000 2.096518
 3.762000 1.847162
 3.764000 1.905989
 3.766000 1.910178
 3.768000 1.991773
 3.770000 1.953786
 3.772000 1.860682
 3.774000 1.889818
 3.776000 1.763823
 3.778000 1.951649
 3.780000 1.867277
 3.782000 1.820520
 3.784000 1.891372
 3.786000 1.905916
 3.788000 1.843017
 3.790000 2.001067
 3.792000 1.997782
 3.794000 1.959502
 3.796000 1.979760
 3.798000 1.945217
 3.800000 1.907548
 3.802000 2.056716
 3.804000 2.004095
 3.806000 1.831265
 3.808000 1.951694
 3.810000 1.936854
 3.812000 1.896512
 3.814000 1.983349
 3.816000 1.965768
 3.818000 1.922975
 3.820000 1.994010
 3.822000 1.936099
 3.824000 2.002046
 3.826000 1.901907
 3.828000 1.953973
 3.830000 2.018496
 3.832000 2.075952
 3.834000 2.033263
 3.836000 1.900507
 3.838000 1.927018
 3.840000 1.988491
 3.842000 1.944434
 3.844000 1.975299
 3.846000 1.848608
 3.848000 1.882193
 3.850000 1.870455
 3.852000 1.868736
 3.854000 1.859749
 3.856000 1.856470
 3.858000 1.924912
 3.860000 1.964434
 3.862000 2.023883
 3.864000 1.710779
 3.866000 1.967400
 3.868000 2.032621
 3.870000 1.927240
 3.872000 2.075151
 3.874000 1.931704
 3.876000 1.951295
 3.878000 1.998261
 3.880000 1.834525
 3.882000 1.914995
 3.884000 1.920413
 3.886000 2.123770
 3.888000 2.014006
 3.890000 2.016776
 3.892000 1.734153
 3.894000 1.874327
 3.896000 1.968913
 3.898000 2.066096
 3.900000 1.980074
 3.902000 1.943344
 3.904000 1.849483
 3.906000 1.956551
 3.908000 2.003270
 3.910000 1.965790
 3.912000 1.980952
 3.914000 1.894875
 3.916000 1.953520
 3.918000 1.895578
 3.920000 1.884222
 3.922000 1.999526
 3.924000 1.969416
 3.926000 1.986958
 3.928000 2.099980
 3.930000 1.865282
 3.932000 1.894401
 3.934000 1.871299
 3.936000 2.030825
 3.938000 1.985741
 3.940000 1.876704
 3.942000 2.009681
 3.944000 2.074279
 3.946000 2.039535
 3.948000 1.850329
 3.950000 1.847563
 3.952000 2.082539
 3.954000 1.915939
 3.956000 1.956412
 3.958000 1.897194
 3.960000 1.853546
 3.962000 2.058027
 3.964000 1.918330
 3.966000 1.833501
 3.968000 1.889942
 3.970000 1.872330
 3.972000 2.041488
 3.974000 1.924217
 3.976000 1.964573
 3.978000 1.878054
 3.980000 1.874810
 3.982000 1.970221
 3.984000 1.919849
 3.986000 1.990129
 3.988000 1.874479
 3.990000 1.892649
 3.992000 1.920679
 3.994000 1.915999
 3.996000 1.947421
 3.998000 1.997655
 4.000000 1.898824
