#! FIELDS time a
 0.000000 1.977032
 0.002000 1.918692
 0.004000 1.891124
 0.006000 1.916090
 0.008000 1.996671
 0.010000 1.865400
 0.012000 1.828829
 0.014000 1.949105
 0.016000 1.853951
 0.018000 1.849767
 0.020000 2.017648
 0.022000 1.886392
 0.024000 1.950497
 0.026000 1.884980
 0.028000 1.855149
 0.030000 1.944898
 0.032000 2.066178
 0.034000 2.003475
 0.036000 1.974330
 0.038000 1.934122
 0.040000 1.878328
 0.042000 1.889550
 0.044000 1.796593
 0.046000 1.879287
 0.048000 2.009879
 0.050000 1.988935
 0.052000 1.851163
 0.054000 1.953284
 0.056000 1.812421
 0.058000 1.856743
 0.060000 2.074392
 0.062000 1.834309
 0.064000 2.015611
 0.066000 1.883990
 0.068000 1.892540
 0.070000 2.106217
 0.072000 1.855714
 0.074000 1.850025
 0.076000 1.937302
 0.078000 1.997991
 0.080000 2.070076
 0.082000 1.905033
 0.084000 1.894758
 0.086000 1.946154
 0.088000 1.925566
 0.090000 1.926362
 0.092000 2.009596
 0.094000 2.035511
 0.096000 1.914014
 0.098000 1.971722
 0.100000 1.822842
 0.102000 1.934059
 0.104000 1.743698
 0.106000 1.891787
 0.108000 1.806801
 0.110000 1.910648
 0.112000 1.822445
 0.114000 1.925157
 0.116000 1.882766
 0.118000 1.829363
 0.120000 1.961702
 0.122000 1.902868
 0.124000 1.956419
 0.126000 1.906840
 0.128000 1.774299
 0.130000 1.822911
 0.132000 1.775309
 0.134000 1.895238
 0.136000 1.932656
 0.138000 1.969488
 0.140000 1.919055
 0.142000 2.030533
 0.144000 2.031809
 0.146000 1.950162
 0.148000 1.917539
 0.150000 1.815527
 0.152000 1.820648
 0.154000 1.918478
 0.156000 1.917609
 0.158000 2.008323
 0.160000 1.939151
 0.162000 2.001053
 0.164000 1.955240
 0.166000 2.036782
 0.168000 2.035484
 0.170000 1.835497
 0.172000 1.947647
 0.174000 2.071031
 0.176000 1.949784
 0.178000 1.954259
 0.180000 2.003548
 0.182000 1.969905
 0.184000 2.005295
 0.186000 1.878814
 0.188000 1.925981
 0.190000 1.889368
 0.192000 1.936354
 0.194000 2.027524
 0.196000 1.931462
 0.198000 2.011308
 0.200000 1.827165
 0.202000 1.752967
 0.204000 2.065343
 0.206000 1.933267
 0.208000 1.990152
 0.210000 1.850988
 0.212000 1.909053
 0.214000 1.797364
 0.216000 2.002595
 0.218000 2.096317
 0.220000 2.039159
 0.222000 2.047618
 0.224000 2.070149
 0.226000 1.843634
 0.228000 1.989526
 0.230000 1.972098
 0.232000 1.958405
 0.234000 2.080377
 0.236000 1.924452
 0.238000 1.921173
 0.240000 1.943009
 0.242000 2.145971
 0.244000 1.926109
 0.246000 1.870225
 0.248000 1.841858
 0.250000 1.986432
 0.252000 1.986982
 0.254000 1.952408
 0.256000 1.947508
 0.258000 2.028287
 0.260000 1.976693
 0.262000 2.080134
 0.264000 1.949889
 0.266000 1.994610
 0.268000 1.781421
 0.270000 1.797428
 0.272000 1.973267
 0.274000 1.826344
 0.276000 2.097337
 0.278000 1.959859
 0.280000 2.095589
 0.282000 1.962384
 0.284000 1.913080
 0.286000 2.061736
 0.288000 1.951959
 0.290000 1.928736
 0.292000 1.726457
 0.294000 1.999285
 0.296000 2.107792
 0.298000 1.915026
 0.300000 2.124383
 0.302000 1.790581
 0.304000 1.915877
 0.306000 1.927299
 0.308000 1.897047
 0.310000 1.960895
 0.312000 1.862754
 0.314000 1.816970
 0.316000 1.889803
 0.318000 1.925319
 0.320000 1.942670
 0.322000 1.967536
 0.324000 2.006289
 0.326000 1.895333
 0.328000 1.998248
 0.330000 2.022385
 0.332000 1.908965
 0.334000 1.985555
 0.336000 1.935199
 0.338000 1.990236
 0.340000 2.045092
 0.342000 1.849722
 0.344000 2.025325
 0.346000 1.935017
 0.348000 1.917556
 0.350000 1.942319
 0.352000 1.928497
 0.354000 1.886094
 0.356000 1.678617
 0.358000 1.931465
 0.360000 1.808478
 0.362000 1.868883
 0.364000 2.025480
 0.366000 1.894415
 0.368000 1.873175
 0.370000 1.869694
 0.372000 1.915891
 0.374000 1.916008
 0.376000 1.859929
 0.378000 1.934155
 0.380000 2.017947
 0.382000 2.108135
 0.384000 1.841625
 0.386000 2.043480
 0.388000 1.957960
 0.390000 1.937627
 0.392000 2.127630
 0.394000 1.868191
 0.396000 1.961630
 0.398000 1.997373
 0.400000 2.003239
 0.402000 2.064159
 0.404000 1.913213
 0.406000 1.927483
 0.408000 2.004607
 0.410000 1.932938
 0.412000 2.055599
 0.414000 1.889007
 0.416000 2.044388
 0.418000 2.026396
 0.420000 2.083546
 0.422000 2.045133
 0.424000 1.988995
 0.426000 1.900369
 0.428000 1.748960
 0.430000 1.965946
 0.432000 1.882008
 0.434000 1.870119
 0.436000 1.878267
 0.438000 1.859355
 0.440000 1.955139
 0.442000 1.978092
 0.444000 1.926874
 0.446000 1.992803
 0.448000 1.957045
 0.450000 1.827899
 0.452000 1.963489
 0.454000 1.990135
 0.456000 2.026158
 0.458000 1.895138
 0.460000 1.904337
 0.462000 1.824629
 0.464000 2.047617
 0.466000 1.936059
 0.468000 2.027286
 0.470000 2.022055
 0.472000 1.956673
 0.474000 1.995624
 0.476000 1.808806
 0.478000 1.957860
 0.480000 1.989220
 0.482000 2.002826
 0.484000 1.925621
 0.486000 1.885132
 0.488000 1.956629
 0.490000 1.915263
 0.492000 1.936494
 0.494000 2.031387
 0.496000 1.930386
 0.498000 1.928703
 0.500000 1.931179
 0.502000 1.925269
 0.504000 2.008411
 0.506000 2.091242
 0.508000 1.956239
 0.510000 2.061568
 0.512000 1.920662
 0.514000 1.867896
 0.516000 1.987968
 0.518000 1.856786
 0.520000 2.145188
 0.522000 1.936904
 0.524000 2.027508
 0.526000 1.897681
 0.528000 1.875844
 0.530000 1.880698
 0.532000 1.964739
 0.534000 1.852651
 0.536000 1.950250
 0.538000 2.137661
 0.540000 2.010390
 0.542000 2.043363
 0.544000 1.991863
 0.546000 2.022954
 0.548000 1.960079
 0.550000 1.912622
 0.552000 1.915418
 0.554000 1.905860
 0.556000 1.912031
 0.558000 1.842498
 0.560000 2.001555
 0.562000 1.853354
 0.564000 1.915146
 0.566000 1.907606
 0.568000 1.987371
 0.570000 2.006438
 0.572000 1.885782
 0.574000 1.920921
 0.576000 2.032644
 0.578000 1.929838
 0.580000 1.859913
 0.582000 1.971738
 0.584000 2.104477
 0.586000 1.868966
 0.588000 1.933086
 0.590000 2.087385
 0.592000 2.028397
 0.594000 2.027222
 0.596000 1.879786
 0.598000 1.972039
 0.600000 1.938648
 0.602000 1.935335
 0.604000 1.965343
 0.606000 1.834449
 0.608000 2.037661
 0.610000 1.853272
 0.612000 1.870750
 0.614000 2.005652
 0.616000 1.950103
 0.618000 1.992172
 0.620000 1.899616
 0.622000 1.929630
 0.624000 1.920420
 0.626000 1.869350
 0.628000 1.869430
 0.630000 1.781852
 0.632000 2.001955
 0.634000 1.915667
 0.636000 1.954894
 0.638000 1.722665
 0.640000 1.978285
 0.642000 1.825828
 0.644000 1.927602
 0.646000 1.892646
 0.648000 1.888881
 0.650000 2.069508
 0.652000 1.945126
 0.654000 2.015396
 0.656000 1.858584
 0.658000 2.107652
 0.660000 1.923185
 0.662000 2.076424
 0.664000 2.016543
 0.666000 1.880422
 0.668000 1.927791
 0.670000 1.800408
 0.672000 1.925136
 0.674000 1.899032
 0.676000 1.918485
 0.678000 2.018645
 0.680000 2.068015
 0.682000 2.020485
 0.684000 2.017837
 0.686000 1.970737
 0.688000 1.912518
 0.690000 1.878200
 0.692000 1.997362
 0.694000 2.003400
 0.696000 1.890832
 0.698000 2.020454
 0.700000 1.744364
 0.702000 1.916053
 0.704000 1.843662
 0.706000 1.950032
 0.708000 2.024176
 0.710000 2.002808
 0.712000 1.831938
 0.714000 2.013893
 0.716000 1.895995
 0.718000 1.805040
 0.720000 1.939846
 0.722000 1.817537
 0.724000 1.910252
 0.726000 1.996484
 0.728000 2.008847
 0.730000 2.019343
 0.732000 1.814693
 0.734000 1.900910
 0.736000 1.951470
 0.738000 1.931446
 0.740000 1.971192
 0.742000 1.881405
 0.744000 1.860514
 0.746000 1.917919
 0.748000 1.936899
 0.750000 1.931385
 0.752000 1.997084
 0.754000 1.970677
 0.756000 1.972548
 0.758000 1.952079
 0.760000 1.982242
 0.762000 1.857635
 0.764000 1.986171
 0.766000 1.920683
 0.768000 1.911875
 0.770000 2.134716
 0.772000 1.901636
 0.774000 1.937509
 0.776000 1.979898
 0.778000 1.991509
 0.780000 1.868379
 0.782000 2.110132
 0.784000 2.053428
 0.786000 1.880879
 0.788000 2.012297
 0.790000 1.940160
 0.792000 1.877610
 0.794000 1.967417
 0.796000 1.994516
 0.798000 1.963866
 0.800000 2.101621
 0.802000 2.016183
 0.804000 1.901271
 0.806000 1.851427
 0.808000 1.898384
 0.810000 2.010095
 0.812000 1.908938
 0.814000 1.884111
 0.816000 1.863094
 0.818000 2.006365
 0.820000 2.019900
 0.822000 1.910941
 0.824000 1.852110
 0.826000 1.874892
 0.828000 2.028321
 0.830000 1.907149
 0.832000 2.046510
 0.834000 2.018444
 0.836000 1.855430
 0.838000 1.751181
 0.840000 1.803555
 0.842000 2.017240
 0.844000 1.900130
 0.846000 1.855796
 0.848000 2.023667
 0.850000 2.008095
 0.852000 1.974930
 0.854000 1.961114
 0.856000 1.880145
 0.858000 2.134510
 0.860000 1.934212
 0.862000 1.879468
 0.864000 1.944690
 0.866000 1.940056
 0.868000 2.039094
 0.870000 1.861823
 0.872000 1.937613
 0.874000 1.967382
 0.876000 2.035817
 0.878000 1.827304
 0.880000 1.935123
 0.882000 1.824283
 0.884000 2.043600
 0.886000 1.950453
 0.888000 1.914332
 0.890000 1.992475
 0.892000 1.970283
 0.894000 1.802260
 0.896000 1.856968
 0.898000 1.800842
 0.900000 1.966240
 0.902000 1.843111
 0.904000 1.963568
 0.906000 1.964701
 0.908000 1.992259
 0.910000 2.008433
 0.912000 1.925611
 0.914000 1.874054
 0.916000 2.099719
 0.918000 2.001845
 0.920000 1.892822
 0.922000 2.026258
 0.924000 1.958197
 0.926000 1.803276
 0.928000 1.839858
 0.930000 2.000040
 0.932000 1.957152
 0.934000 2.001036
 0.936000 2.023551
 0.938000 1.856456
 0.940000 1.921908
 0.942000 2.018287
 0.944000 2.028419
 0.946000 1.975722
 0.948000 1.879984
 0.950000 1.956252
 0.952000 1.910415
 0.954000 2.027412
 0.956000 1.972521
 0.958000 1.939301
 0.960000 1.913260
 0.962000 1.963312
 0.964000 1.942004
 0.966000 1.969632
 0.968000 1.924096
 0.970000 1.913589
 0.972000 2.077558
 0.974000 1.937760
 0.976000 1.904851
 0.978000 1.940750
 0.980000 1.742680
 0.982000 1.905593
 0.984000 1.907038
 0.986000 2.004598
 0.988000 1.987159
 0.990000 2.011941
 0.992000 2.003889
 0.994000 1.890996
 0.996000 1.988465
 0.998000 2.069934
 1.000000 1.885200
 1.002000 1.911792
 1.004000 2.047626
 1.006000 1.982452
 1.008000 1.875800
 1.010000 1.928999
 1.012000 1.966767
 1.014000 1.815903
 1.016000 1.912626
 1.018000 1.914987
 1.020000 2.094749
 1.022000 1.923744
 1.024000 1.924055
 1.026000 1.944785
 1.028000 2.014970
 1.030000 2.009743
 1.032000 1.991916
 1.034000 1.893462
 1.036000 1.911705
 1.038000 1.978364
 1.040000 2.012781
 1.042000 1.906788
 1.044000 2.127180
 1.046000 1.949024
 1.048000 1.853431
 1.050000 1.875283
 1.052000 1.999043
 1.054000 2.008096
 1.056000 1.882117
 1.058000 1.937274
 1.060000 1.962699
 1.062000 1.929932
 1.064000 1.963454
 1.066000 1.978002
 1.068000 1.940297
 1.070000 2.150226
 1.072000 1.958869
 1.074000 1.887057
 1.076000 1.957341
 1.078000 1.878478
 1.080000 1.988961
 1.082000 1.911233
 1.084000 2.010950
 1.086000 2.083996
 1.088000 1.927684
 1.090000 1.795404
 1.092000 1.930425
 1.094000 1.910343
 1.096000 2.018634
 1.098000 1.919657
 1.100000 1.967984
 1.102000 1.940257
 1.104000 2.082738
 1.106000 1.900414
 1.108000 1.997550
 1.110000 1.942785
 1.112000 2.032751
 1.114000 1.879728
 1.116000 1.934771
 1.118000 1.970142
 1.120000 2.056027
 1.122000 1.921406
 1.124000 2.020157
 1.126000 1.838968
 1.128000 2.038564
 1.130000 2.059527
 1.132000 1.799500
 1.134000 1.906638
 1.136000 2.079547
 1.138000 1.925648
 1.140000 1.891817
 1.142000 2.048563
 1.144000 1.851929
 1.146000 2.007520
 1.148000 1.807817
 1.150000 1.822020
 1.152000 1.773526
 1.154000 1.940689
 1.156000 1.976478
 1.158000 1.970505
 1.160000 1.908496
 1.162000 1.964674
 1.164000 1.876548
 1.166000 1.847599
 1.168000 1.907256
 1.170000 1.919653
 1.172000 2.016269
 1.174000 1.886594
 1.176000 2.001969
 1.178000 1.935814
 1.180000 1.973080
 1.182000 1.916564
 1.184000 1.922444
 1.186000 2.040006
 1.188000 1.870609
 1.190000 2.001155
 1.192000 1.899115
 1.194000 1.851505
 1.196000 1.907850
 1.198000 1.927454
 1.200000 1.790095
 1.202000 1.878031
 1.204000 1.937802
 1.206000 1.936831
 1.208000 1.836950
 1.210000 1.946659
 1.212000 1.903189
 1.214000 1.886402
 1.216000 1.829946
 1.218000 2.126904
 1.220000 1.955356
 1.222000 1.935586
 1.224000 1.972049
 1.226000 1.854883
 1.228000 1.946511
 1.230000 1.787444
 1.232000 1.894383
 1.234000 1.841131
 1.236000 1.862330
 1.238000 1.955184
 1.240000 1.955490
 1.242000 1.886121
 1.244000 1.921368
 1.246000 1.926221
 1.248000 1.992237
 1.250000 1.992330
 1.252000 2.009076
 1.254000 1.884690
 1.256000 1.941850
 1.258000 1.973717
 1.260000 1.976493
 1.262000 1.858961
 1.264000 2.071099
 1.266000 1.846160
 1.268000 1.788518
 1.270000 1.758782
 1.272000 1.866064
 1.274000 2.058207
 1.276000 1.881952
 1.278000 2.097280
 1.280000 2.058836
 1.282000 1.983090
 1.284000 2.004407
 1.286000 1.929539
 1.288000 1.965824
 1.290000 1.876446
 1.292000 1.892338
 1.294000 2.053803
 1.296000 1.994884
 1.298000 1.953256
 1.300000 1.929273
 1.302000 1.929672
 1.304000 1.929566
 1.306000 1.848907
 1.308000 2.008128
 1.310000 1.891705
 1.312000 1.784295
 1.314000 1.935874
 1.316000 1.970442
 1.318000 2.016129
 1.320000 1.816335
 1.322000 1.959707
 1.324000 2.014680
 1.326000 1.918161
 1.328000 1.937925
 1.330000 1.881811
 1.332000 1.903225
 1.334000 2.095625
 1.336000 2.084975
 1.338000 1.988042
 1.340000 1.987462
 1.342000 1.990710
 1.344000 2.019821
 1.346000 1.904087
 1.348000 1.914334
 1.350000 1.982029
 1.352000 1.858013
 1.354000 1.917992
 1.356000 1.861492
 1.358000 1.887505
 1.360000 1.844187
 1.362000 2.002604
 1.364000 2.002763
 1.366000 1.901913
 1.368000 1.879439
 1.370000 1.901917
 1.372000 1.949138
 1.374000 1.896208
 1.376000 1.899603
 1.378000 1.769878
 1.380000 1.860790
 1.382000 2.068872
 1.384000 1.852860
 1.386000 1.888188
 1.388000 2.032874
 1.390000 2.058349
 1.392000 1.989217
 1.394000 1.916079
 1.396000 1.918068
 1.398000 1.849110
 1.400000 1.851757
 1.402000 1.936910
 1.404000 1.863315
 1.406000 1.889372
 1.408000 1.982908
 1.410000 1.894786
 1.412000 1.958427
 1.414000 1.993898
 1.416000 1.969240
 1.418000 1.994350
 1.420000 1.984280
 1.422000 1.920542
 1.424000 1.811954
 1.426000 1.927060
 1.428000 1.928008
 1.430000 1.842912
 1.432000 1.932196
 1.434000 2.081970
 1.436000 1.957346
 1.438000 1.873588
 1.440000 2.045639
 1.442000 1.949577
 1.444000 1.857574
 1.446000 1.833779
 1.448000 1.888363
 1.450000 1.899631
 1.452000 1.806412
 1.454000 2.017169
 1.456000 1.818975
 1.458000 1.988717
 1.460000 1.962652
 1.462000 2.039431
 1.464000 1.897800
 1.466000 1.794881
 1.468000 1.974381
 1.470000 1.937261
 1.472000 1.954146
 1.474000 1.918802
 1.476000 1.836454
 1.478000 1.936680
 1.480000 1.896155
 1.482000 2.100547
 1.484000 2.064149
 1.486000 1.851493
 1.488000 1.901944
 1.490000 1.962728
 1.492000 2.008828
 1.494000 1.931937
 1.496000 2.009401
 1.498000 1.924260
 1.500000 1.920169
 1.502000 2.031166
 1.504000 2.049420
 1.506000 1.895263
 1.508000 1.870776
 1.510000 1.966719
 1.512000 2.073766
 1.514000 1.902285
 1.516000 1.927154
 1.518000 1.853145
 1.520000 1.940808
 1.522000 1.896817
 1.524000 2.015643
 1.526000 2.014083
 1.528000 1.991467
 1.530000 2.041029
 1.532000 1.776683
 1.534000 1.994728
 1.536000 1.936555
 1.538000 1.968670
 1.540000 1.894524
 1.542000 2.052523
 1.544000 2.021691
 1.546000 2.049398
 1.548000 1.930345
 1.550000 1.964583
 1.552000 1.983008
 1.554000 1.912444
 1.556000 1.968507
 1.558000 1.874630
 1.560000 1.731447
 1.562000 1.996693
 1.564000 1.861343
 1.566000 1.990738
 1.568000 1.994623
 1.570000 1.941821
 1.572000 1.780784
 1.574000 1.980094
 1.576000 1.881199
 1.578000 1.855401
 1.580000 2.116704
 1.582000 1.931936
 1.584000 1.895007
 1.586000 2.042194
 1.588000 1.957639
 1.590000 1.837358
 1.592000 1.940286
 1.594000 1.913079
 1.596000 1.775544
 1.598000 1.868215
 1.600000 1.954426
 1.602000 2.004676
 1.604000 1.985027
 1.606000 1.854472
 1.608000 2.018331
 1.610000 2.005188
 1.612000 2.060786
 1.614000 1.976029
 1.616000 1.973070
 1.618000 2.003180
 1.620000 1.923057
 1.622000 1.817085
 1.624000 1.919953
 1.626000 1.954563
 1.628000 1.921839
 1.630000 1.970908
 1.632000 1.858190
 1.634000 1.891643
 1.636000 1.806326
 1.638000 2.028433
 1.640000 1.971385
 1.642000 1.876366
 1.644000 1.888203
 1.646000 1.931369
 1.648000 2.002208
 1.650000 2.042921
 1.652000 2.078322
 1.654000 1.910003
 1.656000 2.010959
 1.658000 1.838726
 1.660000 1.947079
 1.662000 1.867816
 1.664000 2.002134
 1.666000 2.112638
 1.668000 1.860360
 1.670000 2.054737
 1.672000 1.969520
 1.674000 1.834494
 1.676000 1.948690
 1.678000 1.896471
 1.680000 2.022359
 1.682000 1.920682
 1.684000 1.922890
 1.686000 1.956503
 1.688000 1.895613
 1.690000 1.885158
 1.692000 1.867074
 1.694000 1.825741
 1.696000 1.979595
 1.698000 1.911111
 1.700000 2.024585
 1.702000 1.863697
 1.704000 1.866021
 1.706000 1.874181
 1.708000 1.876753
 1.710000 2.032724
 1.712000 2.049164
 1.714000 1.979088
 1.716000 1.964377
 1.718000 1.971721
 1.720000 1.942318
 1.722000 1.883694
 1.724000 1.869638
 1.726000 1.937741
 1.728000 2.027711
 1.730000 1.933243
 1.732000 1.977738
 1.734000 1.917409
 1.736000 1.904453
 1.738000 1.900990
 1.740000 1.927801
 1.742000 1.949708
 1.744000 1.883746
 1.746000 1.900954
 1.748000 2.053161
 1.750000 1.847902
 1.752000 1.955876
 1.754000 1.901611
 1.756000 2.062907
 1.758000 1.942432
 1.760000 1.935765
 1.762000 1.895786
 1.764000 1.879452
 1.766000 1.950809
 1.768000 1.835323
 1.770000 1.948438
 1.772000 1.928788
 1.774000 1.952773
 1.776000 2.021923
 1.778000 1.949390
 1.780000 2.001985
 1.782000 1.801467
 1.784000 1.982879
 1.786000 1.975513
 1.788000 1.879469
 1.790000 1.872628
 1.792000 1.966872
 1.794000 1.943748
 1.796000 2.033795
 1.798000 2.052082
 1.800000 1.959659
 1.802000 1.997264
 1.804000 1.943540
 1.806000 1.941481
 1.808000 1.985887
 1.810000 1.933521
 1.812000 1.939324
 1.814000 1.854500
 1.816000 2.021586
 1.818000 1.998131
 1.820000 1.941199
 1.822000 1.799141
 1.824000 1.862231
 1.826000 1.952971
 1.828000 1.879786
 1.830000 1.912888
 1.832000 1.914798
 1.834000 2.044262
 1.836000 1.965879
 1.838000 1.785369
 1.840000 2.051428
 1.842000 1.919773
 1.844000 1.932111
 1.846000 1.930919
 1.848000 1.937754
 1.850000 1.775618
 1.852000 2.012345
 1.854000 1.929776
 1.856000 1.801302
 1.858000 1.938649
 1.860000 1.929423
 1.862000 1.861321
 1.864000 1.970806
 1.866000 1.843369
 1.868000 1.907015
 1.870000 1.792913
 1.872000 2.036202
 1.874000 1.999478
 1.876000 1.856382
 1.878000 1.777026
 1.880000 1.912087
 1.882000 1.934974
 1.884000 1.967263
 1.886000 1.990408
 1.888000 1.977422
 1.890000 2.054178
 1.892000 1.914330
 1.894000 2.137044
 1.896000 2.034781
 1.898000 1.986885
 1.900000 1.982915
 1.902000 1.972536
 1.904000 1.953420
 1.906000 2.058134
 1.908000 1.960479
 1.910000 1.777868
 1.912000 1.876716
 1.914000 2.044369
 1.916000 1.954634
 1.918000 1.849924
 1.920000 1.806215
 1.922000 1.927663
 1.924000 1.963194
 1.926000 1.953356
 1.928000 1.953437
 1.930000 1.997762
 1.932000 1.945261
 1.934000 2.000631
 1.936000 1.903382
 1.938000 1.859234
 1.940000 1.935597
 1.942000 1.841347
 1.944000 1.896433
 1.946000 1.921243
 1.948000 1.935786
 1.950000 1.833912
 1.952000 1.924338
 1.954000 1.941638
 1.956000 1.915902
 1.958000 1.838468
 1.960000 1.976054
 1.962000 1.908224
 1.964000 2.056182
 1.966000 1.904156
 1.968000 1.863855
 1.970000 1.965103
 1.972000 1.802068
 1.974000 2.074848
 1.976000 1.862328
 1.978000 1.818088
 1.980000 1.914257
 1.982000 1.970450
 1.984000 1.979381
 1.986000 1.845394
 1.988000 1.891447
 1.990000 1.968129
 1.992000 1.916769
 1.994000 1.987916
 1.996000 1.917045
 1.998000 1.891642
 2.000000 1.875899
 2.002000 2.023588
 2.004000 1.942523
 2.006000 1.997776
 2.008000 1.949680
 2.010000 2.056525
 2.012000 1.986291
 2.014000 1.960374
 2.016000 1.940625
 2.018000 1.977228
 2.020000 1.896235
 2.022000 1.923946
 2.024000 1.970054
 2.026000 1.964290
 2.028000 1.952628
 2.030000 2.042228
 2.032000 1.944291
 2.034000 1.927131
 2.036000 1.916122
 2.038000 2.062859
 2.040000 1.980605
 2.042000 1.917069
 2.044000 1.812744
 2.046000 1.937330
 2.048000 1.996959
 2.050000 1.928786
 2.052000 2.011607
 2.054000 2.005135
 2.056000 2.041595
 2.058000 2.090724
 2.060000 1.932106
 2.062000 2.016640
 2.064000 1.859815
 2.066000 1.996561
 2.068000 1.890281
 2.070000 1.915849
 2.072000 1.934595
 2.074000 1.989510
 2.076000 1.919144
 2.078000 1.970644
 2.080000 1.830972
 2.082000 2.014583
 2.084000 1.996691
 2.086000 1.993794
 2.088000 1.927885
 2.090000 1.977163
 2.092000 1.913209
 2.094000 1.908245
 2.096000 1.909928
 2.098000 1.999126
 2.100000 1.948090
 2.102000 1.906025
 2.104000 1.846687
 2.106000 1.783581
 2.108000 1.960222
 2.110000 1.866529
 2.112000 1.788959
 2.114000 1.911321
 2.116000 1.825904
 2.118000 1.903641
 2.120000 2.008485
 2.122000 1.996207
 2.124000 1.907769
 2.126000 1.978895
 2.128000 1.925074
 2.130000 1.936933
 2.132000 1.947992
 2.134000 1.898046
 2.136000 1.928842
 2.138000 2.038342
 2.140000 2.028602
 2.142000 2.078382
 2.144000 2.089882
 2.146000 1.871555
 2.148000 2.029866
 2.150000 1.895082
 2.152000 1.915179
 2.154000 2.045021
 2.156000 1.881458
 2.158000 1.969710
 2.160000 2.055444
 2.162000 1.898709
 2.164000 1.955539
 2.166000 1.813773
 2.168000 1.978581
 2.170000 1.741994
 2.172000 1.801509
 2.174000 2.046365
 2.176000 1.935392
 2.178000 1.903206
 2.180000 1.740767
 2.182000 1.847655
 2.184000 2.058398
 2.186000 1.997147
 2.188000 2.005395
 2.190000 1.829721
 2.192000 2.063694
 2.194000 2.165882
 2.196000 1.923777
 2.198000 1.842786
 2.200000 1.924050
 2.202000 1.992091
 2.204000 1.859580
 2.206000 2.086327
 2.208000 1.959045
 2.210000 1.968399
 2.212000 2.011177
 2.214000 1.817927
 2.216000 1.911848
 2.218000 2.078557
 2.220000 2.058484
 2.222000 1.826112
 2.224000 1.860811
 2.226000 1.930116
 2.228000 1.998715
 2.230000 1.903421
 2.232000 1.848491
 2.234000 1.983111
 2.236000 1.934555
 2.238000 1.951175
 2.240000 1.896018
 2.242000 1.912304
 2.244000 2.091431
 2.246000 1.908996
 2.248000 1.869594
 2.250000 1.915536
 2.252000 1.856766
 2.254000 1.783073
 2.256000 1.954781
 2.258000 1.887829
 2.260000 1.826740
 2.262000 1.904337
 2.264000 2.004264
 2.266000 1.825821
 2.268000 2.016339
 2.270000 1.937889
 2.272000 1.975850
 2.274000 1.944370
 2.276000 1.877943
 2.278000 2.046251
 2.280000 1.984776
 2.282000 2.037218
 2.284000 2.112717
 2.286000 1.932238
 2.288000 2.042266
 2.290000 1.925904
 2.292000 1.856816
 2.294000 1.921454
 2.296000 1.915194
 2.298000 1.816767
 2.300000 1.921653
 2.302000 1.865647
 2.304000 1.817989
 2.306000 1.932162
 2.308000 2.008472
 2.310000 2.017957
 2.312000 1.892562
 2.314000 1.970984
 2.316000 1.993217
 2.318000 1.873485
 2.320000 2.002527
 2.322000 1.986870
 2.324000 1.977914
 2.326000 2.033495
 2.328000 1.907809
 2.330000 1.842277
 2.332000 1.762346
 2.334000 1.934162
 2.336000 1.880384
 2.338000 1.965895
 2.340000 1.873711
 2.342000 1.990808
 2.344000 1.881557
 2.346000 2.024409
 2.348000 1.955247
 2.350000 2.068808
 2.352000 2.023529
 2.354000 1.928500
 2.356000 1.980598
 2.358000 1.767789
 2.360000 1.921619
 2.362000 2.011096
 2.364000 2.000399
 2.366000 1.832187
 2.368000 1.989852
 2.370000 1.949753
 2.372000 2.034929
 2.374000 1.993357
 2.376000 1.948761
 2.378000 1.941631
 2.380000 1.852486
 2.382000 1.946721
 2.384000 1.898833
 2.386000 1.848411
 2.388000 2.045231
 2.390000 1.965868
 2.392000 1.914386
 2.394000 1.956897
 2.396000 1.953506
 2.398000 2.000699
 2.400000 1.983947
 2.402000 1.967668
 2.404000 1.780130
 2.406000 2.019555
 2.408000 1.882859
 2.410000 1.909227
 2.412000 1.928486
 2.414000 1.913465
 2.416000 1.839052
 2.418000 1.997338
 2.420000 1.867530
 2.422000 1.972680
 2.424000 1.979318
 2.426000 2.035368
 2.428000 1.746638
 2.430000 1.832755
 2.432000 2.008885
 2.434000 1.926402
 2.436000 1.830484
 2.438000 1.862993
 2.440000 1.911194
 2.442000 1.848615
 2.444000 1.987968
 2.446000 1.927320
 2.448000 2.032639
 2.450000 1.937776
 2.452000 1.863606
 2.454000 1.931824
 2.456000 2.005174
 2.458000 1.962774
 2.460000 2.020186
 2.462000 2.072523
 2.464000 1.847629
 2.466000 1.969932
 2.468000 1.945805
 2.470000 1.999112
 2.472000 2.116258
 2.474000 1.885468
 2.476000 1.828973
 2.478000 2.038997
 2.480000 1.877739
 2.482000 2.069269
 2.484000 2.019677
 2.486000 2.033542
 2.488000 2.018336
 2.490000 1.970857
 2.492000 1.907018
 2.494000 1.981541
 2.496000 1.978223
 2.498000 1.926589
 2.500000 2.088009
 2.502000 1.845274
 2.504000 2.028291
 2.506000 2.152040
 2.508000 2.104670
 2.510000 1.881520
 2.512000 2.040617
 2.514000 1.907238
 2.516000 2.032625
 2.518000 1.933364
 2.520000 1.980900
 2.522000 1.840284
 2.524000 1.897795
 2.526000 1.838277
 2.528000 2.026948
 2.530000 1.958291
 2.532000 1.817583
 2.534000 1.988519
 2.536000 2.104128
 2.538000 1.841489
 2.540000 1.810738
 2.542000 1.957112
 2.544000 1.823772
 2.546000 1.951173
 2.548000 1.824990
 2.550000 1.915157
 2.552000 1.915331
 2.554000 1.859208
 2.556000 1.892192
 2.558000 1.849318
 2.560000 1.802693
 2.562000 1.883600
 2.564000 1.948068
 2.566000 1.888940
 2.568000 1.917366
 2.570000 1.860749
 2.572000 1.955308
 2.574000 1.957171
 2.576000 1.956562
 2.578000 1.937533
 2.580000 1.985808
 2.582000 1.872548
 2.584000 1.951260
 2.586000 1.883107
 2.588000 2.022506
 2.590000 1.812105
 2.592000 1.884439
 2.594000 1.893776
 2.596000 1.895789
 2.598000 1.937472
 2.600000 1.987906
 2.602000 2.015576
 2.604000 1.967551
 2.606000 1.969680
 2.608000 1.942478
 2.610000 1.720914
 2.612000 1.868240
 2.614000 1.842780
 2.616000 1.916055
 2.618000 1.946554
 2.620000 2.014940
 2.622000 2.011493
 2.624000 1.919612
 2.626000 1.967810
 2.628000 2.057055
 2.630000 1.956661
 2.632000 1.960165
 2.634000 1.962427
 2.636000 1.893734
 2.638000 1.860604
 2.640000 2.054865
 2.642000 1.992752
 2.644000 1.876100
 2.646000 2.123592
 2.648000 1.843121
 2.650000 1.927904
 2.652000 1.892561
 2.654000 2.121535
 2.656000 1.963658
 2.658000 2.078093
 2.660000 1.869315
 2.662000 1.968981
 2.664000 1.868495
 2.666000 1.908517
 2.668000 1.858365
 2.670000 1.924291
 2.672000 1.915770
 2.674000 1.818682
 2.676000 1.866975
 2.678000 1.840703
 2.680000 1.992462
 2.682000 1.899628
 2.684000 1.983315
 2.686000 1.948392
 2.688000 2.028198
 2.690000 1.799114
 2.692000 1.776940
 2.694000 1.866528
 2.696000 1.912861
 2.698000 1.956751
 2.700000 1.938275
 2.702000 1.860129
 2.704000 2.047220
 2.706000 1.809203
 2.708000 2.029684
 2.710000 1.900570
 2.712000 2.019019
 2.714000 1.967223
 2.716000 1.838580
 2.718000 1.802383
 2.720000 1.844259
 2.722000 1.905254
 2.724000 1.900958
 2.726000 1.937674
 2.728000 1.911851
 2.730000 1.994556
 2.732000 2.038168
 2.734000 2.026332
 2.736000 1.856941
 2.738000 2.030334
 2.740000 1.830302
 2.742000 1.952967
 2.744000 1.889296
 2.746000 1.954920
 2.748000 1.812681
 2.750000 1.819421
 2.752000 1.961099
 2.754000 1.973565
 2.756000 1.978133
 2.758000 2.091222
 2.760000 1.912700
 2.762000 1.899105
 2.764000 1.758569
 2.766000 2.121308
 2.768000 1.907673
 2.770000 2.012602
 2.772000 2.013002
 2.774000 1.915031
 2.776000 2.045954
 2.778000 1.794329
 2.780000 1.705159
 2.782000 1.807766
 2.784000 1.940993
 2.786000 1.860193
 2.788000 1.951357
 2.790000 2.074846
 2.792000 2.009821
 2.794000 1.921086
 2.796000 2.046901
 2.798000 1.937711
 2.800000 1.857265
 2.802000 1.868177
 2.804000 1.998570
 2.806000 1.966961
 2.808000 1.940282
 2.810000 1.911080
 2.812000 1.853975
 2.814000 1.961117
 2.816000 1.771985
 2.818000 1.905509
 2.820000 1.856995
 2.822000 1.933128
 2.824000 1.838240
 2.826000 1.962928
 2.828000 1.746313
 2.830000 1.874215
 2.832000 2.003058
 2.834000 1.995852
 2.836000 1.850999
 2.838000 1.824519
 2.840000 1.861840
 2.842000 2.022422
 2.844000 1.878753
 2.846000 1.882048
 2.848000 1.930194
 2.850000 1.942019
 2.852000 1.971303
 2.854000 1.879404
 2.856000 1.855323
 2.858000 1.894609
 2.860000 2.004489
 2.862000 1.892497
 2.864000 1.955899
 2.866000 1.957838
 2.868000 2.052732
 2.870000 1.848401
 2.872000 1.837102
 2.874000 2.103644
 2.876000 1.909734
 2.878000 1.957638
 2.880000 1.862637
 2.882000 1.861037
 2.884000 1.947502
 2.886000 2.035978
 2.888000 1.739930
 2.890000 2.069449
 2.892000 1.964961
 2.894000 1.908328
 2.896000 1.844802
 2.898000 1.903821
 2.900000 1.904343
 2.902000 1.927604
 2.904000 1.953519
 2.906000 1.979289
 2.908000 1.987287
 2.910000 2.020641
 2.912000 1.906578
 2.914000 1.863336
 2.916000 1.973396
 2.918000 2.035645
 2.920000 1.905985
 2.922000 1.836360
 2.924000 2.051814
 2.926000 1.932323
 2.928000 1.975453
 2.930000 1.974683
 2.932000 1.896288
 2.934000 2.014622
 2.936000 1.946952
 2.938000 2.006127
 2.940000 1.939699
 2.942000 2.031470
 2.944000 1.989064
 2.946000 1.869281
 2.948000 1.874054
 2.950000 1.886957
 2.952000 2.029955
 2.954000 2.125748
 2.956000 1.952532
 2.958000 2.059858
 2.960000 1.870007
 2.962000 2.044342
 2.964000 1.919488
 2.966000 2.077328
 2.968000 1.883303
 2.970000 1.834360
 2.972000 2.047699
 2.974000 1.886752
 2.976000 2.017109
 2.978000 1.957488
 2.980000 2.079017
 2.982000 1.832558
 2.984000 1.853010
 2.986000 2.011856
 2.988000 1.920353
 2.990000 1.996560
 2.992000 1.852437
 2.994000 1.931185
 2.996000 1.914575
 2.998000 1.921480
 3.000000 1.919137
 3.002000 2.069384
 3.004000 1.881636
 3.006000 2.048412
 3.008000 1.779702
 3.010000 2.078118
 3.012000 1.749645
 3.014000 1.840953
 3.016000 1.943321
 3.018000 2.002278
 3.020000 1.844634
 3.022000 1.863710
 3.024000 1.830382
 3.026000 1.774980
 3.028000 1.916678
 3.030000 1.963477
 3.032000 2.095044
 3.034000 2.003226
 3.036000 1.969806
 3.038000 1.973852
 3.040000 2.027351
 3.042000 1.882398
 3.044000 1.840032
 3.046000 1.946959
 3.048000 1.908661
 3.050000 1.978327
 3.052000 1.929323
 3.054000 2.077430
 3.056000 1.987790
 3.058000 1.860801
 3.060000 1.987835
 3.062000 1.921350
 3.064000 1.828881
 3.066000 1.824357
 3.068000 1.909423
 3.070000 1.806023
 3.072000 2.014082
 3.074000 1.823076
 3.076000 1.910568
 3.078000 1.911906
 3.080000 1.801741
 3.082000 1.873216
 3.084000 2.027113
 3.086000 1.990611
 3.088000 1.907128
 3.090000 1.893636
 3.092000 1.822197
 3.094000 1.877042
 3.096000 1.890714
 3.098000 1.871442
 3.100000 1.937461
 3.102000 1.959391
 3.104000 2.046049
 3.106000 2.043182
 3.108000 1.824167
 3.110000 2.025541
 3.112000 1.919823
 3.114000 2.000915
 3.116000 1.891890
 3.118000 1.861050
 3.120000 1.924958
 3.122000 2.076688
 3.124000 1.883268
 3.126000 1.853079
 3.128000 1.832834
 3.130000 2.027948
 3.132000 1.978160
 3.134000 1.987476
 3.136000 1.930286
 3.138000 1.931441
 3.140000 1.886352
 3.142000 1.951957
 3.144000 1.998134
 3.146000 1.917536
 3.148000 2.016868
 3.150000 2.003191
 3.152000 1.903761
 3.154000 1.883058
 3.156000 1.893652
 3.158000 1.990817
 3.160000 1.881478
 3.162000 1.901030
 3.164000 1.935218
 3.166000 1.987895
 3.168000 2.165315
 3.170000 2.022146
 3.172000 1.927262
 3.174000 1.972517
 3.176000 1.943246
 3.178000 1.930888
 3.180000 2.006328
 3.182000 1.917623
 3.184000 1.881343
 3.186000 1.871001
 3.188000 1.847083
 3.190000 2.009969
 3.192000 1.873342
 3.194000 1.966497
 3.196000 2.053174
 3.198000 1.901860
 3.200000 2.000166
 3.202000 1.793183
 3.204000 1.879371
 3.206000 2.012223
 3.208000 1.855269
 3.210000 2.031338
 3.212000 1.982679
 3.214000 1.935702
 3.216000 1.993120
 3.218000 1.940986
 3.220000 1.993006
 3.222000 1.809923
 3.224000 1.904688
 3.226000 1.919072
 3.228000 1.969798
 3.230000 1.948964
 3.232000 1.909779
 3.234000 2.016936
 3.236000 1.800147
 3.238000 1.892228
 3.240000 2.068496
 3.242000 2.030185
 3.244000 1.913521
 3.246000 1.928650
 3.248000 1.829151
 3.250000 1.934440
 3.252000 1.873980
 3.254000 2.008033
 3.256000 1.794492
 3.258000 1.862669
 3.260000 1.996219
 3.262000 1.954822
 3.264000 2.048641
 3.266000 1.843468
 3.268000 1.813186
 3.270000 2.037940
 3.272000 1.813124
 3.274000 1.805960
 3.276000 1.945965
 3.278000 2.008471
 3.280000 2.087458
 3.282000 2.033495
 3.284000 1.997347
 3.286000 1.950210
 3.288000 1.971088
 3.290000 1.964325
 3.292000 1.894908
 3.294000 1.984593
 3.296000 1.987897
 3.298000 1.839721
 3.300000 1.992934
 3.302000 1.905833
 3.304000 1.823101
 3.306000 1.960888
 3.308000 1.895970
 3.310000 1.982590
 3.312000 1.868519
 3.314000 1.841876
 3.316000 1.798165
 3.318000 1.973146
 3.320000 1.953797
 3.322000 1.861341
 3.324000 1.894368
 3.326000 1.891118
 3.328000 1.932597
 3.330000 1.938510
 3.332000 1.908756
 3.334000 2.035913
 3.336000 2.086363
 3.338000 2.045111
 3.340000 2.072363
 3.342000 1.939699
 3.344000 1.958614
 3.346000 1.852449
 3.348000 1.912554
 3.350000 1.757728
 3.352000 2.001444
 3.354000 1.958368
 3.356000 1.927019
 3.358000 1.893158
 3.360000 1.937961
 3.362000 1.977631
 3.364000 1.901356
 3.366000 1.840015
 3.368000 1.862680
 3.370000 2.016242
 3.372000 1.905200
 3.374000 1.807520
 3.376000 1.942825
 3.378000 1.950923
 3.380000 1.866654
 3.382000 1.878392
 3.384000 1.972872
 3.386000 1.993321
 3.388000 1.847853
 3.390000 1.910364
 3.392000 1.907408
 3.394000 1.897108
 3.396000 2.017769
 3.398000 2.024261
 3.400000 2.018350
 3.402000 1.906615
 3.404000 1.918263
 3.406000 1.901206
 3.408000 1.974751
 3.410000 1.997452
 3.412000 1.875719
 3.414000 1.867870
 3.416000 1.928468
 3.418000 1.988812
 3.420000 1.812887
 3.422000 1.951737
 3.424000 1.955481
 3.426000 1.921332
 3.428000 1.980405
 3.430000 1.969758
 3.432000 1.855974
 3.434000 1.934784
 3.436000 1.958132
 3.438000 2.031580
 3.440000 1.946600
 3.442000 1.870706
 3.444000 1.957656
 3.446000 1.883273
 3.448000 1.896325
 3.450000 1.877953
 3.452000 1.913298
 3.454000 1.718776
 3.456000 1.851637
 3.458000 1.959731
 3.460000 1.967422
 3.462000 1.866850
 3.464000 1.914898
 3.466000 1.906023
 3.468000 1.929513
 3.470000 1.896554
 3.472000 1.909981
 3.474000 1.860477
 3.476000 1.877601
 3.478000 1.904485
 3.480000 2.151111
 3.482000 1.853244
 3.484000 1.972781
 3.486000 1.907269
 3.488000 2.087650
 3.490000 1.993141
 3.492000 1.889215
 3.494000 1.898728
 3.496000 1.858984
 3.498000 2.066269
 3.500000 1.933408
 3.502000 1.927448
 3.504000 2.115252
 3.506000 1.878668
 3.508000 1.809942
 3.510000 1.895874
 3.512000 1.701893
 3.514000 1.995878
 3.516000 2.088245
 3.518000 1.933224
 3.520000 1.955384
 3.522000 1.900000
 3.524000 2.046420
 3.526000 1.992430
 3.528000 1.959107
 3.530000 1.942160
 3.532000 1.874775
 3.534000 1.911701
 3.536000 1.906867
 3.538000 1.911059
 3.540000 1.926244
 3.542000 1.880489
 3.544000 1.926830
 3.546000 1.909602
 3.548000 1.995909
 3.550000 2.127777
 3.552000 1.691392
 3.554000 1.923277
 3.556000 1.913216
 3.558000 1.865651
 3.560000 2.007435
 3.562000 1.869077
 3.564000 2.018239
 3.566000 1.831046
 3.568000 1.904328
 3.570000 1.920251
 3.572000 1.932643
 3.574000 1.836811
 3.576000 1.978879
 3.578000 1.952763
 3.580000 1.964839
 3.582000 1.958536
 3.584000 1.956740
 3.586000 1.929992
 3.588000 1.952730
 3.590000 2.035504
 3.592000 1.906059
 3.594000 1.962729
 3.596000 1.948341
 3.598000 1.887938
 3.600000 2.053314
 3.602000 2.139157
 3.604000 1.986153
 3.606000 2.024089
 3.608000 1.923866
 3.610000 1.853571
 3.612000 2.032112
 3.614000 1.917725
 3.616000 1.929367
 3.618000 1.957211
 3.620000 2.006779
 3.622000 1.944638
 3.624000 1.931894
 3.626000 1.942071
 3.628000 1.952493
 3.630000 2.074241
 3.632000 1.929730
 3.634000 1.925685
 3.636000 2.104957
 3.638000 1.830614
 3.640000 1.832028
 3.642000 1.960027
 3.644000 1.927701
 3.646000 1.969132
 3.648000 1.789188
 3.650000 1.897333
 3.652000 1.860583
 3.654000 1.851891
 3.656000 1.952405
 3.658000 1.940424
 3.660000 1.816299
 3.662000 1.868174
 3.664000 1.811905
 3.666000 1.983260
 3.668000 2.017458
 3.670000 1.922465
 3.672000 2.021435
 3.674000 1.856816
 3.676000 1.913672
 3.678000 1.818798
 3.680000 1.844153
 3.682000 2.075387
 3.684000 1.906933
 3.686000 2.004557
 3.688000 1.972603
 3.690000 2.004839
 3.692000 1.990740
 3.694000 2.015921
 3.696000 1.899130
 3.698000 1.926249
 3.700000 2.008036
 3.702000 1.956076
 3.704000 1.863441
 3.706000 1.920589
 3.708000 1.899383
 3.710000 1.805928
 3.712000 1.975494
 3.714000 1.956185
 3.716000 2.020229
 3.718000 1.926601
 3.720000 1.883023
 3.722000 2.015530
 3.724000 1.903900
 3.726000 2.131995
 3.728000 1.843928
 3.730000 1.883942
 3.732000 1.900971
 3.734000 2.035722
 3.736000 1.937109
 3.738000 1.987928
 3.740000 1.894983
 3.742000 2.010762
 3.744000 1.908238
 3.746000 1.978900
 3.748000 2.016953
 3.750000 1.914448
 3.752000 1.953955
 3.754000 1.862057
 3.756000 2.022653
 3.758000 1.856699
 3.760000 1.916094
 3.762000 1.961929
 3.764000 1.892581
 3.766000 1.918302
 3.768000 1.988385
 3.770000 2.036957
 3.772000 2.118696
 3.774000 1.879930
 3.776000 1.992014
 3.778000 2.005496
 3.780000 1.739368
 3.782000 1.852056
 3.784000 1.938858
 3.786000 1.898465
 3.788000 1.836408
 3.790000 1.898315
 3.792000 1.848150
 3.794000 1.986300
 3.796000 1.988525
 3.798000 1.977814
 3.800000 2.011409
 3.802000 1.844235
 3.804000 1.930554
 3.806000 1.882751
 3.808000 1.889991
 3.810000 1.888114
 3.812000 1.962957
 3.814000 2.052024
 3.816000 2.025252
 3.818000 1.932035
 3.820000 1.902025
 3.822000 1.962893
 3.824000 1.932192
 3.826000 1.850577
 3.828000 1.823446
 3.830000 1.905424
 3.832000 1.931019
 3.834000 2.048310
 3.836000 1.854323
 3.838000 1.796951
 3.840000 1.966526
 3.842000 1.835579
 3.844000 1.919529
 3.846000 1.861839
 3.848000 1.935441
 3.850000 2.001212
 3.852000 1.888451
 3.854000 1.867443
 3.856000 1.955623
 3.858000 2.045924
 3.860000 2.003320
 3.862000 2.206940
 3.864000 1.847890
 3.866000 1.955649
 3.868000 1.858160
 3.870000 1.840917
 3.872000 1.789904
 3.874000 1.843324
 3.876000 1.690195
 3.878000 1.912086
 3.880000 1.898231
 3.882000 1.969353
 3.884000 2.020020
 3.886000 1.938644
 3.888000 1.842238
 3.890000 1.945773
 3.892000 1.912521
 3.894000 1.897695
 3.896000 1.959994
 3.898000 1.965298
 3.900000 2.107158
 3.902000 1.988060
 3.904000 2.006371
 3.906000 2.016713
 3.908000 1.860059
 3.910000 1.993884
 3.912000 1.945420
 3.914000 1.918179
 3.916000 1.925555
 3.918000 1.963056
 3.920000 1.848914
 3.922000 1.918386
 3.924000 1.808875
 3.926000 1.986450
 3.928000 1.980403
 3.930000 1.805100
 3.932000 1.985140
 3.934000 1.928493
 3.936000 1.902921
 3.938000 1.920470
 3.940000 1.918760
 3.942000 1.927770
 3.944000 1.988222
 3.946000 1.982062
 3.948000 1.980931
 3.950000 1.961510
 3.952000 1.973289
 3.954000 1.962263
 3.956000 1.953110
 3.958000 1.908438
 3.960000 1.882341
 3.962000 1.928717
 3.964000 1.888498
 3.966000 1.800141
 3.968000 1.875223
 3.970000 1.898449
 3.972000 1.794240
 3.974000 2.035610
 3.976000 1.984474
 3.978000 1.842088
 3.980000 1.889157
 3.982000 1.898425
 3.984000 1.958335
 3.986000 1.941854
 3.988000 2.088598
 3.990000 2.011232
 3.992000 1.999931
 3.994000 1.925194
 3.996000 1.889471
 3.998000 1.883984
 4.000000 1.948009
