0.535404 -0.286197 -0.023198
0.202313 -0.405078 -0.074223
-0.165878 -0.195013 -0.295941
-0.338983 0.479024 -0.147901
-0.049016 -0.017320 -0.257196
0.056158 -0.127735 -0.150150
0.044010 -0.167970 -0.014925
-0.266522 -0.398431 -0.190903
-0.162120 -0.320897 -0.122987
-0.314819 -0.048935 0.304190
0.384938 0.291375 0.000382
-0.102702 0.284994 0.076067
0.103403 -0.061874 0.099292
-0.287574 -0.180008 -0.678981
0.558106 0.094823 -0.642425
-0.252462 0.037361 -0.007915
0.051024 0.274111 0.325447
-0.390063 -0.109388 -0.432671
0.129063 0.193815 0.008300
0.037867 0.207607 -0.315342
0.054456 -0.095830 -0.000387
-0.093608 0.065390 -0.326308
-0.032962 -0.040672 0.083738
-0.171247 0.281797 0.019434
-0.061433 0.243081 0.147272
-0.615043 -0.579060 -0.684848
-0.148864 0.056597 0.019734
-0.309823 -0.259244 0.103069
0.138515 0.849089 0.077810
0.052460 0.122343 -0.499923
0.176634 0.132132 0.529770
-0.205030 -0.015355 -0.307809
0.099618 -0.021531 -0.616135
-0.681757 -0.289949 -0.228122
-0.287302 0.348812 0.770958
-0.557663 0.228322 -0.157485
-0.355119 -0.030840 0.570414
-0.134297 0.196158 0.409521
-0.099192 -0.097518 -0.077577
0.042178 0.207409 -0.487021
-0.146437 -0.344786 0.096240
-0.210113 0.048379 0.391352
-0.177464 -0.460696 -0.069520
-0.436258 0.357152 0.289723
-0.052992 0.245509 0.273849
-0.124340 0.070676 -0.044865
-0.163872 0.287319 -0.407599
0.114651 -0.557777 -0.008415
0.313059 -0.196918 -0.498251
-0.468812 0.009191 -0.393848
-0.861823 -0.165153 -0.102643
0.157878 -0.384926 -0.291163
-0.212530 -0.359907 -0.058090
-0.550317 -0.230262 -0.098789
-0.319648 -0.227921 -0.400244
-0.312543 -0.666904 0.145450
0.179597 -0.016176 0.309473
0.067756 -0.519196 -0.186261
0.397409 0.633302 -0.126119
0.461481 -0.039036 0.258712
-0.246399 0.091268 -0.280525
-0.158344 0.217654 -0.007998
0.405907 0.205219 -0.494196
-0.108740 0.811586 -0.069084
0.024672 0.469188 -0.240475
0.326734 -0.189150 -0.073172
0.630063 -0.087601 -0.054744
-0.606295 -0.246539 -0.494401
0.294008 0.783632 -0.016563
-0.282967 -0.103188 0.117813
-0.193063 -0.029425 -0.244439
0.046493 0.119028 -0.282897
-0.058103 -0.479386 -0.656393
0.015469 -0.163049 0.127279
-0.167793 -0.262372 0.192811
-0.571932 0.297333 -0.747616
-0.217320 -0.122673 -0.116820
0.006610 -0.102861 0.307694
0.049293 0.092467 -0.110447
-0.417537 -0.784705 -0.032439
0.184384 -0.342171 -0.001504
-0.265467 -0.353651 -0.573573
-0.264636 -0.055730 0.022736
-0.199503 -0.288752 -0.285670
-0.373973 -0.148770 0.326350
0.215719 -0.191274 -0.728096
0.000786 -0.354262 -0.400114
0.275550 0.269523 0.277100
-0.389589 -0.339249 0.132739
-0.164756 -0.280428 0.053986
0.116863 0.180057 -0.002571
0.166556 0.339683 0.044551
-0.140978 -0.766399 0.164105
-0.040877 0.541063 0.254512
0.066192 -0.212303 -0.182219
-0.007254 0.046786 -0.023516
-0.088913 0.295790 -0.576744
0.209462 0.353193 -0.324191
-0.896669 -0.361222 -0.355509
0.495648 -0.241593 -0.271158
0.095858 0.147684 -0.170395
0.064498 0.497062 -0.033250
-0.032325 -0.306541 0.058413
0.013089 -0.755696 -0.425358
-0.252964 -0.222862 -0.155562
0.299079 -0.281574 0.498409
0.068820 0.166151 -0.128407
0.109660 -0.395132 0.485831
0.286252 0.138532 -0.294593
-0.374294 -0.492228 0.520965
-0.183176 -0.471353 -0.152450
0.121480 0.209701 -0.014948
0.333564 -0.157827 -1.855170
-0.226246 0.108254 -0.659877
0.060656 -0.003475 0.170558
0.225751 0.004268 -0.398964
-0.156488 -0.286999 0.008637
0.254163 -0.434155 -0.015176
0.379713 -0.229723 0.065350
0.241183 -0.050581 -0.365424
-0.061407 0.187650 0.177695
0.128596 0.189529 0.578143
-0.611392 -0.425237 0.027552
0.105568 0.095720 0.028280
-0.247812 -0.008109 -0.102330
-0.232641 -0.114854 0.047916
0.348948 0.630390 -0.181897
0.116103 -0.349479 -0.085598
0.112752 0.000365 -0.293930
-0.106813 -0.363012 -0.138966
-0.166158 -0.118842 -0.013631
0.000142 -0.239327 -0.394131
-0.085406 0.209737 0.543017
-0.269069 -0.989435 0.219365
-0.101423 -0.163931 -0.326574
0.067114 -0.444395 0.126847
-0.150836 0.005934 -0.130677
-0.173445 0.285166 0.050130
-0.526266 -0.286153 0.013440
-0.176139 -0.629648 -0.350040
-0.206598 -0.458135 0.211487
-0.284587 -0.069475 0.179216
-0.449479 0.077216 -1.067930
0.076560 -0.463561 0.157717
-0.091183 -0.452119 -0.522363
-0.046265 -0.256272 0.052362
-0.362046 -0.001611 -0.423306
0.136543 -0.245385 -0.071951
-0.275401 -0.073862 -0.067390
-0.175089 -0.283279 -0.411301
0.209983 0.051444 -0.572311
0.220789 0.270427 -0.021309
-0.550804 -0.099334 -0.187589
-0.369314 -0.046491 -0.113499
-0.270416 -0.146072 -0.457053
0.155375 0.054352 -0.910687
-0.101086 -0.974347 -0.327162
-0.476679 -0.484323 -0.255071
-0.054749 -0.184581 0.199980
-0.123511 0.197626 -0.195707
-0.481120 0.229770 -0.907411
-0.325378 0.462858 0.503084
-0.468826 -0.713299 -0.111328
-0.017568 0.294604 -0.095511
-0.082459 -0.155070 0.474658
0.182272 0.124245 0.431620
-0.192354 -0.125414 0.420903
-0.068476 0.116271 0.181262
-0.435682 -0.583962 0.573171
-0.136925 -0.491508 -0.315496
0.116981 -0.131651 0.131849
-0.029823 0.163467 -0.689381
-0.157559 -0.352368 -0.150494
-0.206446 -0.188688 0.346095
-0.016935 -0.606199 0.599250
-0.060747 -0.330409 0.077811
0.240463 -0.079329 -0.514165
-0.433640 0.124492 0.062329
0.100656 0.097356 -0.655853
-0.112640 -0.325926 -0.109525
0.035878 0.249779 0.533615
-0.111112 0.031537 -0.406334
-0.402027 0.179913 0.032021
0.096639 0.898878 0.047879
-0.126885 0.346518 -0.279205
0.339597 -0.039818 0.124597
-0.083402 0.152955 -0.561688
0.302110 -0.318302 0.254230
-0.250793 -0.044288 0.654722
0.012992 -0.041090 -0.560946
-0.080794 0.099129 -0.125530
-0.103331 0.033766 -0.503031
0.174331 0.105768 0.191438
-0.027475 0.167433 -0.395721
0.088757 -0.247948 -0.532027
-0.148171 0.300515 0.262710
-0.102995 -0.308739 -0.346898
0.113699 -0.215051 0.051833
0.467440 0.083922 0.569693
-0.109957 -0.114682 -0.063884
0.290986 -0.274390 -0.173858
-0.091842 -0.120588 -0.358609
-0.183024 0.152824 -0.191558
-0.212568 -0.500621 -0.290329
-0.305547 -0.364671 -0.139189
-0.334890 -0.481613 -0.163769
-0.191045 -0.239132 0.824555
0.031769 -0.036989 -0.185987
-0.250511 0.241123 0.262839
-0.272378 0.361268 0.069673
-0.356054 -0.695630 -0.266901
0.055746 -0.219657 0.125740
-0.018612 -0.117159 -0.091508
0.099768 -0.506587 -0.040570
0.123982 -0.311348 -0.186498
-0.370660 -0.085020 -0.006786
0.065664 -0.346667 0.012637
0.267039 0.687013 -0.576704
-0.183559 0.037152 -0.510117
-0.649790 -0.373664 0.173446
0.872698 0.198499 -0.608139
-0.268657 -0.607406 0.016830
0.045155 -0.693213 -0.632370
0.183727 -0.202269 -0.262558
-0.122967 0.583581 -0.110744
-0.588885 0.262019 0.173766
-0.110166 -0.252549 -0.142013
-0.238725 0.048103 -0.124196
0.111357 -0.119372 -0.529512
-0.430597 0.042449 0.323492
-0.310224 -0.279160 -0.293379
0.536148 -0.208966 -0.066482
0.004101 0.033043 -0.413896
-0.220526 0.319874 0.344640
0.456395 -0.462772 -0.101501
0.120362 0.323677 0.347201
-0.000527 -0.355820 0.001667
0.043274 0.085351 -0.138633
-0.307349 -0.236378 -0.060518
0.070617 -0.559614 -0.050014
0.066467 0.064921 -0.911431
0.112258 0.099049 0.362921
-0.077449 -0.022606 0.309343
-0.210356 -0.831610 -0.094429
0.007163 -0.613340 0.058684
-0.112128 -0.568190 -0.413109
0.015867 -0.576467 0.100590
-0.659084 0.093876 -0.062649
0.052558 -0.206611 0.207326
-0.191408 -0.151666 -0.108778
-0.062345 -0.360090 -0.130775
0.495541 0.578251 -0.146021
-0.057335 -0.424404 -0.016321
-0.464932 -0.173031 -0.041816
-0.246562 -0.491105 0.063603
-0.525869 -0.249835 -0.051632
-0.187830 -0.201887 -0.031594
0.051611 -0.861180 0.211374
0.071166 -0.072844 0.391797
0.465654 -0.660691 -0.154265
-0.202215 -0.066779 0.337226
-0.317430 -0.623162 0.023366
0.329161 -0.128890 -0.881504
0.069892 0.445578 0.000307
0.425049 0.039212 0.414679
0.130901 0.090311 0.371500
-0.070052 -0.247529 0.071279
0.114024 0.044688 0.098161
-0.194714 -0.006642 -0.155674
-0.554857 -0.200748 -0.160853
-0.205501 0.298593 0.292778
0.008043 -0.185311 -0.000897
-0.136989 -0.461086 -0.076843
-0.181900 -0.155804 0.032110
0.253764 0.164686 0.122465
-0.280580 -0.140147 -0.160926
0.205214 -0.181648 0.104138
0.163878 -0.308960 0.342813
-0.446806 0.224408 0.014438
-1.041170 -0.492308 0.718014
-0.031080 -0.214493 -0.019676
-0.408449 -0.305705 0.016388
-0.030855 0.080436 0.194960
-0.447318 0.081150 0.120196
0.184731 -0.240690 -0.096847
0.099251 0.035274 -0.259073
-0.486734 0.373990 -0.065148
-0.181648 -0.163840 0.137679
0.211804 -0.241639 -0.122599
-0.149281 0.081376 -0.382360
-0.134260 -0.033998 -0.200212
-0.064463 0.041098 -0.004275
0.270094 -0.165317 0.364502
0.005159 -0.329589 -0.464953
0.292793 -0.504536 0.077493
-0.117108 -0.240254 -0.096373
0.553965 -0.460133 -0.269522
-0.122824 -0.230084 0.051047
0.160119 0.042644 -0.494324
-0.057473 0.220279 0.025791
0.061416 0.279334 0.734745
-0.503020 -0.273523 0.043274
-0.156371 -0.202383 0.441606
-0.028014 -0.491294 -0.390993
-0.379349 0.269824 0.061665
-0.269447 0.108826 -0.051941
-0.271734 -0.249661 0.099838
-0.266873 -1.100986 0.058357
0.022654 0.458740 0.105593
-0.087886 -0.470630 0.472551
-0.499226 -0.227256 0.377760
-0.276133 -0.497201 0.074150
-0.422082 -0.281554 -0.340981
0.271957 -0.459412 0.087750
-0.327130 0.059087 -0.208361
-0.044883 0.675290 -0.169692
-0.273440 -0.369273 -0.310290
-0.248270 -0.685319 0.323169
-0.120154 -0.127973 0.280931
-0.050562 -0.348842 -0.118244
0.147523 -0.332099 -0.029902
0.081534 -0.557531 -0.466426
-0.091020 -0.258172 -0.714461
0.051721 0.064900 0.164715
0.747033 -0.339713 -0.187262
-0.168660 -0.264061 -0.101798
-0.162395 -0.283268 -0.018137
0.138141 -0.306980 0.164860
0.096315 -0.175407 -0.020162
-0.126835 -0.528965 -0.051264
0.354167 0.500664 -0.011198
-0.082632 0.434878 0.641774
0.041213 0.319809 0.269755
-0.243733 -0.004812 -0.535423
0.113938 0.341685 -0.299059
0.143162 0.320229 0.329362
-0.315696 -0.618627 -0.548407
-0.414375 0.330270 -0.247022
0.108053 -0.076983 0.110113
0.098220 -0.319817 -0.101983
-0.064034 -0.948938 -0.184530
0.026504 -0.126282 0.068551
0.030799 -0.230326 0.459157
-0.002604 0.063099 -0.349511
-0.199818 -0.393705 0.221111
-0.609943 -0.944503 -0.255052
-0.028653 0.006456 -0.081440
0.165123 0.097487 0.139548
-0.403239 -0.020252 -0.288324
-0.178495 -0.878446 -0.113261
0.216775 -0.153577 -0.048151
-0.391862 -0.136426 0.777205
0.380675 -0.330349 -0.177893
-0.017502 0.979184 -0.253421
-0.308794 -0.212590 0.043530
0.085431 0.086240 -1.205480
-0.265262 -0.211460 0.080095
-0.111829 0.043425 0.469829
0.358362 0.033832 -0.044850
-0.116867 -0.866939 -0.060140
0.348825 -0.117712 -0.127214
-0.242047 -0.364893 -0.535955
-0.009917 0.018227 0.947017
-0.570835 -0.135998 -0.625532
0.022129 0.260692 0.163411
-0.212358 0.292341 -0.426784
0.398066 -0.204213 -0.136359
0.475987 -0.317378 -0.094383
-0.384531 0.354085 -0.173777
-0.139675 -0.371438 -0.873362
-0.095990 -0.720228 -0.401176
0.040988 0.124415 0.134611
-0.099969 -0.862686 -0.476598
-0.216736 -0.042383 0.326302
-0.593987 -0.070588 -0.083447
0.013916 -0.808206 -0.454838
-0.732450 -0.040087 -0.719737
-0.193652 -0.014530 0.194590
0.099977 0.348887 -0.108626
-0.234403 0.286667 0.296097
-0.592323 -0.771598 -0.387764
0.254562 0.241817 -0.061133
-0.028346 0.079739 -0.013006
0.137307 -0.288328 -0.331528
-0.107522 -0.727986 -0.127921
-0.104314 -0.513937 0.455208
0.551449 -0.008853 -0.352788
-0.150459 0.311980 -0.466897
0.231942 -0.392641 0.061132
-0.228289 -0.179569 -0.125629
0.137334 -0.056997 -1.274296
-0.380917 -0.150118 -0.328586
0.299806 -0.239588 0.273060
-0.057258 0.154582 0.310137
0.499865 -0.312888 0.232780
-0.001762 -0.723064 -0.067236
-0.275068 -0.333818 0.356501
0.118284 -0.291997 -0.345025
0.093239 0.021094 -0.146736
0.105438 -0.024479 0.122438
-0.047195 0.011216 -0.072014
0.086822 -0.233462 0.021971
-0.177737 -0.191601 -0.330342
-0.008350 -0.255031 -0.179956
-0.253963 -0.082946 -0.072508
0.511696 -0.683099 -0.436647
-0.711149 0.311631 -0.194417
0.005448 -0.464724 -0.311974
-0.368661 -0.206868 -1.366867
0.026945 -0.563610 -0.532474
-0.274105 -0.300887 0.379685
0.038618 0.000848 -0.272446
0.721878 -0.026246 -0.590197
-0.368408 -0.226072 -0.164415
0.249393 -0.151012 -0.089105
-0.114073 -0.014368 0.057784
0.014169 -0.450610 0.010193
0.228910 0.282645 -0.510662
0.506284 -0.312526 0.255645
-0.105071 0.058277 0.078872
-0.099671 -0.504624 -0.279492
0.119883 -0.824090 0.070868
0.090033 -0.223816 -0.108823
-0.028362 0.266969 -0.909983
-0.528984 -0.531141 -0.353236
-0.105789 -0.221088 -0.000238
-0.344909 -0.020882 0.104819
-0.272107 0.249291 -0.328883
-0.285136 -0.077394 0.332008
-0.292354 -0.077980 0.516530
0.089166 0.053874 -0.106545
-0.363155 0.131835 -0.044467
0.336352 0.445939 0.565182
-0.056794 -0.344279 0.123621
-0.242892 -0.716704 0.197295
-0.101600 -0.765010 -0.571621
0.018584 -0.045335 0.309131
-1.077406 -0.075441 -0.249847
-0.569470 -0.088318 -0.148890
0.286392 -0.578429 0.103448
-0.152584 -0.237575 0.150936
0.031152 -0.153500 0.113074
0.032930 -0.447050 0.028374
-0.303508 -0.824718 -0.272067
0.172147 -0.532809 0.409630
-0.095714 0.369412 -0.321180
-0.340140 -0.437755 -0.316808
0.113242 0.102636 -0.036205
-0.183294 -0.326451 0.096818
-0.349366 -0.097623 -0.078798
-0.190906 -0.013094 -0.188721
-0.089556 0.067263 -0.046860
0.277583 -0.407073 -0.061168
-0.271359 -0.007290 0.252402
-0.090630 0.150282 -0.512530
0.243374 0.274653 0.214511
-0.191109 0.580143 -0.416613
-0.111470 0.358820 -0.057138
-0.350292 0.007963 -0.307619
0.343999 -0.337928 0.350133
0.027688 -0.117550 -1.102364
-0.443178 0.532109 0.564821
0.237456 0.126056 -0.146382
-0.225739 0.328463 -0.281631
-0.388979 -0.113761 -0.127659
-0.181604 -0.417371 -0.364106
0.248241 -0.147005 -0.356426
0.253856 -0.325806 -0.069477
0.048102 0.080482 0.045357
0.179431 0.146932 -0.412752
0.034280 -0.298357 0.000627
0.246935 0.081231 -0.539544
0.147887 0.071465 0.216935
-0.165020 -0.946776 -0.473036
0.083058 0.330217 -0.097217
-0.440769 -0.284784 -0.036735
-0.282400 -0.121244 -0.503005
0.174239 -0.077640 0.054407
-0.340794 0.135776 0.091406
-0.205722 -0.106453 0.113690
0.392236 0.292918 0.058030
0.221014 0.008329 0.024564
-0.135885 0.360489 -0.139646
-0.350646 -0.331556 -0.235168
-0.704876 -0.009657 0.043397
-0.290755 0.560419 -0.344093
0.281170 0.217447 -0.331740
-0.375158 -0.247508 0.219336
0.229046 -0.145016 -0.173646
-0.040447 -0.308080 -0.761115
0.347767 -0.385661 0.185538
0.182765 0.122673 -0.166604
0.428411 0.156758 -0.009920
-0.130610 -0.944500 -0.143617
0.210091 -0.074008 0.506620
0.047736 -0.341195 -0.026468
0.177954 -0.212939 0.181888
-0.218101 -0.430953 -0.229208
0.329457 -0.169408 -0.252898
-0.075665 -0.387940 -0.358307
0.231474 -0.299866 -0.813224
0.122810 -0.349102 -0.518250
-0.383953 -0.041809 -0.027792
-0.088462 -0.479014 -0.131134
0.038803 -0.036657 -0.844445
0.112629 -0.193677 0.036462
0.113687 0.241877 0.496199
0.000790 0.117276 0.129343
-0.257825 0.133166 0.308583
0.104253 0.373445 0.023869
-0.349383 0.137117 0.358723
0.076514 -0.463087 0.523483
-0.353091 0.093870 0.748796
-0.124714 -0.159769 -0.528966
-0.116666 -0.266502 -0.212976
-0.245422 -0.754972 -0.900994
0.125622 -0.054724 -0.119700
0.077324 -0.074088 -0.151043
-0.329470 0.014034 -0.240799
0.283070 -0.215229 -0.013937
-0.170489 0.307791 -0.198723
-0.021995 0.650198 -0.067932
-0.002774 -0.235224 0.032367
0.573629 -0.162516 -0.338369
-0.253382 0.038257 -0.000918
-0.303687 0.161275 -0.183757
-0.311100 -0.603597 -0.425469
-0.344619 -0.537841 -0.126394
-0.300102 0.056255 0.221724
0.010651 -1.097180 0.342406
-0.165745 0.112428 -0.172789
-0.028866 0.704767 -0.900062
-0.060274 -0.547915 -0.100477
-0.584381 0.159933 -0.239859
-0.020362 -0.311223 -0.168614
-0.312874 -0.856165 -0.215233
0.270648 -0.509610 0.040163
0.071589 0.372944 -0.096964
0.280264 -0.503945 -0.222000
-0.209675 -0.042260 0.234914
0.035746 -0.438895 0.062507
-0.722293 0.077977 -0.302279
0.067892 0.186521 0.084230
0.036957 0.009184 -0.490520
0.517070 -0.293068 -0.346912
-0.428282 -0.438135 0.292821
-0.444375 0.374605 -0.655943
-0.123729 0.142923 0.616734
-0.068893 -0.061852 -0.110031
-0.237209 0.228079 0.200170
-0.371723 -0.347245 0.144348
0.511128 -0.107232 -0.624517
-0.198241 -0.140691 -0.229963
-0.146689 -0.531705 0.059920
0.408925 -0.591121 0.048629
-0.184531 0.390788 0.027907
-0.514510 0.085934 -0.113893
-0.057481 0.309299 -0.235502
-0.121339 -0.319855 0.769402
0.510345 0.135211 -0.096945
-0.314111 -1.148784 0.156365
0.018598 -1.042890 0.020846
0.343557 -0.068394 0.315166
-0.036242 -0.213378 -0.357211
-0.119220 -0.367185 -0.139922
0.457357 -0.322645 0.182776
-0.002565 0.166763 0.175060
-0.331085 -0.231832 -0.158758
0.061349 -0.226831 -0.056036
-0.257407 0.231192 0.186609
-0.056212 -0.180154 0.240744
-0.219279 -0.533127 0.234669
0.483983 0.367241 0.058201
-0.168601 0.211143 0.184323
0.037259 -0.523888 0.082883
0.050451 0.344639 0.067948
0.811110 0.052650 0.105526
-0.143623 0.036165 -0.367084
-0.260661 0.484994 0.147939
-0.300235 -0.191272 -0.256314
-0.220816 0.279027 0.311473
-0.244455 0.341089 0.501375
-0.194402 -0.102912 0.015055
-0.274641 -0.050794 -0.151670
0.337513 0.102476 -0.232197
-0.608922 0.964699 0.219737
-0.483064 -0.179691 -0.446746
-0.370608 0.316708 0.092344
-0.460830 -0.577571 -0.281824
-0.410395 0.513081 -0.393700
0.247645 -0.099149 0.208826
0.215244 0.067705 -0.419805
-0.128583 -0.225345 -0.066800
-0.021140 -0.229202 -0.360520
0.145532 0.955021 -0.491302
0.247749 -0.249663 -1.911898
-0.532056 -0.651461 2.886923
-0.053442 0.213028 2.507195
0.411974 -0.843119 -3.100573
0.075182 0.098266 2.944155
0.320007 -1.450064 -3.090364
0.227493 -0.836157 2.782548
-0.262139 -0.458975 2.998115
0.267808 0.470854 3.050209
0.003467 -0.117228 -3.113742
-0.284562 -0.002521 2.908661
-0.151443 0.240135 2.784514
0.270630 0.278898 3.042009
-0.387539 0.142506 2.916854
-0.133594 -0.224524 2.713308
0.009825 -0.174688 3.020170
-0.534707 -0.879624 2.918452
-0.309990 -0.618274 -3.009030
0.129959 0.413897 -2.912574
-0.066584 0.464132 2.871140
-0.306986 -0.331170 3.029658
-0.342933 -0.185954 3.051848
-0.392474 -0.286077 -2.969051
-0.445459 -0.024804 -3.033776
-0.337714 0.136041 2.938141
0.359498 -0.375635 2.946739
0.072789 0.202526 -3.073909
0.198299 0.765459 2.892144
-0.250263 0.260573 3.053749
-0.026908 -0.151914 3.035251
-0.232065 -0.802362 2.898371
-0.347862 -0.332651 3.124630
0.129070 -0.034096 2.748743
-0.003013 -0.449944 3.084526
-0.270307 0.143603 3.056742
0.047789 0.367835 3.060472
-0.024322 -0.316478 2.989572
0.337711 -0.080337 -2.706039
0.476701 -0.541984 2.804817
0.159339 -0.042079 -2.526109
0.265866 0.050018 2.784996
-0.019922 0.024307 3.089950
0.022698 -0.519204 1.690225
0.319834 -0.339091 2.652086
-0.422879 0.193257 -3.124341
-0.122481 0.340005 3.125197
-0.203235 -0.484997 2.968212
0.320486 -0.529450 2.948592
0.359231 -0.289806 2.987063
-0.927749 -0.354216 -3.089153
0.072260 -0.230012 2.820147
-0.081171 -0.066329 -3.126761
-0.087394 -0.392271 3.115396
-0.203782 -0.388483 2.861229
0.297689 -0.596217 2.498148
0.171854 -0.410891 -2.234516
0.200810 -0.168564 -3.110931
-0.160099 0.132553 2.779123
-0.161883 -0.209620 -2.828312
-0.058132 -0.036917 -2.646751
-0.367719 0.375271 -3.006798
0.161881 -0.185057 2.678846
0.397667 -0.435110 2.990187
0.201428 -0.000483 2.967608
-0.073046 -0.114378 3.118221
-0.020734 -0.300510 -3.085189
-0.282665 -0.511471 3.024251
-0.291744 -0.292876 2.940241
-0.287866 0.267778 2.727349
0.188588 -0.727266 -2.643600
0.474990 -0.393790 -3.125734
-0.288966 -0.023055 2.635641
0.313543 -0.332533 3.104952
-0.475315 -0.125641 2.746981
0.276515 -0.069249 2.551999
-0.068185 0.236175 -3.101212
-0.074588 -0.341136 -3.021034
-0.047214 0.374063 3.120644
0.064573 0.299745 2.941205
0.068461 -0.211196 2.691973
0.031806 0.038210 2.832962
-0.036542 -0.101130 3.105568
-0.146550 -0.257249 -0.096102
0.014924 0.064864 -0.418809
0.525607 -0.258841 -0.244092
-0.325986 -0.029357 -0.137969
0.890355 -0.034294 0.259286
-0.016214 -0.382866 -0.382250
0.117441 -0.130497 0.545749
0.342122 -0.353417 0.076421
-0.836773 -0.309751 0.042012
0.175918 -0.144813 -0.431961
-0.120246 -0.012854 0.082040
-0.016759 -0.906094 -0.181305
0.206951 -0.733615 0.337855
0.094629 0.104181 -0.193748
0.051954 -0.603813 -0.106623
-0.160291 0.166718 -0.109625
-0.572275 0.209141 0.012595
-0.253999 0.203176 -0.023974
-0.214048 -0.130787 -0.291635
-0.211857 -0.131440 -0.800017
-0.156404 0.035925 -0.786877
-0.216381 -0.068708 0.006581
-0.078992 -0.082260 0.391987
-0.023598 -0.119674 -0.362397
-0.126994 0.276124 -0.256290
0.632275 0.002414 -0.191525
-0.426369 -0.092382 -0.848243
0.001452 -0.158101 0.286584
-0.306623 -0.030573 0.111640
0.118517 -0.873871 0.805628
-0.131977 0.519162 -0.132833
-0.016224 -0.221883 0.194101
-0.162513 0.068521 0.388530
0.142959 -0.517164 -0.984709
0.152701 0.297434 -0.046396
-0.118003 0.080386 -0.227157
-0.101970 0.126062 0.086742
-0.652814 -0.053158 0.072174
-0.172943 0.293756 -0.171169
-0.721379 0.050295 -0.109376
-0.579924 0.244924 0.251082
-0.210478 -0.194035 -0.284469
-0.204269 -0.325796 -0.379716
-0.330592 -0.195427 -0.109451
-0.093987 0.311128 -0.278673
0.143651 -0.264621 -0.067049
-0.061912 -0.290570 0.134745
-0.192528 -0.341802 0.126542
-0.107407 -0.702847 -0.661248
-0.121890 -0.362428 -1.428421
0.258524 0.208872 -0.333015
0.117324 0.439565 0.223757
-0.339981 -0.192250 -0.338506
-0.289138 -0.309176 0.009947
-0.037465 -0.392890 -0.280691
0.304452 -0.463778 -0.113859
0.162965 -0.144079 -0.378440
-0.087334 -0.182039 0.754816
0.032675 0.050904 -0.170506
-0.285589 0.091605 -0.577453
-0.252331 -0.051792 -0.559572
0.367118 -0.340527 -0.521060
0.121699 0.243892 0.220880
-0.050549 -0.535627 -0.865698
-0.251759 -0.082464 0.035737
-0.242928 0.284856 -0.364950
-0.024875 0.290111 0.022461
0.105109 -0.215143 -0.372138
-0.037327 0.105631 0.268317
-0.161465 -0.511836 -0.695001
-0.317963 -0.452147 -0.266855
-0.502857 -0.202357 0.062260
-0.003924 -0.772336 -0.633910
0.031257 0.243290 0.166426
0.210465 -0.519907 -0.848038
0.128533 -0.490319 -0.759849
-0.167381 -0.250786 -0.113856
-0.145321 -0.033622 -0.626395
-0.438203 0.311886 -0.291208
0.637182 -0.074120 -0.274904
-0.405399 -0.261207 0.144772
-0.298215 0.048922 -0.323707
0.274955 -0.501266 -0.111200
-0.240988 -0.427872 -0.338544
-0.510115 -0.491582 0.007839
-0.048894 -0.744406 -0.031627
0.517827 -1.306776 -0.485274
0.284267 -0.255236 0.042312
-0.079060 -0.956941 0.165494
0.035873 0.226508 -0.346681
-0.041489 0.371165 0.261899
0.241614 -0.378228 -0.397341
0.259273 -0.132694 -0.427342
-0.412029 -0.105938 -0.468838
-0.353258 0.009150 -0.228853
0.066729 -0.404089 -0.379752
-0.234247 0.642694 0.067949
-0.157760 0.441959 0.093483
-0.252277 0.052961 -0.477277
-0.121803 0.509470 -0.999636
-0.025967 0.356383 0.659256
0.069608 0.095387 0.220262
0.222497 0.069645 -0.318225
-0.254171 -0.024904 -0.917366
0.110973 0.498225 -0.617369
0.510305 -0.012894 -0.147170
-0.302010 0.505122 -0.122442
-0.168426 -0.703934 0.188354
-0.027177 0.193694 -0.714521
-0.099526 0.191426 -0.278833
-0.362926 -0.354204 0.550323
-0.256499 0.031428 -0.074401
-0.245289 -0.011387 -0.066776
0.007132 -0.345778 -0.043530
-0.300916 0.368358 0.234483
-0.287153 -0.604299 -1.090102
-0.268230 -0.089029 -0.941337
0.231971 -0.699950 -0.124126
-0.131675 -0.117304 -0.267066
-0.040835 0.363858 0.302946
0.015981 -0.418105 -0.214292
-0.218995 -0.237168 -3.134205
-0.104460 0.121822 3.126074
-0.857616 -0.319314 3.036773
-0.435764 -0.617789 2.824519
-0.691530 -0.236435 -3.082832
-0.307726 -0.374343 2.711773
0.007847 -0.003617 2.825374
-0.479215 -0.258775 -3.083494
0.158454 -0.253516 3.012719
0.015590 -0.083079 2.827769
-0.404091 -0.138490 -3.036575
-0.314430 -0.098986 2.802601
-0.400757 -0.086317 -3.012943
-0.338292 -0.036375 -3.029998
0.017973 -0.169618 3.116874
-0.161313 -0.975985 2.629253
0.229607 -1.317033 3.073049
-0.122939 -0.474418 2.808544
0.132227 -0.303286 2.897221
0.238124 -0.491999 3.009399
0.100417 -0.270995 -2.879411
-0.302639 -0.610240 3.130334
0.284777 -0.259312 2.979456
0.138739 0.056771 -3.047931
-0.353214 -0.128458 -2.901504
0.218236 -0.213156 -2.984976
-0.275594 -0.027564 3.123523
-0.274803 -0.619776 2.620065
-0.067348 -0.564210 -2.984781
0.012694 0.176837 2.753394
-0.178453 0.169038 3.081243
-0.098712 -0.632470 2.796523
-0.342357 -0.330910 -3.003606
-0.253012 0.245587 3.076851
0.033433 -0.279770 2.969720
-0.025966 0.208887 3.039795
-0.026619 -0.395906 2.897596
0.103157 -0.272392 2.995037
-0.450348 0.044808 -3.122507
-0.221643 -0.111002 2.974620
-0.151237 0.308920 3.061268
-0.141866 -0.632013 -2.872325
-0.002110 -0.533184 -3.103290
-0.192569 0.055071 -2.481155
-0.340066 -0.151844 2.807044
0.155408 -0.268396 -3.133958
-0.245685 -0.428448 2.686055
0.417052 -0.879941 3.038185
-0.021352 -0.278420 3.076955
-0.148085 0.087655 3.051455
-0.082936 -1.135416 -2.951573
-0.027201 -0.198736 2.967814
0.130358 -0.154295 2.156817
0.179642 0.380776 2.616740
-0.650613 -0.319378 2.997538
-0.068950 -0.068591 2.286557
0.107653 -0.181154 -3.039906
0.116289 0.285685 2.954779
-0.171704 -1.016421 2.994448
0.384152 -0.290496 3.074299
0.057236 0.471939 2.851478
0.114812 -0.147978 -3.012063
0.073668 0.170721 2.641640
0.049145 -0.288408 2.884390
0.191282 0.100619 -2.935579
-0.824699 0.394838 2.905489
0.012282 0.016183 2.966805
-0.404665 0.333174 -2.960769
0.137488 -0.414160 -2.954011
-0.560319 -0.079187 2.832681
-0.297268 -0.136311 3.027607
0.438282 0.059698 3.012641
-0.022699 0.088128 2.743222
0.267909 -0.552564 3.125250
-0.451509 -0.072162 -2.557839
0.001782 -0.297120 2.265319
-0.071364 0.096959 2.862178
0.167384 -0.175429 2.748005
0.075927 -0.085301 3.081656
-0.073105 -0.149066 2.992480
0.053682 0.502457 3.028045
-0.490473 -0.278833 2.265728
0.372804 -0.311395 3.039230
0.275199 -0.322980 2.970132
0.203725 -0.293096 2.719568
0.649660 -0.033606 3.035168
0.093339 -0.588411 2.848489
0.256235 -0.713150 -2.990839
-0.019294 -0.138084 2.648699
-0.410572 0.034739 3.092469
-0.523154 -0.788353 3.114099
-0.053356 0.035314 -3.070039
-0.260827 -0.282664 2.805766
0.290431 0.048120 2.876869
-0.675929 -0.291183 2.665763
0.029746 0.303897 2.857052
-0.180974 0.007535 -3.040340
-0.858414 -0.216482 2.823853
-0.516716 -0.401453 2.825179
-0.192847 0.225278 -3.018535
-0.087138 -0.078407 2.834237
0.086104 -0.172567 2.524350
-0.213390 -0.714359 -3.097805
-0.154631 -0.604818 -3.117724
0.044938 -0.260094 2.788971
0.302963 0.003936 3.012459
-0.004405 0.550002 3.107992
-0.201590 -0.139085 2.992740
-0.311909 -0.027570 -3.047910
-0.138377 -0.050655 2.648447
-0.206257 0.232836 -2.979107
-0.014550 -0.259209 2.740080
-0.784221 0.097830 2.654114
-0.308352 -0.116690 -0.332062
-0.282093 -0.449631 0.021763
0.106713 0.035720 0.086662
0.025686 -0.047034 -1.034230
0.046328 -0.677117 -0.412565
-0.274808 0.479627 -0.852302
-0.144625 -0.436024 -0.295320
-0.271465 0.242825 -0.255125
0.192724 0.129567 -0.137572
-0.054476 -0.155138 0.436080
-0.581238 -0.359788 -0.119900
-0.432178 -0.322049 0.166749
0.029503 -0.439771 0.391481
0.226807 -0.436520 -0.464943
-0.091725 0.066679 0.620618
-0.187975 -0.012031 1.123720
0.352638 -0.173399 -0.087915
0.009381 -0.291224 -0.314349
-0.109005 -0.600091 -0.066880
-0.250087 -0.046286 -0.130501
-0.094467 -0.369140 -0.018273
-0.769881 -0.405535 -0.159798
-0.469766 0.439899 -0.142495
-0.496529 0.263798 -0.234887
0.223051 0.331128 -0.079421
-0.188541 -0.025500 0.136399
-0.573350 -0.506578 -0.482712
-0.339407 -0.656249 -0.001940
-0.134156 -0.218687 -0.056370
-0.322557 -0.119581 -0.064548
-0.069665 -0.105083 0.368970
-0.174413 -0.867171 -0.364254
-0.464699 -0.029577 -0.126085
0.038320 -0.362968 0.112890
-0.379576 -0.536491 -0.192314
-0.070023 0.772303 -0.172410
0.295770 -0.309551 -0.498749
0.332831 0.534349 -0.470244
0.011312 -0.083562 0.280375
0.254396 -0.384851 -0.155562
0.579031 -0.981088 -0.038656
-0.545300 -0.215834 3.121397
0.156155 -0.343914 3.137859
-0.288213 0.270804 -3.088430
0.134163 0.158494 2.884652
-0.044098 -0.062401 2.747977
0.160284 -0.356999 -3.055447
0.140371 -0.074052 2.717833
0.199448 0.103837 3.022451
0.115101 0.172371 2.627602
0.318224 -0.379159 2.757241
-0.066856 -0.144104 -2.876064
-0.052032 0.542527 2.383817
-0.122278 0.030572 2.793816
0.196568 -0.394011 -2.982325
0.066200 -0.106975 2.288338
-0.212312 -0.889266 3.025020
-0.193707 0.715412 2.842816
-0.172152 0.160807 2.989947
-0.235280 -0.267897 2.578412
0.046806 0.017824 2.734122
-0.073792 -0.468052 -2.950564
-0.074639 0.255015 2.798616
0.285134 -0.387052 0.304210
0.233217 -0.478633 0.012178
0.265264 0.166773 0.335398
-0.089907 -0.145366 0.041224
0.342900 -0.133631 -0.462080
-0.502424 -0.144197 -0.096157
0.216014 -0.394653 -0.381877
-0.322581 0.068628 -0.272834
-0.411740 -0.273164 -0.142238
0.437552 0.285113 -0.502404
0.123805 0.328936 -0.213273
-0.210381 -0.302152 -0.683757
0.018442 -0.714603 -0.486698
0.119701 -0.545896 -0.454068
-0.156211 -0.210079 0.001483
0.049846 0.054997 -0.607033
-0.295895 0.049310 -0.765225
-0.275535 -0.219908 0.096308
0.030773 0.497425 -0.219155
-0.059419 0.099058 0.055869
0.036517 0.152468 -0.678396
-0.257814 0.303116 -0.465339
-0.724035 0.620307 -0.050158
-0.009375 -0.037459 -0.317435
-0.812980 0.543153 -0.284107
-0.177709 -0.214028 -0.279261
-0.208779 -0.542670 -0.764373
-0.576329 0.015284 -0.458299
-0.018793 0.268270 -0.194795
-0.107325 0.193466 -0.502929
-0.383372 -0.001929 0.012758
0.007147 0.123075 -0.351027
-0.180523 -0.298659 0.050559
0.314182 -0.054308 -0.014807
0.154829 -0.236651 -0.635712
-0.266165 -0.075057 0.544100
-0.118045 0.219690 0.144145
-0.043339 -0.102582 -0.401593
0.124283 -0.468704 -0.066471
-0.101287 0.025330 -0.301155
0.103147 0.369923 -0.180819
-0.078137 -0.235615 -0.565177
-0.017230 -0.045284 0.572801
-0.107383 0.042953 0.183138
-0.281370 -0.500245 -0.306655
0.011042 -0.119114 -0.288402
-0.872751 -0.355879 -0.462511
-0.515457 -0.443427 -0.074928
0.012044 -0.121903 -0.327270
0.098707 -0.575923 -0.038811
-0.425378 0.256936 -0.607162
0.165774 0.346461 0.029348
0.055077 -0.250251 0.442264
0.062570 -0.219162 -0.328227
0.320908 0.133689 -0.012617
-0.286803 -0.028305 0.029312
-0.343682 -0.284080 -0.208122
0.009678 -0.242776 0.538415
-0.110981 0.324651 0.350031
-0.318370 -0.139757 0.322611
-0.003284 -0.144526 -0.653355
0.097866 -0.524800 -0.000723
-0.277051 -0.172682 -0.899577
-0.682092 -0.209562 0.154911
0.226332 0.141683 -0.014294
0.504108 -0.778191 -0.535993
0.133391 -0.549223 -3.024806
-0.011145 -0.725677 3.107188
0.181005 0.018347 2.971726
-0.010641 -0.270783 2.674771
-0.268732 -0.329378 2.589677
-0.675789 -0.121534 2.907618
0.032844 -0.297200 3.014170
-0.201845 -0.752060 2.869730
0.226235 -0.057282 2.867440
-0.254809 0.606424 -2.749067
-0.059426 -0.390028 2.646220
0.412888 -0.569405 -3.036705
-0.041327 -0.424097 -2.980588
-0.219692 -0.121820 2.646098
0.012834 0.284800 3.086461
0.126191 0.115555 -2.850003
-0.430213 -0.406308 -2.975879
-0.600088 0.066227 3.052035
-0.139440 0.259912 -3.005912
-0.172083 0.207478 2.830235
-0.223256 0.224200 -3.050706
0.730222 0.440665 -3.132612
0.061423 -0.231827 2.749793
0.094499 0.100791 2.867602
0.070819 -0.093094 2.125260
-0.144774 -0.167858 -3.100712
-0.022262 -0.050732 2.867562
0.144840 -0.376406 -2.848255
-0.265330 0.144764 2.934225
0.298033 0.174323 2.976932
-0.077933 0.329567 -3.130267
0.585225 0.342854 -2.967760
0.162140 0.058020 -2.914867
-0.391497 0.446789 -2.909190
-0.119776 0.017334 3.048565
0.274478 0.193542 2.910538
0.203910 -0.275173 3.082899
-0.129311 0.006355 2.937903
0.108985 -0.403793 2.760528
-0.420592 -0.557109 -3.005345
-0.372819 -0.121232 2.888496
-0.318994 -0.175310 2.702299
0.041405 0.119562 -3.026237
0.004745 -0.863877 2.746584
-0.429358 -0.522050 2.809352
-0.252366 -0.592709 2.942140
0.218804 -0.379171 3.028331
-0.446324 0.119076 2.924732
-0.038818 0.009898 2.798028
0.174924 0.255125 -3.119186
-0.236693 -0.497702 2.904424
-0.126373 -0.953158 2.951851
0.079019 0.087953 2.956485
0.338291 -0.162541 -3.048265
0.087340 -0.093768 2.987784
-0.164386 0.338238 2.848118
0.267419 0.451335 2.879154
-0.248672 -0.312465 2.849005
0.187428 0.205464 2.696524
0.077477 -0.314378 2.880851
-0.299300 -0.178952 2.342682
0.078995 -0.125953 -3.131681
-0.423277 -0.176021 3.135272
0.200696 -0.103257 3.030684
-0.110629 -0.398025 2.642436
0.218057 -0.129868 -2.393702
-0.113557 0.496326 2.998084
0.102521 -0.097846 2.680745
-0.274837 0.100321 2.945960
0.254855 0.231206 3.104783
0.166828 -1.002123 2.775925
0.026007 0.144495 2.994932
-0.045999 -0.202794 2.952696
0.134771 -0.149821 -2.861581
-0.322544 -1.032911 2.897025
0.139834 -1.229375 2.996416
-0.228399 -1.003069 2.848480
-0.373305 0.153142 2.917849
-0.089837 0.435550 -0.281680
0.198419 -0.570033 0.139099
0.040011 0.067347 0.106165
0.234267 -0.151097 0.263675
-0.028749 -0.738042 0.065097
0.027564 -0.031482 -0.225252
0.385065 -0.413542 -0.537943
-0.303379 -0.208349 -0.897426
-0.264022 -0.399482 -0.436120
0.618678 0.077671 -0.485564
-0.074091 -0.050406 -0.048147
-0.319197 -0.129296 0.187615
-0.215719 0.322728 0.029066
0.137717 -0.273190 0.010821
0.098267 -0.198792 -0.313884
-0.251600 -0.318400 0.257931
-0.438583 -0.367992 -0.195842
0.029695 0.128178 -0.166980
-0.014773 -0.355628 -0.195279
-0.292895 -0.396467 0.037852
-0.582641 0.183187 0.113947
0.244358 -0.343533 -0.004667
-0.102757 -0.184692 -0.256384
-0.260564 0.012845 -0.321175
-0.191976 -0.258717 -0.439490
-0.485302 0.067361 -0.058829
-0.131079 -0.189273 -0.613154
0.335221 -0.973560 -0.375678
-0.387698 -0.887999 1.836254
0.522945 -0.306916 2.550053
-0.118696 -0.136526 2.780152
-0.385458 -0.369051 3.083854
0.020688 -0.291911 -2.977210
0.055043 -0.424076 3.082323
0.919185 0.507544 2.935298
-0.293014 -0.407122 2.985714
0.337751 -0.250385 3.110085
-0.813659 -0.301114 2.561895
0.041100 -0.754022 -3.083729
-0.174294 -0.147298 2.780470
-0.264957 -1.007748 3.066261
-0.261296 0.368783 2.929452
0.252175 -0.151275 -3.123994
-0.385149 -0.422549 2.605549
0.154802 0.158605 2.778699
-0.209899 0.006559 -3.073965
-0.867631 -0.256668 -3.121708
0.447281 0.167052 2.753555
-0.022234 0.226309 2.573493
-0.145170 -0.243552 2.643747
-0.253168 -0.050511 3.020414
-0.111467 -0.184434 3.061944
0.179734 0.034447 2.283673
-0.128130 -0.122058 2.851912
0.159370 -0.428967 3.062772
-0.053808 -0.350837 3.131309
0.863736 0.127186 2.751717
0.136209 -0.614581 2.909510
0.171326 -0.355256 -2.997260
-0.077526 0.289272 3.140383
-0.378618 -0.238779 -3.055677
0.118612 0.025121 2.996549
0.267150 -0.087642 2.886403
0.267788 -0.295022 3.043764
-0.092156 -0.164757 3.064945
-0.186841 -0.360036 2.782350
-0.205078 0.305485 -2.766747
-0.504696 0.989852 -3.107350
-0.025663 0.000278 3.088881
0.123721 0.486512 2.263023
-0.233953 -0.708250 -2.601805
0.270270 -0.386048 -2.968202
-0.363099 0.218291 -3.134070
-0.264031 -0.883785 2.758642
0.011868 -0.220853 -2.926193
-0.018727 0.138309 2.439225
0.013891 -0.646043 -2.718279
-0.194835 -0.226193 -3.049975
-0.171127 0.125498 2.855583
0.324559 0.339659 3.049253
-0.329592 -0.131941 -2.665915
-0.178734 0.279698 -2.836652
0.017495 -0.322718 -3.080585
-0.482206 -0.579335 2.824545
-0.224077 -0.747572 -2.868657
0.271106 -0.494069 3.041588
-0.010681 -1.107412 2.431217
0.338805 0.021540 2.882446
0.149827 -0.111486 2.826713
-0.043877 -0.638761 2.871705
0.001501 -0.440987 2.503766
-0.217613 -0.323894 2.965231
-0.203911 -0.037362 2.695643
-0.048179 -0.072041 -3.096243
-0.150778 0.148699 -3.062391
-0.414026 0.023333 2.917789
0.069527 -0.038364 2.887698
-0.188931 0.020654 -2.764778
-0.045989 -0.909024 2.921311
-0.103564 0.212405 2.953386
0.123920 -0.277647 2.606523
0.258892 0.062409 2.772839
-0.187644 -0.387459 -3.100843
-0.154740 -0.444624 -2.988155
-0.486705 -0.088010 -2.886707
-0.241930 -0.739570 2.231209
-0.173406 -0.226385 2.938078
-0.045834 -0.153162 2.520942
-0.574172 -0.185776 3.056221
-0.239326 -0.367580 2.365454
-0.412936 0.262642 2.362291
-0.216950 -0.188820 2.368387
-0.107232 0.443620 2.420504
0.033941 -0.331494 2.479949
-0.390476 0.455464 -3.037429
-0.199317 -0.502923 2.876281
-0.421852 -0.605100 3.056365
-0.223508 0.472959 2.599772
-0.068744 -0.408643 -2.917148
-0.032502 -0.276006 2.829929
0.081073 -0.183274 2.748863
-0.390964 -0.434031 2.530235
-0.337918 -0.414989 2.854346
-0.157281 -0.229293 2.730104
0.289248 0.488832 3.120955
0.163989 -0.491034 -3.055230
-0.456627 -0.390952 0.031640
0.114111 0.275337 2.874596
-0.235608 -0.411093 -2.641903
-0.379236 -0.111612 2.884125
0.006710 -0.996520 2.993129
0.033360 -0.788090 2.666930
-0.200352 -0.278149 3.070937
0.215833 0.339716 3.038956
-0.072764 -0.542985 2.588754
0.333178 0.053511 -2.691761
-0.303940 -0.002765 2.936563
0.081281 0.037708 -2.954440
0.029818 -0.081771 -2.571174
0.212119 0.172408 2.883194
-0.129541 -0.533168 3.089633
-0.052090 -0.452514 3.051810
-0.267540 -0.705841 2.883841
0.359877 0.252092 2.881181
-0.152025 0.230220 2.787804
-0.062837 -0.029421 3.064840
-0.073203 -0.197002 2.503303
0.456994 0.269884 3.081009
-0.166675 -0.119243 2.692893
-0.007161 -0.077288 2.598537
0.036289 -0.448166 3.056769
0.231349 0.079150 2.546661
-0.038353 0.140034 3.107380
-0.278518 0.037133 2.644896
-0.084328 -0.268510 1.889047
0.106089 0.150911 -3.138419
-0.330423 0.030470 3.094532
-0.168888 0.266517 -2.704162
-0.315965 -0.039899 -2.987764
-0.033991 -0.190513 2.960041
-0.413686 -0.357126 2.968237
-0.165900 0.279458 2.757246
-0.263349 0.135758 2.913082
-0.047881 -0.634926 -3.135846
0.137706 0.093253 2.277302
-0.229476 -0.688653 2.470436
0.050883 0.159592 2.894752
0.079238 0.168566 3.079691
-0.120809 0.278930 -3.027425
0.216354 -0.374212 2.645212
-0.351005 0.045804 3.031799
0.190179 0.067475 2.926011
-0.146680 -0.727944 2.809283
-0.345603 -0.005546 2.905178
0.246738 -0.328178 3.108717
0.109319 -0.298831 2.546289
-0.132136 0.118868 2.774354
-0.013810 -0.352993 2.968205
0.314564 -0.481280 2.921529
-0.115673 -0.374902 2.767847
-0.216565 -0.188434 2.758505
-0.256417 0.237244 2.737341
-0.267001 -0.487344 3.138271
0.198140 -0.199093 3.020612
-0.052193 0.599990 2.748333
0.491669 -0.227174 -0.080363
-0.026549 0.065982 -0.187112
-0.111986 0.011989 -0.375319
0.007408 -0.368489 -0.367529
0.403251 -0.342982 -0.707308
-0.195883 -0.463600 0.920470
-0.363673 -0.315099 -0.280534
0.355812 -0.196830 -0.308554
0.035827 -0.539239 0.214833
-0.152654 0.042510 -0.133553
-0.015446 -0.221838 0.591343
0.418926 -0.149916 -0.539826
0.337070 -0.446467 0.018655
-0.303900 -0.181300 -0.175109
-0.141572 -0.347508 0.245637
-0.240133 0.133795 -0.180350
-0.089743 -0.722765 -0.027272
-0.100630 -0.099866 0.237169
-0.205321 0.019493 0.478065
-0.285409 -0.806306 -0.656876
-0.040391 -0.534916 -0.876047
-0.184695 -0.388189 0.117523
0.543523 -0.952047 -0.257801
-0.103952 -0.041223 0.100657
-0.171734 -0.051078 -0.189835
-0.076661 0.317394 -0.746399
-0.111936 0.211180 0.769084
-0.044345 0.358705 0.148100
-0.315395 0.039572 -0.354740
-0.455980 -1.148865 0.522543
-0.260165 0.182310 -0.059213
-0.275158 -0.796984 0.480835
-0.389761 0.113174 0.830572
-0.035990 0.032142 0.082588
-0.025428 -0.128327 0.784754
-0.031892 -0.722957 -0.130839
0.040824 -0.050358 -0.330658
0.336367 -0.049276 -0.199634
-0.452866 0.055097 -0.336624
0.273957 -0.359428 -0.124452
0.042582 -0.216141 -0.136076
-0.221107 -0.074006 -0.569860
-0.315451 -0.478192 -0.170352
-0.389549 -0.163888 -0.580145
-0.213052 -0.256345 -0.064135
-0.022050 -0.106089 -0.077181
0.031000 -0.069524 0.119562
0.103055 -0.168875 0.405189
-0.150153 -0.657023 0.490182
-0.505304 -0.212445 -0.146032
-0.210344 -0.153468 0.130599
0.176575 -0.281615 -0.077719
0.058556 0.092974 -0.308004
-0.275868 -0.019598 0.425555
-0.217396 -0.374239 -0.281246
-0.263883 -0.119183 -0.136057
0.077531 0.164090 0.305745
-0.021493 0.323984 -0.205186
0.387282 0.825263 0.352307
-0.254903 -0.363902 -0.239062
-0.275974 -0.104694 0.020523
-0.005777 0.001745 -0.119760
0.063791 -0.219929 -0.752651
-0.109449 0.054172 -0.183222
0.156404 0.060200 -0.291092
-0.012861 0.202767 -0.536998
0.255626 -0.006833 0.027436
0.064916 0.162001 -0.256649
0.083219 -0.164180 -0.322522
0.077442 -0.289681 -0.286769
-0.191718 -0.351282 -0.224193
-0.010461 -0.491369 -0.244096
-0.289470 -0.322370 -0.376635
0.217636 0.136847 -0.331021
0.328832 0.031780 -0.100362
-0.405277 0.111004 -0.330042
-0.329273 0.115202 0.039985
0.061101 0.249324 -0.128933
-0.004693 0.131707 -0.155952
0.000335 -0.069820 -0.339389
0.118656 -0.367262 0.272798
-0.120873 -0.673824 -0.120091
-0.118849 0.068826 -0.185744
0.237100 -0.371479 -0.046762
-0.076113 0.074902 -0.226278
-0.027976 0.382399 -0.330836
0.352617 -0.356554 0.038092
-0.173384 0.003902 -0.323103
0.138742 -0.054099 0.030118
0.052673 -0.414519 -0.097428
0.005311 -0.373799 -0.125355
-0.007624 0.092558 0.252453
0.030293 -0.411840 -0.270843
-0.045166 -0.510388 -0.643615
-0.114196 -0.213040 -0.211527
0.222421 -0.211744 0.401987
0.171529 -0.468182 0.288453
0.055027 0.367061 0.247437
-0.177269 0.791874 0.805577
0.081830 -0.110493 -0.598878
-0.203157 -0.259023 -0.548816
-0.062323 0.085824 -0.526029
0.037265 -0.281787 -0.619340
0.465788 -0.336093 -0.923567
-0.004148 -0.366791 -0.653815
0.140253 -0.477606 -0.070340
-0.502760 -0.363268 -0.085923
0.321199 -0.402339 -0.377000
-0.030288 -0.298529 -0.114663
-0.177761 -0.851198 -0.003829
-0.180947 0.083426 -0.173531
-0.059577 0.008986 -0.058164
-0.006952 -0.703666 -0.193985
-0.600113 0.187963 -0.559671
-0.342517 -0.516660 -0.800767
-0.071870 -0.256679 0.100585
-0.356970 -0.353195 -0.693677
-0.433168 0.014832 0.038829
-0.412050 -0.808954 0.839462
-0.287976 0.550392 -0.182390
0.581883 -0.390841 0.355993
0.114622 0.057119 -0.164275
-0.065602 0.568375 0.059662
0.039499 0.068836 -0.363054
-0.296319 -0.393873 -0.389380
0.061757 -0.490958 0.183015
-0.434833 0.142641 -0.002262
-0.097508 -0.015973 0.269753
-0.149592 0.149169 0.060707
-0.033093 0.042525 0.328979
-0.082718 -0.159007 0.022375
0.295393 -0.795277 0.157161
-0.336730 -0.494035 -0.459643
0.096825 -0.179710 -0.316349
-0.084606 0.172406 0.196880
-0.262667 0.045934 0.253352
-0.303611 -0.359418 -0.631502
-0.480084 0.092865 -0.286200
0.543041 0.065798 -0.216402
0.097901 -0.165475 -0.128620
-0.108562 -1.270565 -0.510802
0.006326 -0.537552 -0.048357
-0.106984 0.147058 -0.250334
0.063818 -0.106559 0.093521
-0.091728 -0.230106 2.787499
0.198069 -0.010267 2.993733
0.347441 -0.181686 2.994600
-0.308641 -0.392263 2.983466
-0.345341 0.443725 -3.010316
-0.333689 -0.014938 -2.708844
0.466827 -0.225286 2.944138
-0.161707 -0.139865 -3.112957
0.399738 -0.353976 -3.071340
-0.327249 0.205080 -2.792249
-0.190702 -0.107763 2.999149
-0.173859 0.244450 -2.890053
-0.109950 -0.198763 -3.117669
-0.432429 -0.560881 -3.138584
-0.092775 -0.346507 2.763487
-0.026855 -0.206658 2.465828
-0.085423 0.068105 3.024116
-0.167582 0.047678 3.051161
0.016241 -0.248713 2.922773
0.035296 -0.245940 2.853566
0.276801 0.299980 2.967276
-0.256674 0.174419 2.869333
0.069555 -0.268670 -3.071613
0.046020 0.497565 -2.646504
-0.308889 0.105603 3.042505
0.170591 0.170692 2.670471
-0.046909 -0.335034 2.811434
0.204989 0.881200 2.973431
0.048372 -0.353118 3.011290
-0.603781 0.165213 -3.023063
0.476473 0.455928 2.866587
-0.154662 0.086754 3.034233
-0.280385 -0.487030 -3.081483
0.514799 -0.099160 -2.741694
-0.114046 -0.202807 -0.081489
0.421934 0.162945 -0.163110
-0.010107 -0.127986 0.589485
-0.225112 -0.223944 -0.346543
-0.233117 0.210223 -0.523269
0.148432 -0.199787 -0.689744
-0.413545 -0.005447 0.716651
-0.168662 0.053329 -0.978222
0.119114 -0.152402 -0.081234
-0.367874 -0.753581 -0.233348
-0.505730 -0.404992 0.330471
0.113064 -0.356887 -0.362920
0.019461 -0.201173 0.081129
0.436094 -0.443354 -0.598873
-0.163931 0.166201 0.067590
0.186490 -0.103561 -0.172265
0.190733 0.198027 -0.130167
0.053937 -0.356469 0.158854
-0.292761 -0.286825 -0.205950
-0.126907 0.046214 -0.240104
-0.321677 -0.235830 -0.299292
-0.392108 -0.384897 -0.049307
-0.123574 -0.126338 -0.184393
-0.083895 0.280875 0.075195
-0.284801 -0.360415 -0.027316
-0.139140 0.018368 0.640449
-0.031158 0.219928 0.073164
0.138851 -0.342288 -1.238968
-0.203512 -0.103440 0.490891
-0.186778 -0.339614 0.245381
-0.043409 -0.301777 -0.175246
-0.355390 0.007506 -0.293234
-0.324846 -0.675613 -0.021609
-0.457260 -0.111845 -0.112467
0.197550 -0.120358 0.358594
-0.315663 -0.171938 0.033074
-0.077557 0.215411 0.124211
-0.026333 -0.270249 -0.072392
0.382168 -0.286616 -0.041310
0.078620 -0.157499 -2.052483
-0.625037 -0.146127 2.848867
-0.207549 -0.091465 -3.025014
0.030678 0.263060 3.050237
-0.018395 -0.103411 2.915013
-0.353522 0.165862 -3.043821
0.557013 0.025883 2.977740
-0.274346 -0.099054 -3.102435
-0.306240 -0.369781 2.868232
0.097144 -0.927432 2.734704
-0.141975 -0.110939 2.680752
0.040091 -0.118459 3.085841
-0.047551 0.001254 2.897160
-0.248216 -0.187816 3.093771
0.120194 -0.328617 3.112196
-0.267383 -0.245417 2.762161
-0.010147 0.443398 -0.437391
-0.231766 -0.032924 -0.314318
-0.316910 -0.178623 -0.244463
0.235451 -0.426119 -0.368974
-0.296734 -0.251828 0.263554
-0.741050 0.161296 -0.031154
-0.228657 -0.275918 2.962583
0.099933 0.041755 2.791669
-0.260488 -0.016370 2.791518
0.032804 0.175349 2.780887
-0.290824 0.062623 2.681820
0.193828 0.268285 2.893561
-0.205798 0.122510 3.029510
0.010568 0.808345 2.852082
0.177167 -0.426434 2.310099
0.123594 0.215570 2.844023
-0.265180 -0.197973 -3.024542
-0.064220 -0.071487 2.823415
-0.181763 0.511600 2.939346
0.260813 -0.452793 2.881009
-0.188534 -0.427516 2.778032
-0.431238 0.555072 3.078336
0.000446 0.164696 2.961487
-0.205893 0.630884 -3.118861
0.084126 -0.529862 -3.094532
-0.627048 -0.369255 -3.109505
-0.116456 -0.272022 -2.949318
-0.526561 0.474695 -3.021424
-0.144565 0.194173 3.009201
0.335458 -0.450064 -2.625152
0.081928 -0.050934 3.067323
0.061343 -0.736555 -2.762676
0.374583 -1.019691 3.049869
0.173238 -0.492607 -3.099444
-0.030981 -0.079998 -3.141038
-0.145268 -0.251858 3.086670
-0.127636 -0.121597 3.018626
0.166006 -0.043123 3.098970
-0.089630 -0.408446 3.123309
-0.718280 -0.158526 2.611404
-0.297875 -0.111588 2.810691
0.222385 -0.525686 -3.053796
-0.324749 0.485281 2.865708
0.036174 0.333743 3.082358
-0.107151 -0.452633 2.898261
0.077093 0.281843 -2.967072
-0.311215 0.523232 2.916346
-0.273098 -0.035765 2.768422
0.102714 -0.177059 2.953803
0.067503 -0.218448 -2.657921
-0.289334 0.142298 2.807328
-0.048308 0.270916 2.509157
0.200601 -0.283482 2.929578
0.278138 0.086175 -2.785032
-0.186394 -0.551321 2.601536
0.673425 0.016323 3.094616
0.375045 -0.464700 -2.959006
-0.309448 -0.083070 2.927251
0.375768 -0.002298 -3.126670
-0.403346 0.067645 2.917210
-0.213025 0.104468 2.942554
0.199600 0.415030 -2.978933
-0.123558 0.520832 3.059224
0.088128 -0.036486 2.902290
-0.109783 0.089448 3.027410
0.035343 -0.663889 3.106952
0.486795 -0.055624 2.783809
0.162489 0.131840 -3.016966
-0.319800 0.272817 2.187030
-0.339948 0.045108 3.065033
-0.465875 -0.434460 2.952254
0.452766 0.172285 2.924705
-0.148267 -0.273754 3.137858
-0.082751 -0.294890 -3.000120
0.174260 -0.222982 3.094719
0.107885 0.232885 -3.029113
-0.258417 -0.375700 2.947377
-0.124052 0.186852 2.584977
0.280795 0.212607 2.943155
-0.148006 0.157574 2.629781
2.352732 -0.177625 2.821152
2.918233 -0.053176 -3.060743
2.725685 0.529111 3.009460
3.026438 -0.376414 2.655460
2.803932 -0.879816 2.982972
2.555362 -0.223118 -3.115247
2.992500 -1.300200 2.916858
2.864250 -1.348577 2.659622
2.759622 0.293034 2.793827
2.674764 -0.149368 3.084613
-3.097663 1.091996 2.651503
2.503802 -0.083706 2.963074
2.973439 -0.051715 -0.156254
2.658367 -0.248300 -0.084089
2.906110 0.136404 -0.937902
2.909504 -0.117300 -0.461824
-3.091140 -0.190980 0.719099
2.381329 -0.022809 3.012157
2.549648 -1.111697 2.866103
3.017089 -0.640813 2.464985
2.704679 -0.135813 3.133744
2.647111 -0.091885 3.108081
1.720547 -0.127607 3.018680
3.121902 -0.316109 2.722045
3.059781 -0.249137 -3.060876
2.008977 -0.964483 2.813037
2.834211 0.098847 3.029109
2.639535 0.168152 3.100187
2.946777 0.046418 2.995383
2.626935 0.012466 2.983911
-2.881765 -0.181423 2.883158
2.998793 -0.023154 2.829066
2.864592 -0.115521 -3.103222
2.942455 -0.392386 2.998375
2.768269 -0.323755 3.023261
2.986104 -0.343327 2.656822
3.101565 -0.134624 2.770205
3.066764 -0.205587 -3.106789
-3.016604 -0.210280 2.708239
2.591740 -0.042095 2.979063
-3.056662 -0.282698 2.851335
3.140951 0.158445 2.439181
2.869404 -0.366780 3.025602
2.749262 -0.257216 2.888016
2.841850 -0.710970 2.717426
2.347579 0.088547 -3.093113
-3.043698 -0.210175 2.906794
2.207836 0.020968 -2.764515
2.723305 0.124645 3.017141
2.785091 -0.241845 3.027457
-2.927844 -0.296568 2.925512
2.386406 -0.132574 3.058271
2.441067 -0.000796 2.898394
2.990359 -0.186750 -2.823800
2.656650 -0.277139 2.756168
2.450403 -0.433873 -3.057191
2.671414 0.140494 3.131938
2.815635 0.027295 2.951955
-3.118197 0.653330 -2.986310
2.759680 -0.438135 2.907727
1.076199 -0.030807 -3.069209
0.044729 -0.277470 3.101095
0.031272 -0.061272 2.716567
-0.141353 -0.450001 2.999530
-0.448212 -0.617348 2.724240
-0.114308 -0.127446 2.999331
-0.184477 -0.456351 3.087763
-0.137301 -0.015038 2.878878
0.103604 0.543279 2.903063
0.227222 -0.277411 -2.500379
0.145642 -0.546840 3.091709
-0.176281 -0.089250 2.832512
0.705566 -0.365794 3.088738
-0.499525 -0.239694 2.943352
0.062877 -0.000473 3.068520
-0.023178 -0.047520 -3.037248
-0.195336 0.004788 3.033932
0.317126 -0.380516 3.021409
-0.247431 -0.394408 -3.030977
0.055998 -0.236038 -2.899273
-0.018433 -0.035199 2.942660
-0.133410 -0.063336 -3.039742
-0.443513 -0.693511 1.993992
-0.421979 0.432570 2.778256
0.584992 0.043887 2.912302
-0.342105 0.131993 2.746942
0.156419 -0.611807 2.972362
-0.066460 -0.254979 3.127461
0.197589 -0.104718 3.036727
-0.354767 0.241725 3.054510
-0.066898 -0.061767 -2.938692
0.064733 0.835889 2.796324
-0.276484 0.177606 -3.095503
-0.236886 0.036324 2.511548
-0.271279 0.285597 2.537156
-0.586913 0.084093 -2.652220
-0.356381 -0.177206 2.821655
-0.151241 0.069773 3.127982
0.519844 -0.132638 3.089463
0.388503 -0.321937 2.892283
-0.029950 -0.072597 3.018690
0.183504 -0.754908 -2.705307
0.268749 -0.057563 -2.871280
0.248972 -0.159439 2.867400
0.284120 -0.049972 -3.129537
0.193520 0.359772 3.136689
-0.534839 -0.026286 2.923449
0.175813 0.016297 -3.006687
0.010813 -0.163526 3.033117
0.122000 -0.140892 2.373583
0.065917 -0.057398 3.077449
-0.622092 -0.546039 2.788516
0.289761 0.124608 2.801674
-0.251166 -0.832049 3.085634
0.287928 -0.258531 -3.084367
0.136035 0.097413 2.863872
0.027318 -0.391994 3.119174
-0.464907 0.401343 2.821321
0.270391 -0.208888 2.616255
-0.122651 -0.379076 2.161421
-0.272605 0.005271 -2.978804
0.384691 -1.196077 -2.899118
-0.013473 -0.769613 2.697663
-0.054627 0.055046 2.870671
0.391606 -0.476535 2.810833
-0.244941 -0.153497 2.782528
-0.085503 0.254527 2.945845
-0.256095 -0.156160 -2.996621
-0.015480 -0.089462 -2.999043
-0.033001 0.860196 2.674867
-0.222890 0.474189 2.924030
-0.103092 0.092791 -2.958577
0.224139 0.324038 -2.772180
-0.157917 -0.362818 -3.062177
-0.522663 -0.607736 2.755032
0.029546 -0.459983 2.613152
-0.165972 -0.663071 2.658888
-0.328376 -0.798433 -2.827468
-0.518764 -0.408018 3.080715
-0.120346 -0.029153 3.020461
-0.079719 -0.172075 -3.141452
-0.491592 -0.625325 -2.889688
-0.146718 -0.613110 -3.094580
-0.009451 0.076102 3.077556
-0.087303 -0.039098 2.855026
-0.021645 0.006343 -3.113760
-0.430835 0.244875 2.197131
0.230166 -0.843105 2.711458
0.323331 -0.228176 -2.992835
0.061944 -0.200866 2.700023
-0.124474 0.858720 2.424435
-0.343962 0.160544 -0.031182
-0.019205 -0.562557 2.928278
0.165862 -0.337869 3.028586
0.126199 -0.212248 -3.124570
-0.049167 0.202762 2.371063
0.502847 0.244810 3.013493
0.059718 -0.789821 2.777842
0.105495 0.302076 3.046812
0.054637 -0.386626 3.071060
-0.318456 -0.420411 2.084231
-0.001872 -0.610739 2.649132
0.115570 0.587171 2.820158
0.263631 -0.563512 -3.038655
-0.403264 -0.254608 3.054257
-0.763217 -0.226659 3.034904
-0.183272 0.163026 2.753323
-0.130558 0.262284 3.081489
-0.439360 0.047822 3.012165
-0.526868 -0.168633 -2.802692
-0.290826 0.083424 2.886470
-0.271915 -0.257719 2.846220
-0.347419 0.118164 2.939445
-0.187438 -0.318762 2.707576
-0.316372 0.136958 3.078469
0.007736 -0.477035 3.091750
-0.050144 -0.528014 -3.029746
0.373124 -0.784365 2.930259
0.185936 -0.250154 2.935486
-0.295253 -0.596219 2.980459
-0.066048 0.014894 -2.900146
0.021982 -0.190074 -3.024693
-0.055052 -0.230617 2.359241
-0.252016 -0.400541 2.990580
-0.225771 0.263329 2.950519
0.072555 0.017744 2.815717
-0.085805 -0.275586 2.892827
-0.170361 0.095861 2.560856
0.114665 -0.225170 -2.956313
-0.071678 -0.209668 3.052385
0.175554 -0.457915 -3.097279
0.245270 0.154499 2.863282
-0.730264 0.409043 -3.124700
-0.222764 0.046462 2.381074
-0.249877 0.169086 3.074387
0.003718 -0.013671 -3.103241
0.269144 -0.323714 3.110777
0.062521 -0.037279 3.068133
-0.117907 0.105973 3.059994
-0.378704 0.125986 2.733306
0.244920 0.339437 2.831213
-0.101006 0.275757 -2.295538
0.244816 -0.227274 2.713434
0.426423 -0.008260 2.966446
-0.384039 -0.964998 -2.750762
-0.000731 0.035914 2.635721
-0.379881 -0.143024 2.544931
0.446937 -0.217324 2.739361
-0.156463 0.181802 2.590219
0.099996 -1.075248 3.114449
0.114173 0.016035 2.991393
-0.167797 0.005916 2.885911
0.104779 0.369117 2.602846
-0.226306 -0.599791 2.774668
0.323045 -0.499304 3.003066
-0.051797 -0.377222 -2.798119
-0.042452 0.170337 -3.109793
-0.273418 -0.178724 2.930089
-0.268014 -0.639112 2.943048
0.342301 0.029559 2.938089
-0.338588 -0.039997 -3.138361
-0.063283 -0.157035 -2.609734
-0.032199 -0.018061 2.909629
0.002348 -0.437242 -2.883938
-0.009482 -0.200309 2.997759
0.442599 -0.369483 2.330189
-0.042674 -0.085495 3.037738
0.073432 -0.419953 2.998660
-0.553854 -0.145846 2.859898
-0.066297 -0.228023 3.003528
-0.142862 -0.425646 2.366850
-0.222826 -0.350124 2.870189
-0.049931 -0.342397 2.899131
0.163329 -0.071235 2.890320
0.136636 0.076443 -2.912358
0.059818 -0.253891 -2.823848
-0.057492 -0.036983 -3.088888
-0.167034 0.109673 2.922653
-0.129500 0.255216 -3.133333
-0.126250 0.290285 3.122734
0.073848 -0.154705 2.863901
-0.217045 0.066824 -2.916036
-0.108986 0.251264 -3.052858
0.032631 0.064883 2.828919
-0.158500 1.383616 2.705772
0.263839 -0.270252 3.095481
0.016615 -0.120182 2.594448
-0.128767 -0.069211 3.058258
-0.043723 -0.693970 -2.973642
0.066866 -0.278248 2.727188
0.032652 -0.392344 2.868344
-0.248684 -0.133544 3.113800
-0.154430 -0.101142 2.855853
-0.147856 -0.012724 2.842240
-0.062488 0.119792 -3.044713
-0.257012 0.107684 0.119763
0.229210 0.618666 0.209038
-0.514948 -0.143857 0.638416
-0.203212 0.233910 -0.784895
0.087189 -0.412128 -0.224298
-0.007753 0.133889 0.287670
-0.224987 -0.929737 -0.111375
-0.446134 -0.176734 0.105147
-0.327745 -0.281743 -0.077147
-0.348341 -0.086723 -0.315590
-0.579541 -0.318650 -0.258189
-0.022714 0.107226 -0.373704
-0.284873 0.101888 0.001248
-0.763309 -0.545203 -0.259355
0.135839 0.104315 0.452904
0.036692 0.006702 -0.121286
0.279827 -0.414215 0.125785
-0.287467 -1.172985 -0.423615
-0.385991 -0.396922 -0.189310
-0.530293 -0.020509 -0.144289
0.079045 -0.473515 -0.167447
0.270138 -0.568920 0.059531
0.015362 -0.105487 0.053293
-0.214960 -0.005675 0.351632
0.123112 -0.006437 -0.121492
-0.036978 -0.044048 -0.273454
-0.047839 -0.618026 -0.014508
0.084124 -0.216919 -0.382912
0.063422 0.278365 -0.199744
-0.163084 -0.182229 0.059341
0.157186 -0.319213 0.155317
-0.213997 -0.241232 -0.293476
0.045140 0.025581 0.113463
-0.021337 -0.348801 -0.106870
0.356798 -0.712829 -0.483380
0.235976 -0.421661 0.056719
0.213862 -0.999786 -0.333389
0.212135 -0.994874 0.664085
0.110241 0.944974 0.061708
-0.097603 0.713690 -0.598576
0.052747 -0.654316 0.031905
-0.080106 -0.362934 0.164762
-0.118278 -0.084423 -0.784647
0.364539 -0.119647 -0.559176
-0.641086 -0.497649 -0.115636
-0.065008 0.269406 -0.136650
-0.335327 0.596968 -0.466602
-0.199611 -0.444746 0.243258
-0.338402 0.411592 0.024055
0.196360 -0.230871 2.486064
-0.181205 0.267922 -3.101166
-0.167421 -0.213010 3.026012
-0.025845 -0.880666 3.011795
-0.069875 -0.583242 2.537697
0.008624 -0.200234 2.922557
-0.021606 0.043136 -2.612910
-0.202279 -0.384966 3.043573
0.166699 0.115937 2.992037
0.358107 -0.627394 -3.119829
-0.217990 0.281673 2.803152
-0.128462 -0.469392 2.865955
0.148922 0.301493 2.683503
-0.039848 0.281835 3.141121
-0.261598 -0.140188 2.871960
-0.386182 -0.067101 2.543108
0.028668 -0.023215 2.815548
-0.403226 -0.342626 2.294338
-0.430939 -0.156075 2.723230
0.137068 0.104738 2.722081
-0.244105 0.049445 2.869815
-0.016231 -0.141914 2.768243
0.126057 -0.240517 2.752398
-0.042918 -0.126586 2.719530
-0.052592 0.190124 2.590836
-0.003890 0.012409 -2.763266
-0.652433 -1.158777 2.869903
-0.706858 -0.884482 2.959702
-0.002402 -0.455528 2.774986
0.237826 -0.002306 2.756182
-0.302640 0.228898 2.639618
-0.016678 0.067301 2.608048
0.063672 0.138079 2.864617
0.001355 -0.260938 3.070448
0.118775 -0.287464 3.065543
0.153912 -0.325795 2.872349
-0.146290 -0.091031 2.968152
0.316232 -0.188948 2.761788
-0.155415 -0.610332 2.594403
-0.161205 -0.573781 3.081990
-0.256063 0.097220 2.724494
0.024383 -0.478717 -2.912866
-0.097749 -0.096656 2.795238
-0.367529 -0.359026 2.852514
0.119481 -0.604906 3.029728
-0.431893 -0.051870 -2.900221
-0.142565 0.089677 2.926831
-0.275106 -0.577150 2.877161
-0.083204 -0.330805 3.106150
0.092895 -0.834016 2.628413
0.040777 -0.282008 3.009291
-0.259876 -0.657209 2.251924
-0.442711 -0.155262 2.859290
-0.391022 -0.358049 2.848182
-0.334243 0.145002 3.128299
-0.121688 0.056371 2.451707
-0.292855 0.070155 3.008320
-0.299691 0.279343 2.472751
-0.366585 0.080930 3.041214
-0.647726 -0.739839 2.906549
0.592956 -0.102198 2.833070
0.037866 -0.182307 2.556008
0.196601 -0.018038 3.012704
-0.369584 0.073076 2.953750
-0.160378 0.040078 -2.939675
-0.130345 0.241642 -2.733228
-0.196286 0.138979 -2.850980
-0.000146 0.023323 -3.006550
-0.358109 -0.269440 2.945997
0.440702 -0.234125 3.077975
-0.044441 -0.369364 2.595842
0.135084 0.190307 2.995778
-0.068126 -0.316382 2.727456
0.064788 0.052108 2.148798
-0.517483 -0.323023 -3.119377
0.186560 -0.266155 2.938426
-0.027230 -0.667583 2.965074
0.335612 0.171628 2.982748
0.094438 0.533091 -2.940045
-0.113953 0.142573 2.804310
-0.755386 -0.127106 3.063732
