1.233719 1.358509
1.463780 1.486224
1.070998 1.367932
1.263666 1.094517
0.800775 1.346268
0.990203 1.423079
1.108508 0.846780
1.142262 0.863655
1.135814 1.379054
1.114943 1.128575
0.962603 1.070224
1.246348 1.388846
1.428231 1.146087
1.263059 1.315603
1.263194 1.359296
0.886324 1.047554
1.082013 1.030562
1.143083 1.297016
1.056911 1.245394
1.208466 1.493150
1.192869 1.539078
0.951443 1.239971
1.152587 1.338229
1.016048 1.067261
0.967916 1.602952
1.088107 1.153909
1.261542 1.331380
1.187421 1.089086
1.224400 1.465912
1.237098 1.192472
1.257410 1.299971
1.019732 1.164047
1.101260 1.321669
1.092063 1.315494
1.284580 1.195386
0.810195 0.867856
1.156217 0.795414
1.240919 1.276145
1.207939 1.458282
0.965534 1.350966
1.228776 1.196452
1.168892 1.031860
0.936458 0.932409
0.850019 1.365017
1.242873 1.094684
1.195412 1.258150
1.057596 1.040383
1.079444 0.948062
1.187200 1.284931
1.006747 1.395202
1.083790 1.088564
1.037219 1.424379
1.029616 1.143096
1.307211 1.377334
1.133477 1.011268
1.208375 1.442434
1.183113 1.137000
1.333533 1.315174
1.457527 1.390392
1.235176 1.093967
0.889328 1.418480
1.025299 1.199722
1.298434 1.120603
1.258051 1.411148
0.826805 1.635126
1.338399 1.135712
1.236067 1.042037
0.987183 1.263128
1.178117 1.423528
1.259522 1.034385
1.332236 1.496497
1.356551 1.458704
1.048231 1.128087
1.218343 0.934520
1.044990 1.263265
1.226583 1.342937
1.089364 0.933579
1.393745 0.775694
1.354803 0.978575
1.162153 0.994480
1.177233 1.324663
1.023947 1.299981
1.444411 1.272224
1.081964 1.482636
1.128689 1.170179
1.370767 1.274844
1.188148 1.032002
1.285025 1.444485
0.970502 1.163448
1.137869 1.170068
1.107255 1.335657
1.131523 1.095598
1.081278 1.261108
1.024139 1.060506
1.234101 1.191815
1.013532 1.510521
1.017528 1.110782
1.167042 1.339330
0.780425 1.141878
1.384148 1.472996
0.980835 1.438047
1.073747 1.314085
1.183366 1.482328
1.393123 1.307619
1.152976 1.138410
0.890885 1.071560
1.274501 1.156206
1.076446 1.381215
1.169195 1.211288
0.980290 1.374627
1.184637 1.153931
1.300942 1.457699
1.103398 1.081182
1.171709 1.283070
1.225142 1.052594
1.019100 1.363715
0.911110 1.327179
1.227343 1.341145
1.060406 0.994816
1.108984 1.388107
1.103095 1.014098
1.171515 1.174499
0.995803 1.171069
1.064248 1.338849
1.050605 1.122178
1.145696 1.238180
1.104330 1.011005
0.995109 1.053312
1.051179 0.978094
1.208607 1.494280
1.113959 1.403985
0.987396 1.432069
1.189984 1.410673
1.163559 1.316826
1.277283 1.000028
1.259994 1.385347
1.239553 1.169335
1.054914 1.185769
1.042490 1.256908
1.336856 0.988022
1.125361 1.408509
0.981132 1.130912
0.707251 1.517823
0.756694 1.354570
1.130662 1.205068
1.097699 1.307476
1.016586 1.108999
0.776227 1.018282
0.798384 1.239805
1.246651 1.376819
1.077275 1.534762
0.834697 1.437171
0.929578 1.368981
1.006077 1.309093
1.109618 1.312454
1.156376 1.230194
1.119485 1.110236
1.275140 1.393811
1.140195 1.006048
1.093495 1.227524
1.144921 1.272790
1.212028 1.560404
0.938755 1.320007
1.276037 1.341576
1.003526 1.256241
1.189334 1.437501
1.152784 1.331206
1.037786 1.103648
1.116483 1.186020
1.088337 1.055786
1.207612 1.179878
1.151588 1.374868
0.937116 1.111089
1.247997 1.076503
1.284680 1.472384
1.032864 0.874929
1.089372 1.008877
0.948105 1.048806
1.353403 1.086018
1.346592 1.075652
1.125408 1.266251
1.070998 1.242626
0.933871 1.456061
1.179877 1.405925
1.259002 1.075150
0.846634 1.278419
1.175914 1.134673
1.115666 1.456208
1.209149 1.308828
1.057184 1.102208
1.166462 0.983220
1.059142 1.236411
1.198710 1.099872
1.208863 1.383878
1.197465 1.033499
1.365355 1.377344
1.270186 1.329681
1.240101 1.382948
1.316299 1.067096
1.176255 1.247624
1.250010 1.271726
1.237933 1.237844
1.164875 1.314219
1.053575 1.298406
1.069797 0.964660
1.084524 1.205990
1.317487 1.344580
1.194534 1.170621
1.218807 1.255467
1.054231 1.019812
0.814386 1.063556
1.295437 1.239760
0.901698 1.218479
1.356215 1.144063
1.347171 1.359119
1.107550 1.113003
1.237606 1.243702
1.245133 1.139672
0.937401 1.299329
0.795906 1.344014
1.336775 1.186649
1.115572 1.025351
1.109517 0.927493
1.118844 0.960127
1.005755 0.654814
1.238819 1.108821
1.083026 1.440148
1.274245 1.137066
0.956121 1.304921
1.024439 1.435570
1.184521 1.291349
1.398649 1.145170
1.301011 1.347949
1.117598 1.365984
1.060134 1.316370
1.374246 1.056115
1.308257 0.934526
1.290290 1.023312
1.439108 1.186418
1.239856 1.267654
0.998820 1.228256
1.197105 1.523701
1.135451 1.418856
1.330012 1.225114
1.209956 1.240993
1.293899 1.329455
1.345457 1.012779
1.054281 1.333928
0.962061 1.134453
1.041261 1.193738
1.277414 1.485845
1.060949 1.349339
1.133216 1.324895
1.056825 1.076853
1.023362 1.108825
0.893131 0.700972
0.890843 1.279153
1.095202 1.393006
1.139260 1.332698
1.054985 1.337171
1.068994 1.250304
1.032739 1.234050
1.001513 1.395418
1.069361 1.285171
1.193865 1.539853
1.141469 1.356548
1.225082 1.235965
1.040020 1.330952
1.236160 1.347769
1.192628 1.457329
1.222224 1.327650
1.027971 1.231202
0.994491 1.199960
1.063086 0.936779
0.995958 1.223836
1.015294 1.055702
1.059673 1.358809
1.204618 1.268748
1.107802 1.518397
1.122483 1.457059
1.125039 1.292022
0.972089 1.085244
1.064458 0.793508
1.270819 1.255814
1.136472 1.220479
1.927572 1.032303
1.066221 1.127126
1.001477 0.705735
1.291428 1.465321
1.280344 1.158395
1.155580 1.601315
1.106991 1.337041
1.171042 1.033777
1.166033 1.276966
1.296364 1.350041
1.274416 1.226788
1.188212 1.329023
1.253917 1.556351
1.096856 1.354353
1.439147 1.281113
1.003848 1.357130
1.029739 1.068828
1.018616 1.365620
0.951721 1.167398
1.044357 1.419727
1.153126 1.225688
1.289258 1.293948
0.973370 1.308780
1.208305 1.269070
1.246630 1.352017
1.438093 1.293026
0.928789 1.322404
1.023118 0.916974
1.322318 1.619435
1.100342 1.180596
1.278696 1.410751
1.213791 1.143731
1.173987 1.223565
1.097653 1.131813
1.388440 1.368429
1.267843 1.164474
1.089453 1.381244
1.311901 1.258713
1.085810 0.840192
1.116838 1.262755
0.992387 1.217025
1.229663 1.583142
1.222825 1.656855
1.290977 1.480913
1.221970 0.988452
1.242716 1.444121
1.242870 1.387460
1.074690 1.373567
1.240040 1.270000
1.188877 1.296196
1.081955 1.254524
1.128653 1.466227
0.774849 1.473436
0.750866 1.175637
1.174836 1.109930
1.297348 1.127341
1.168825 1.201976
1.280515 1.210642
1.243759 1.312447
1.158584 1.305877
1.099250 1.198902
1.256487 1.067339
1.263468 1.072288
1.129644 1.477695
0.950730 1.423509
1.262172 1.082817
1.155776 1.127660
1.042384 0.930694
1.137754 1.521275
1.163389 1.306382
1.038697 1.502928
1.035418 1.435979
1.249143 1.510944
0.985011 1.491697
1.016931 1.528592
1.205651 1.392737
1.065370 1.256202
1.001134 1.423431
1.295122 1.620123
1.207845 1.538207
1.194594 1.258405
1.274576 1.035025
1.279083 0.917062
1.187418 1.093051
1.290052 1.238364
1.080029 1.355777
1.410876 1.201364
1.133934 1.319965
1.248535 1.282953
1.156453 1.147858
1.331997 0.939423
1.267332 1.039540
1.238785 1.327989
1.037339 1.153458
1.122742 1.267523
1.183964 1.114885
1.088317 1.239244
1.260170 1.009097
1.156702 1.064999
0.991288 1.255700
1.145681 0.980588
1.231394 1.214909
1.016465 1.215054
1.131032 1.381176
1.327511 1.419552
1.065007 0.883637
1.052808 0.863657
1.031377 1.093549
1.301762 1.341298
1.175874 1.017553
1.176503 1.186514
1.285062 0.922718
1.209661 1.246484
1.175925 0.966561
1.235411 0.977085
1.169127 1.277745
1.337338 1.145900
1.301121 1.052480
1.099402 1.046709
1.156977 1.020756
1.109270 1.280917
1.304541 1.091769
1.041072 1.267194
1.220955 1.127595
0.985955 1.117740
1.059034 1.083173
1.155992 1.076591
1.101817 1.327886
1.260009 1.284587
1.267848 1.273614
1.283645 1.265884
1.041373 1.428927
1.176653 1.118530
0.939340 1.149180
1.016437 1.340418
0.765843 1.053038
1.127018 1.172722
1.301680 0.944588
1.252576 1.190453
1.087253 1.141791
1.182026 1.446152
0.917144 1.400626
1.267840 1.240304
0.912320 1.179975
0.615573 1.349764
1.166789 0.949241
0.908621 1.576759
1.278761 1.401261
1.344034 1.361121
1.005258 1.605656
1.033857 1.150145
1.317306 1.138237
1.400287 1.153782
1.118101 1.176304
0.764420 1.282995
1.085175 1.101881
1.108643 1.042518
1.142475 0.960426
0.998531 1.103249
1.218262 1.146047
1.402661 1.228822
1.501724 1.285437
1.243205 1.042748
1.066550 1.259344
1.171693 1.194496
1.203904 1.281790
1.352561 1.154528
1.311468 1.357785
1.114938 1.557178
1.175601 1.349560
0.987828 1.509161
1.110273 1.385902
1.271520 1.694967
0.977442 1.380533
1.006843 1.157951
1.041696 0.994690
1.099860 1.492758
1.039367 1.245505
0.918314 1.255138
1.206405 1.011383
1.288340 1.338609
1.313420 1.073297
1.151903 1.208578
1.332090 0.985732
1.324458 1.420492
1.402481 1.097939
1.110685 1.181368
1.102957 1.148531
1.422823 1.269778
1.435134 1.110513
1.147050 1.329034
1.117057 1.221947
1.355839 1.184861
1.115503 1.038439
1.123774 1.120945
1.356939 0.956441
1.298206 1.174383
1.060229 1.130619
0.942629 1.383268
0.938767 1.310585
1.033410 0.998888
1.029656 1.084429
1.335052 1.329961
1.257525 1.308848
1.227909 1.330550
1.311894 1.193956
0.928070 1.374594
1.397725 1.115802
1.102935 1.036894
1.026465 1.411315
1.081406 1.285022
1.153880 1.141127
1.310000 1.303554
1.131893 1.483334
1.287814 1.190605
1.092107 1.068095
1.030232 1.274430
1.133950 1.241472
1.157278 1.293466
1.229703 1.224100
0.938706 1.763962
1.320485 1.262509
1.224524 1.587694
1.197745 1.650935
1.302995 1.270033
0.730104 1.345994
1.222723 1.076107
0.904030 1.216890
1.200470 1.145941
1.220687 0.795375
0.963090 0.945514
0.956902 0.749482
0.990857 1.161822
0.806953 1.121080
0.862478 1.156958
0.757540 0.941821
1.248293 0.887493
0.693797 0.993063
1.054464 0.846338
1.260452 1.010689
1.028757 1.003649
1.404241 1.323352
1.239306 1.353221
1.097952 1.158290
1.263299 1.491277
1.235958 1.300693
1.224294 1.081201
1.263836 1.235306
1.017003 1.306873
1.059545 1.007641
1.314505 1.356248
1.131205 1.329921
1.002881 1.437426
1.102082 1.367754
1.216053 1.032135
1.236714 1.283956
1.212155 1.241693
1.281934 1.501603
1.002171 1.433246
1.200218 1.385611
1.407965 1.297749
0.835142 0.989210
1.290315 1.308398
1.285489 1.180749
1.255914 1.127237
0.973196 1.249485
1.104256 1.596787
0.947720 1.281312
0.874780 1.084464
1.083407 1.487686
1.057085 1.231271
1.339652 1.399278
0.942745 1.251653
0.874218 1.386729
1.168408 1.200993
1.128132 1.345587
1.139904 1.231748
1.310207 1.009682
1.017852 1.043693
1.022899 1.357521
1.324246 1.362315
0.849606 1.230257
1.049225 1.100548
1.027177 1.349382
1.088065 1.150885
1.235043 0.992181
1.318768 1.324561
1.277881 1.257389
1.189350 0.817844
1.184746 1.056601
1.161069 1.103427
1.337755 1.024038
1.125224 1.191367
1.002461 1.143217
1.189627 1.477542
1.242200 1.098821
1.319489 1.403498
1.108422 1.245621
1.292107 1.094718
1.131933 1.219256
1.094239 1.774617
1.080597 1.092180
1.152750 1.116421
1.103675 1.195395
1.199497 1.350242
0.787206 1.253787
0.877925 1.112683
1.036228 1.429977
0.892554 1.399722
1.171147 1.137949
1.551317 0.910583
1.103464 1.152908
0.926349 1.324987
1.290306 1.363449
0.876044 1.073013
1.031022 1.360749
1.059132 1.424712
1.204193 1.273493
1.277381 1.157815
1.179793 1.378034
0.954765 1.250524
1.328386 1.565021
1.038659 1.390056
1.116950 1.398119
1.292502 1.448435
1.327846 1.284408
1.190862 1.309080
1.404210 1.726296
1.233286 1.168425
1.124756 1.311808
1.047250 1.170655
1.218775 1.466892
1.080122 1.270497
1.169116 1.126468
1.128613 1.498365
1.082187 1.285180
1.287395 1.285116
0.964868 1.360227
0.951906 1.412221
1.091131 1.340192
1.015093 1.303766
1.190794 1.271083
0.904503 1.509604
1.062846 1.168210
1.186301 1.499838
1.039693 1.432693
1.294102 1.361977
1.259822 1.132953
1.179288 1.593167
1.224974 1.198259
1.107712 1.217569
1.359438 1.422466
1.087324 1.136820
0.987358 1.411284
1.275910 1.259671
1.226532 1.333887
1.153976 1.334816
1.158760 1.224018
1.132028 1.348057
1.099341 1.373551
1.226896 1.280367
1.195521 1.416782
1.196537 1.144512
1.258761 1.295606
1.006759 1.426604
1.339912 1.489888
1.016422 1.420241
1.267006 1.274208
0.822343 1.384656
1.113106 1.271673
1.060353 1.295780
1.343248 1.138771
1.170576 1.527094
1.254690 1.063995
1.391585 1.293602
1.087936 1.266722
1.101684 1.301193
1.068479 1.428513
1.260889 1.477266
1.324150 1.032177
1.244124 1.224821
1.212931 1.219625
1.067424 1.257807
1.105043 1.377617
1.120119 1.161828
1.210973 1.669743
1.072328 1.665284
0.980338 1.166021
1.018380 1.352397
1.013597 1.558113
1.315142 1.445176
1.243308 1.091065
0.974659 1.058592
1.139113 1.263376
1.077943 1.419355
1.124326 1.281591
1.386614 1.370076
1.280800 1.219442
1.334354 1.436869
1.187133 1.327618
0.971646 1.271028
1.306743 1.515165
1.259935 1.325829
1.326540 1.745659
1.363242 1.118416
1.408766 1.230005
1.291173 0.671089
1.184975 1.204767
1.166747 1.249719
1.232230 1.090570
0.963983 1.416645
1.131596 1.297174
1.557903 1.132206
1.078102 1.122828
1.069612 1.523043
1.135755 1.395958
1.194909 1.623780
1.230068 1.110323
1.088232 1.196225
1.081655 1.142535
1.120368 1.103738
1.123122 1.343183
1.239858 1.257349
1.315851 1.393935
1.058983 1.358387
0.956099 1.341839
1.038715 1.364411
1.055977 0.964948
1.156870 1.153343
1.198082 1.004165
1.146641 1.188971
1.137612 1.143937
1.347060 1.071516
1.193770 1.090461
1.030000 1.155303
0.951884 1.242125
1.132731 1.379723
1.037644 1.193319
1.174631 1.140989
1.131275 1.221295
1.224945 1.663585
1.141796 1.350887
1.334597 1.289740
1.290522 1.199784
0.993603 1.454212
1.267655 1.321786
1.102692 1.235400
1.368308 1.206207
0.943972 1.264409
1.180276 1.097095
1.251265 1.464837
1.138054 1.292569
1.095394 1.569605
1.265648 1.221205
1.162738 1.345315
0.997035 1.359732
1.275007 1.400479
1.131650 0.882985
1.383107 1.074269
1.198874 1.186102
1.421040 1.120864
1.421571 1.333842
0.988581 1.064472
0.760459 1.351396
1.258823 1.325421
1.177511 1.289338
1.262365 1.218354
1.055727 1.262322
1.165797 1.378783
0.954102 1.141147
1.408584 1.327050
1.156368 1.221381
1.019863 1.284559
1.250022 1.298650
1.290126 1.298010
1.268812 1.411448
1.188604 1.619056
1.176614 1.327249
1.093462 1.415821
1.174619 1.152268
1.357519 1.321974
0.883438 1.330141
1.316383 1.323220
1.259904 1.611505
0.838409 1.300083
1.337071 1.231348
1.155782 1.208210
1.060307 1.520102
0.948566 1.167569
1.122202 1.455716
1.423825 1.707325
1.104041 1.494785
1.266880 1.079614
1.259741 1.349780
1.262992 1.313025
1.153725 1.150227
1.364053 1.191621
1.032065 1.417269
1.108647 1.322788
1.250448 1.308102
1.301285 1.167935
1.501527 1.170537
0.950078 1.491617
1.184876 1.381803
1.209102 1.199078
1.212522 1.635735
0.846280 1.398733
1.364135 1.057129
0.981314 1.105953
1.311857 1.085948
1.335436 1.369558
1.159693 1.191815
1.147471 1.019002
1.257630 1.435899
1.075306 1.019902
0.735037 1.156384
1.014177 1.367098
1.533659 1.131751
1.226759 1.063905
0.742800 1.429277
1.042020 1.495797
1.412819 1.252520
1.353775 1.155468
0.803597 1.545831
1.088649 1.081990
1.072616 1.015822
1.136989 1.138671
1.306044 1.092835
1.231955 1.622942
1.073367 1.502274
1.210648 1.382958
1.091482 1.427684
1.062545 1.478609
1.266373 1.209962
1.042621 1.004651
1.165055 0.954259
1.193095 1.269618
1.215369 1.059066
1.256763 1.224201
1.211560 0.896468
1.163872 1.092816
0.991660 1.264724
1.303821 1.248542
1.270514 1.339501
0.837157 1.202874
1.121775 1.136253
1.240164 1.308588
1.254155 1.023430
1.206940 1.179799
1.189411 1.125460
1.182366 1.172888
1.116859 1.269597
0.964169 1.155073
0.957735 1.515200
0.916618 1.235654
1.058145 1.168193
1.247208 0.973874
1.171017 1.276229
1.114346 1.497944
1.149009 1.591198
1.048463 1.229831
1.238167 1.239581
1.207879 1.212170
1.269540 1.666254
1.129596 1.272625
1.151509 1.229859
1.291137 1.119306
1.411137 0.863454
1.238584 1.157993
1.090820 1.368677
1.047649 1.249358
1.230816 1.391407
1.436203 1.395598
1.039447 1.003434
1.369821 1.073529
1.086374 1.309326
0.932855 1.095398
1.204663 1.601062
1.080045 1.437891
1.044017 1.313074
1.133767 1.327323
1.070311 0.859662
0.811248 1.169283
1.065277 0.833405
1.077803 1.330313
1.142986 1.297744
1.051689 1.466655
1.163560 1.368702
0.916075 1.354806
1.355811 1.834592
1.153505 1.150957
1.175966 1.092306
1.050184 1.259743
1.042436 1.295316
1.028900 1.425028
0.690457 1.006480
1.033616 1.442262
1.204069 1.138088
0.945489 1.151239
0.962724 1.315376
1.060767 1.358011
1.296971 1.315071
0.997173 1.269818
1.107164 1.486345
1.391802 1.361837
0.965200 1.346411
1.171073 1.094722
1.167744 1.511933
1.099354 1.379156
1.374927 1.323543
1.327757 1.160384
1.153460 1.286737
1.024573 1.533099
1.324218 1.382135
1.095397 1.335543
1.349978 1.249452
1.255136 1.402112
1.101430 1.230331
1.228329 0.939842
1.357498 1.445574
1.227511 0.782744
1.013785 1.292409
1.276659 1.419023
1.231336 1.479657
1.189687 1.399992
1.096315 1.080650
0.957872 1.113019
1.092929 1.280173
1.249524 1.272379
1.119499 1.112953
1.160807 1.335138
1.161015 1.347122
1.304930 1.306976
1.245153 1.427600
1.188441 1.484281
1.183079 1.177989
1.268372 1.496947
1.037573 1.065898
1.136443 1.406925
1.392146 1.258903
1.382375 1.529569
1.260704 1.387430
1.007733 1.079475
1.265521 1.513136
1.260493 1.012260
1.209661 1.013064
1.208559 1.071310
1.357265 0.857144
1.154521 0.952905
1.277130 1.113820
1.147365 1.251738
1.227415 1.544154
1.117656 1.095736
1.029278 1.667268
1.256479 1.657478
1.096440 1.150074
1.216472 1.387496
1.148246 1.344848
1.228763 1.212038
1.109874 1.340156
0.843692 1.257941
1.136482 1.068943
1.303039 1.308348
1.257970 1.446780
1.342262 1.243876
1.242531 1.008012
1.515050 1.426937
1.379852 1.125727
0.961046 1.174792
1.071548 1.473130
1.140574 1.184760
1.366365 1.371882
1.327680 1.180543
1.450152 1.230859
1.244355 1.310645
1.083898 1.406302
1.282229 1.295300
1.154193 1.578476
1.274412 1.445869
1.254960 1.730321
1.195091 1.009452
1.164008 0.697701
1.154948 1.329696
1.131021 1.353628
1.132818 1.419548
1.141354 1.235825
1.011735 1.173063
1.010562 1.326154
1.077206 1.434172
1.060616 1.375674
1.250825 1.461613
1.328796 1.014739
1.003466 1.141423
1.251658 1.785600
0.937907 0.948409
1.182955 1.225600
1.072571 1.314404
1.260183 1.075267
1.128818 0.951225
1.227160 1.487141
1.171146 1.168699
1.349802 1.358534
1.247439 1.590170
1.228527 1.168986
1.215118 1.392155
1.099732 1.375075
1.220009 1.055710
1.292663 1.170958
1.381504 1.362916
1.077079 1.173313
0.937869 1.414322
1.138655 1.562800
1.365602 1.191649
1.032074 1.592229
1.017655 1.026297
1.176290 1.209939
1.112251 1.597517
1.071557 1.217603
1.166779 1.208743
0.989950 1.350229
1.269826 0.972760
1.312351 1.292283
1.064595 1.327750
1.060558 1.103219
1.058302 1.026624
1.263776 1.195246
1.063083 1.493340
1.394118 1.446724
1.283555 1.360933
1.277405 1.243577
1.238959 1.105975
1.096567 0.953163
1.147666 1.214567
1.260061 0.997281
1.014507 1.128347
1.045167 1.256089
1.074112 1.590587
0.969652 1.291615
1.028874 1.304187
1.035141 0.989042
1.203761 1.070750
1.153323 1.307316
1.090536 1.574267
1.314226 1.222669
1.166227 1.238787
1.127993 1.378815
1.078472 1.198633
1.337081 1.367769
1.004194 1.465160
1.121369 1.389206
1.083664 1.396935
1.013350 1.511071
1.033764 1.404330
1.498509 1.009248
1.244625 1.489461
1.361595 1.416072
1.034463 1.124151
1.223490 1.444404
1.203168 0.952005
1.260374 0.949314
1.280272 1.378238
1.068558 1.017156
0.773200 1.057319
1.431171 0.897514
1.212300 1.138976
1.366930 1.245642
1.028528 1.470509
0.749751 1.364811
1.086368 1.330835
1.051628 1.425703
1.205204 1.188189
1.066791 1.615351
1.235588 1.594499
1.363684 1.730901
1.203834 1.460578
1.014225 1.136413
0.900294 1.244114
0.830904 1.262678
1.111455 1.608707
1.262454 1.253706
1.125562 1.423256
1.164981 1.458287
1.212965 1.482580
1.296100 1.429131
1.298939 1.422401
1.040112 1.212795
1.207496 1.277177
1.457420 1.344813
1.261293 1.288120
1.204810 1.512633
1.275907 1.078154
1.133201 1.481100
0.896529 1.454646
1.020465 1.187189
0.996024 1.297763
1.326855 1.307870
1.014233 1.644289
1.374275 1.178056
1.233633 1.294958
1.068850 1.101140
0.922494 1.326832
1.088792 1.351304
1.192810 1.585266
1.292228 1.817920
1.066518 1.290462
1.217665 1.537278
1.162317 1.506260
1.357165 1.407586
1.316626 1.187122
1.164157 1.240766
0.945449 1.176650
1.203782 1.258652
1.364891 1.399202
1.311587 1.434969
0.835236 1.473740
1.035196 1.190026
1.315921 1.485574
1.084903 1.481965
1.138585 1.443425
1.186414 1.310935
1.261772 1.523990
1.263329 1.572866
1.236140 1.262316
0.991558 1.394300
1.103347 1.466311
1.037197 1.393222
1.323527 1.293013
1.214836 1.308385
1.118926 1.475147
1.058784 1.391215
1.116850 1.600965
1.104205 1.312837
1.102030 1.676476
1.206887 1.364649
1.336531 1.308827
0.957328 1.437133
1.365878 1.201951
1.118221 1.177324
1.033726 1.266043
1.152726 1.313500
0.865508 1.083807
1.166361 1.259266
1.563596 1.441839
0.979341 1.703941
1.071929 1.456726
0.656963 1.317367
1.224451 0.948962
1.093371 1.217860
1.041312 1.062046
1.085193 1.164403
0.945359 1.423438
0.972441 1.213099
1.001409 1.517067
1.032950 1.244768
1.197996 1.225487
1.093284 1.428788
1.089502 1.126002
0.868135 1.338977
1.093837 0.765511
1.235243 0.943950
1.077011 1.164897
1.205204 1.051414
1.003671 1.141450
1.172212 1.218543
1.065798 1.004498
1.263064 1.350074
1.137775 1.402808
1.343276 1.097974
1.173473 1.220710
1.006049 1.302861
1.033813 1.349618
1.279688 1.692642
1.075718 1.153567
1.111094 1.107533
1.205279 1.308729
1.044259 1.436606
0.899673 1.289854
1.078256 1.203179
1.167536 1.103254
1.316757 1.425841
1.293189 1.094316
1.374181 1.188261
1.196929 1.347143
1.127935 1.437655
1.040592 1.367451
1.324938 1.303371
1.090411 1.185207
1.190964 1.289028
1.240983 1.346670
1.052271 1.162716
1.161560 1.502335
1.226398 1.381808
1.237273 1.201115
1.082898 1.486066
1.139801 1.522429
1.171053 1.445105
1.424975 1.517435
1.157449 1.764593
1.191723 1.284329
1.193274 1.445026
1.214577 1.477251
1.236388 1.171343
1.211042 1.229316
1.245604 1.334333
1.445866 1.133927
1.194981 1.421566
0.719201 1.702032
0.969137 1.277507
1.217861 1.399770
1.184069 1.381549
1.296495 1.283649
1.341585 1.308683
1.036682 1.344848
1.245069 1.176088
1.183872 1.266515
1.163864 1.312768
0.921995 1.469928
1.160387 1.087388
1.094714 1.251924
1.035613 1.187473
1.245104 1.069558
1.246000 1.206689
1.175713 0.890205
1.115797 1.048308
1.104093 1.195736
1.278031 0.959008
1.112934 1.291971
1.408054 1.195840
0.837173 1.432831
1.270130 1.283644
1.005710 1.570030
1.195067 1.467673
1.136894 1.178837
0.914792 1.585009
0.962605 1.580527
1.351959 1.413889
1.204067 1.518492
0.984770 1.427684
1.096986 1.695279
1.048922 1.613807
1.079718 1.343902
1.005079 1.259746
1.086185 1.401668
1.215578 1.513866
1.149818 1.380406
1.179068 1.339218
1.142010 1.146786
0.968235 1.071401
0.990217 1.116132
0.988306 1.276426
1.231265 1.316249
1.092481 1.465620
1.074133 1.398530
1.248626 1.433271
1.030744 1.569388
1.147462 1.045787
1.333837 1.284864
1.262916 1.199793
1.336982 1.296051
1.265835 1.227797
1.325544 1.162025
1.269001 1.304054
1.280988 1.146253
1.255702 1.349399
1.239131 1.295231
1.138935 1.545346
1.192367 1.318670
1.065318 1.137010
1.300102 1.572493
1.146237 1.285088
1.123776 1.128695
1.112468 0.666793
1.306732 1.527651
1.223379 1.184702
1.034795 1.509930
1.231012 1.381990
1.397678 1.222555
1.140271 1.459893
1.061868 1.100341
1.070917 0.920324
1.347014 1.234592
1.225991 0.995075
0.801487 1.228271
0.897324 1.118997
1.414434 1.234260
1.218132 1.462191
1.296217 1.743787
0.957997 1.523726
0.649798 1.351681
0.847223 1.776822
0.973283 1.374616
1.341286 0.968879
0.937601 1.394463
0.854610 1.291901
0.962120 1.048502
1.181925 1.526350
1.142349 1.236489
1.433119 1.488051
1.279018 1.294533
1.204657 1.333014
1.292968 1.384071
1.098752 1.505241
1.220949 1.226920
1.086846 1.608603
1.218200 1.472869
1.173266 1.347911
1.382271 1.087582
1.347444 1.106063
0.947594 1.703939
1.255529 1.180308
1.405815 1.026670
1.125331 1.377504
1.143737 1.113637
1.204490 1.206834
1.041935 1.253949
1.314905 1.295115
0.827428 1.209595
1.072784 1.475585
1.152157 1.239818
1.140331 1.284392
1.001795 1.020008
1.245553 1.241308
0.963960 1.367102
1.203883 1.426906
1.347871 1.691684
1.105702 1.231470
1.216255 1.342518
1.274749 1.650909
1.065417 1.229065
1.386542 1.309379
1.122586 1.499125
1.090230 1.446807
1.247487 1.262775
1.015579 1.314839
1.120296 1.448940
1.238123 1.212425
1.171158 1.109701
1.016812 1.397619
1.366559 0.977225
0.931701 1.102806
1.375722 1.393811
1.329642 1.186793
1.119347 1.165372
1.161454 1.470210
1.052672 1.433323
1.200295 1.361220
1.073603 1.333189
1.257076 1.244766
1.286218 1.628219
1.269424 1.393960
1.124727 1.237786
0.957638 1.370882
1.173745 1.379544
1.071477 1.328732
1.150033 1.065238
1.144892 1.352149
1.332474 1.260370
0.973869 1.399467
1.106922 1.604686
1.547678 1.440386
1.049448 1.389418
1.201402 1.254243
1.141797 1.270527
0.970827 1.198767
1.370987 1.437146
1.592257 1.546019
0.761988 1.260812
1.100717 1.383472
1.228084 1.323016
1.131003 1.282799
1.041784 1.564893
1.034538 1.534011
1.029850 1.490668
1.148561 1.207419
1.159612 1.558882
1.140961 1.258403
1.278637 1.223243
1.139710 1.098772
1.094602 1.306538
1.081167 1.330349
1.194833 1.202971
1.097505 1.409234
1.053089 1.067757
1.361162 1.482183
1.057606 1.471122
1.157649 1.593899
1.266312 1.154318
0.866424 1.455670
1.048007 1.539003
0.794132 1.392253
1.253671 1.588046
1.041872 1.731300
1.324189 1.471950
0.725537 1.291916
0.962624 1.179077
0.818902 1.400369
1.095529 1.384476
1.032671 1.171079
1.311049 1.228261
1.105754 1.204801
1.509359 1.146802
0.637189 1.353468
1.064797 1.139005
1.198729 1.205706
1.330663 1.299002
1.257959 1.639303
1.094025 1.424362
0.785165 1.544402
1.310282 1.451911
1.296221 1.537083
0.676586 1.222643
0.896472 1.200369
1.166350 1.273144
0.947840 1.382576
1.202397 1.213130
1.252056 1.308157
0.984306 1.197479
1.044294 1.574695
0.905734 1.251392
1.246152 1.127658
0.862918 1.401396
1.079342 1.464824
1.375455 0.978237
1.122761 1.290102
1.090313 1.234435
1.230403 1.199839
0.998375 1.141765
0.939730 1.351981
1.218367 1.131204
1.125269 1.309827
1.297316 1.182783
1.072624 1.284175
1.112954 1.275776
0.813880 1.129912
1.111656 1.502911
1.232973 1.106136
1.174246 1.425821
1.060427 1.189976
1.418389 0.983444
1.125168 1.388260
1.136381 0.925881
1.042972 1.191312
1.218968 1.181426
1.122042 1.283254
1.107017 1.367228
1.206824 1.367228
1.243047 1.278055
1.085848 1.334683
1.128934 1.269508
1.270900 1.261748
1.309747 1.530177
0.963489 1.156489
0.917330 0.835747
1.017222 0.940954
1.073361 0.914678
1.173353 1.237990
1.282791 1.418848
1.186630 1.277206
1.078233 1.129435
1.064525 1.309291
0.935579 1.102374
1.261306 1.411163
1.367552 1.279994
1.120723 0.941425
1.208505 1.317244
1.013294 1.316755
0.853440 1.260562
1.020457 1.351124
1.207460 1.054255
1.349531 1.121476
1.356313 1.257822
0.787666 1.181461
0.985190 1.283081
1.102581 1.076788
1.146845 1.283144
1.215869 1.348451
1.168278 1.094203
1.149145 1.165518
1.430655 1.190504
1.043547 1.092022
0.832631 1.292644
1.077737 1.113459
1.304118 1.394668
1.336117 1.165263
1.034314 1.359098
1.150778 1.516585
1.046829 1.380851
1.235780 1.517762
1.146828 1.365215
1.351514 1.457563
0.955443 1.490158
1.166568 1.214177
1.338575 1.237484
1.054876 0.971653
1.212735 1.333236
1.312730 1.132422
1.252499 1.404798
1.431788 1.226721
1.175618 1.269770
1.336194 1.598393
1.264445 1.301861
1.111100 1.474457
1.047247 1.064428
0.968995 0.892227
0.966949 1.526180
0.865464 0.959254
1.128839 1.104954
1.216341 1.319928
1.060357 1.187488
1.193724 1.480173
1.326091 1.196961
1.092512 1.297975
1.014316 0.926359
1.115860 1.313751
1.011802 1.543138
0.861685 0.813683
1.160648 1.167015
1.127717 1.214445
1.039424 1.150990
1.070896 1.360797
1.211357 1.002086
1.296873 0.897105
1.448428 1.204689
1.110093 0.743959
1.185188 1.551692
1.178771 1.200989
0.888054 1.247641
1.287933 1.210117
1.154078 1.268769
1.098794 1.226452
1.186692 1.138944
1.493997 1.249973
1.414639 1.300207
1.819825 1.334865
1.666734 1.051540
1.730813 1.064783
1.440435 1.152439
1.370420 1.049348
1.152216 1.133671
1.224928 1.048471
1.274335 1.055244
1.328542 1.066539
1.228089 1.088349
1.041083 1.111770
1.075648 1.129400
1.095983 1.110421
1.498466 1.165317
0.923369 1.149948
1.229654 0.884667
1.009835 1.092270
1.263250 1.192109
1.459934 1.027880
1.340337 1.094629
0.853305 1.043794
1.187264 1.173988
1.205841 1.042183
1.140466 1.249934
1.069197 1.030650
0.958904 1.149434
1.236700 1.290335
1.165411 1.382829
1.145237 1.265944
1.171911 1.415191
1.119907 1.074017
0.987395 1.423532
1.091135 1.241616
1.068959 1.342978
1.373117 1.419470
1.072678 1.340410
1.145749 1.706909
1.460439 1.532703
1.078316 1.401973
1.295824 1.194523
1.207639 1.226062
1.277664 1.488575
0.937200 1.420398
1.143471 1.256293
1.382757 0.949471
1.315497 1.126271
1.117960 1.346606
1.018395 1.660839
1.104667 1.729057
1.184397 1.374191
1.326172 1.313839
1.282278 0.966628
1.394602 1.093371
1.272166 0.591195
1.015163 1.134148
1.182633 1.263205
1.032774 1.216076
1.126549 1.201723
1.258851 1.357401
1.174815 1.236916
1.051117 1.478384
1.194015 1.421113
0.990384 1.292292
1.241902 1.455432
1.213557 1.191112
1.196130 1.370988
1.097917 1.743177
1.056500 1.288550
1.197365 1.322132
1.087025 1.038103
1.271991 1.258628
1.265201 1.258112
1.062168 1.161125
1.388557 1.273157
1.049754 1.468786
1.240281 1.327025
1.306844 1.227322
1.179702 1.244659
1.044683 1.478001
1.220745 1.534959
1.035627 1.196870
1.243399 1.662564
1.051713 1.263258
1.059977 1.309114
1.318402 1.170266
1.212529 1.347833
1.192209 1.532085
1.172299 1.224242
0.919608 1.420215
1.345790 1.305171
1.059040 1.439914
1.285177 1.366429
0.919253 1.440280
1.188354 0.945703
1.010791 1.430245
1.071127 1.158798
1.018640 0.865230
0.964342 1.335339
1.134617 1.035768
1.072199 1.297340
1.250369 1.207953
1.199966 1.121838
0.762401 1.317157
1.009761 1.022152
0.927229 1.259838
1.167179 1.694002
1.096754 1.391982
1.012133 1.393617
1.267504 1.385958
1.210975 1.475330
1.142237 1.458476
0.995742 0.897885
0.977550 1.216189
0.940329 0.951651
1.161650 0.946509
0.968972 1.077172
1.085273 1.481952
1.407384 1.486503
0.795655 1.325370
1.042177 1.339159
1.128651 1.122623
0.801341 1.391691
1.138137 1.248196
0.921920 1.407766
1.191999 1.251667
1.167898 1.131332
1.196850 1.042547
1.108979 1.367902
1.003659 1.401606
0.990675 1.095309
1.131690 1.399514
1.286380 1.495270
1.371803 1.184689
1.360055 1.008162
1.291339 1.283310
0.972368 1.427061
1.310135 1.023147
1.320341 1.039158
1.171721 0.828858
1.059619 1.525513
1.061890 1.477596
1.117548 1.296840
1.015723 1.530231
0.986327 1.051541
1.215342 1.111188
1.040229 0.776032
1.048102 1.127972
1.279971 1.498081
1.229591 1.121511
1.031465 1.288062
1.149672 1.398121
0.949092 1.397816
1.149555 1.234254
0.994847 1.518475
0.976344 1.352217
1.201958 1.568423
0.959975 1.173197
1.056716 1.529885
1.135995 1.424264
1.289420 1.039219
1.139139 1.392462
1.035690 1.259773
1.165768 1.511192
1.057574 1.275076
1.117115 1.347634
1.330530 1.258125
1.156740 1.401573
1.362286 1.308546
0.942976 1.582388
0.825664 1.292556
1.150286 1.170921
1.384840 1.356593
1.632361 1.029513
1.372454 1.464373
1.404544 1.118510
1.038011 1.220638
0.974777 1.389997
1.081700 1.319318
1.314094 1.362937
1.172123 1.109078
0.990259 1.038864
0.704323 1.376248
1.044121 1.348795
1.207449 1.299233
0.838163 1.387606
1.144561 1.397513
1.233683 1.429126
1.178908 1.589011
1.090737 1.138768
1.270676 1.485963
1.218531 1.226732
1.150722 1.464733
1.116583 1.215350
1.163460 1.539803
0.769328 1.229988
1.073713 1.184319
1.126813 1.353091
1.290746 1.073399
1.187161 1.020519
0.782413 1.412940
1.125643 1.156671
1.154316 1.428319
1.180871 1.286701
1.224319 1.284817
1.129689 1.149309
1.120127 1.464602
1.394666 1.297390
0.890884 1.343614
1.049493 1.194776
0.994080 1.146238
1.164621 0.984598
1.172059 1.332569
1.045345 1.447842
1.135208 1.338285
0.990834 1.214064
0.998992 1.501544
1.352489 1.457225
1.216011 1.417749
1.233564 1.304184
1.066641 1.596776
1.289348 1.124628
0.973665 1.415275
0.817719 1.383095
1.009108 1.129626
1.064995 1.508014
0.934582 1.423602
1.176272 1.259896
1.247461 1.441875
1.181961 1.527879
1.092531 1.254169
1.304907 1.044287
1.174776 1.364263
0.998829 1.099437
1.187735 1.581122
1.212773 1.339737
1.003402 1.267063
1.014652 1.563644
1.090547 1.155659
1.018026 1.597502
1.244192 1.458030
1.250328 1.605423
1.090650 1.302274
0.940755 1.216693
1.074139 1.049573
1.169814 1.437287
1.088343 1.394782
1.078001 1.174285
1.297118 1.442373
0.873097 1.161303
1.191802 1.389039
1.259039 0.998970
0.848977 1.615523
1.334394 1.336788
1.104832 1.160308
1.170827 1.163304
1.139221 1.258400
1.171987 1.301809
1.330547 1.239180
1.190679 1.164693
1.043614 1.213014
1.362737 1.246126
1.257875 1.249068
1.158474 1.114219
0.948843 1.344753
1.258474 1.559651
0.899738 1.319914
1.152374 1.272732
1.118094 1.122494
1.228161 1.437455
1.263825 1.308662
0.841498 1.251375
0.899675 1.317241
1.311929 1.216058
1.188759 1.327154
1.029993 1.419413
1.148263 1.438483
1.133925 1.394414
1.152130 1.375517
0.944080 1.441872
1.112632 1.503853
1.086819 1.328360
1.309347 1.528700
0.929510 1.402654
1.310213 1.548357
1.110500 1.548057
1.280070 1.113607
1.273000 1.363974
0.955831 1.492417
1.108164 1.025203
1.342315 1.112477
1.095425 1.545354
1.294330 1.217937
1.265136 1.098259
1.335572 1.309774
1.343335 1.091871
1.064416 1.220079
1.257005 1.283590
1.038936 1.070587
1.039516 1.510594
1.098148 1.461705
1.103781 1.362468
1.360261 1.276529
1.203780 0.994158
1.181862 1.544535
1.119762 1.513258
1.284168 1.162459
1.071276 1.709013
1.273645 1.398829
1.130319 1.384153
1.212187 1.131816
1.110612 1.214589
1.283409 1.460984
1.009311 1.366746
1.009745 0.995926
1.200412 1.002496
1.200428 1.124190
1.165913 1.166458
1.055767 1.262085
0.984567 1.278544
1.254032 1.240782
1.267531 1.326053
1.257068 1.327644
1.108738 1.276944
1.132713 1.069024
0.927836 1.235001
0.993998 1.048674
0.798761 1.166987
1.413778 1.109829
1.445589 1.036890
1.212706 1.256437
1.186670 1.638904
1.208660 1.317037
1.212130 0.965783
1.086353 1.078567
1.115441 1.152465
1.031096 1.363921
1.172503 1.091610
1.261677 1.201670
1.264088 1.584748
1.061766 1.360136
1.232288 1.482022
1.166620 1.074889
1.266491 1.337545
1.382026 1.329216
1.028868 1.504466
1.050148 1.407431
1.158381 1.529853
1.370950 1.405917
1.247151 1.204457
1.066353 1.349063
1.167030 1.525700
1.084148 1.473978
1.157695 1.313425
1.069150 1.080716
0.697280 1.468462
1.172383 1.377276
1.010081 1.003910
0.941906 1.237911
1.195286 1.272190
1.036183 1.866256
1.062739 1.653560
1.096593 1.132070
1.207356 1.440180
0.860114 1.355230
1.053839 1.288132
0.668381 1.602439
1.098679 1.318365
1.382107 1.452742
1.000494 1.583433
1.201616 1.522117
1.020119 1.625672
0.838502 1.271368
1.218426 1.184291
1.229990 1.238113
1.139483 1.648813
1.126391 1.157494
1.166765 1.246879
1.202312 1.324149
0.770013 1.038284
1.231886 1.369893
0.994567 1.800445
1.401884 1.324731
0.946693 1.252328
0.923805 1.212479
1.156503 1.126985
1.030115 0.758600
1.113560 1.259109
1.126693 1.182319
1.173664 1.510109
1.350826 1.591058
0.977989 1.472796
0.970932 1.296620
1.271718 1.269140
1.222120 1.372827
1.120038 1.422874
1.226671 1.455263
1.119978 1.357551
0.899928 1.180673
1.276180 1.249419
1.152105 1.280803
1.267273 1.462009
1.277808 1.423558
0.967582 1.542318
0.984131 1.272601
1.235961 1.239253
1.150475 1.347686
1.264127 1.457873
1.089352 1.474599
1.343118 1.253935
1.035821 1.493189
1.122438 1.180622
1.196049 1.247576
1.084195 1.421674
1.059517 1.276533
1.373413 1.197603
1.364270 1.222348
1.059779 1.514470
1.161996 1.717619
1.060894 1.203373
1.124992 1.135648
1.129616 1.341747
1.161590 1.019935
1.259623 1.240659
1.295773 1.257707
1.291311 1.259152
1.046771 1.306506
0.988504 1.118343
1.086008 1.494576
1.346402 1.543346
1.338722 1.365773
1.199402 1.309949
1.313145 1.272409
1.157197 1.321303
1.286611 1.340934
1.321321 1.305534
0.984676 1.486763
1.211647 1.443772
1.285598 1.348382
0.998368 1.321008
0.889755 1.297637
1.176751 1.450075
1.188161 1.477431
1.218751 1.296426
1.058645 1.063691
1.239465 1.112891
1.085978 0.959999
1.166289 1.638439
1.328849 1.322442
0.903773 1.225096
0.944884 1.482771
1.248390 1.166769
1.187506 1.269711
1.051450 1.520409
1.173897 1.437517
1.229745 1.089634
0.974674 1.537555
0.969238 1.565897
1.255348 1.031949
1.061596 1.227521
1.090271 1.561114
1.161371 1.513476
1.089219 1.222330
1.113541 1.243945
1.386818 1.508163
0.759748 1.157998
1.143669 1.138607
1.147830 1.466173
1.446310 1.018613
1.204427 1.130389
1.130625 1.331661
1.155807 1.548764
1.159455 1.156773
1.019387 1.110580
0.943094 1.423933
1.325183 1.298275
1.296661 1.265625
1.174758 1.063288
1.147973 1.319599
1.342456 1.470493
1.152193 1.317001
1.101375 1.522618
1.132196 1.262054
0.927784 1.390802
