2.080605 2.142678
2.334724 2.390629
2.083625 2.646468
1.868238 2.078546
1.872165 2.135887
2.067424 2.325794
2.054844 1.945044
2.186144 1.600808
1.739393 1.910120
1.765513 2.016162
1.961692 1.905944
1.920121 2.288403
1.963842 2.107209
1.969310 1.994729
2.090678 1.923721
1.587922 1.902479
1.769212 2.048872
1.854696 2.054271
2.143418 1.897886
2.113322 2.100438
2.141714 2.080433
1.898525 2.143848
1.950695 2.043629
1.953898 1.608191
2.254248 2.226750
1.620064 1.772385
2.007224 2.391653
2.109651 1.944842
2.311055 2.195248
2.160859 2.056578
1.988990 2.106549
2.166840 2.093249
2.056699 1.874494
2.173561 2.290870
2.044770 2.033149
1.745138 1.550056
1.883704 1.777820
2.067432 2.350875
2.142347 2.288236
1.991813 2.076903
2.003945 1.781248
2.061208 1.712944
1.776145 1.899165
1.707290 1.822760
1.968648 1.761635
2.231533 1.896634
1.779862 2.083998
1.802803 1.508506
2.082352 1.820045
2.034480 2.190817
2.334692 1.964612
2.039120 1.988183
2.272400 2.039676
1.817750 1.977472
1.807416 1.791327
1.848712 2.089113
1.929114 1.943146
2.290398 2.226496
1.965289 2.472915
1.832117 2.235040
1.818834 1.582221
1.813476 2.017392
1.993437 1.947828
2.205824 1.890158
1.945742 2.217363
1.909231 1.905491
2.030717 1.759364
2.336228 2.183219
2.299229 2.280811
1.971549 2.450170
2.241143 2.318737
1.931606 2.096615
1.909010 1.854381
1.965462 2.182752
2.136615 1.997315
1.945830 1.820587
1.923894 1.178310
2.091723 2.185171
2.068481 1.837158
2.147864 2.109157
2.098144 1.707225
2.125613 2.129436
1.889765 1.842660
2.194664 1.798152
1.945540 2.075422
1.765716 2.095775
1.734905 1.745863
1.941622 1.915450
1.908149 2.209928
1.855944 2.233287
2.088833 2.186038
1.997262 2.287251
1.858497 2.135351
2.118900 2.272723
2.043057 2.258191
1.890693 2.133926
2.166914 2.067223
1.959720 2.007801
1.973851 2.280014
2.311540 2.349499
2.160422 2.066162
2.002922 2.451917
2.351295 1.994080
2.035599 2.044870
1.948808 2.179059
2.165200 2.250115
2.189422 1.952763
2.011932 2.144093
2.160565 2.012616
2.114429 2.203747
2.034962 2.035384
2.385372 2.207146
2.342722 2.428429
2.115242 1.920168
2.098537 2.229164
1.667284 2.317814
1.668917 2.060795
1.938505 2.171927
0.803885 1.872861
0.496735 1.933899
1.645918 1.977153
2.076125 2.220811
1.973281 2.042649
1.716890 2.181119
2.091902 2.284023
1.834937 2.357425
2.008721 2.063024
1.458868 2.145331
1.722760 2.240050
2.048724 1.991496
1.667606 2.080757
2.167582 1.867406
2.024805 2.104338
2.128526 2.021728
2.085740 1.638368
2.183689 1.995547
2.004223 1.870308
1.723174 2.313702
2.062813 2.124781
2.112554 2.233479
2.087550 2.092630
1.918002 2.159971
1.885028 1.808761
1.596937 2.163166
1.900429 1.795393
1.631965 2.094808
1.753059 2.024758
1.628304 2.141616
1.623697 1.832514
2.099043 2.533861
1.563624 2.346471
1.910471 2.263013
1.671075 2.209959
1.964451 2.131087
1.819680 2.275010
1.864358 1.966468
1.926100 2.057150
1.748203 2.135478
2.006920 2.238770
2.138481 2.212142
2.105614 2.323821
1.863567 2.005526
2.098566 2.511992
2.198146 1.924793
1.748745 2.123998
2.047793 1.950931
2.136020 2.082531
1.978001 2.087480
1.942261 2.194894
2.029935 2.174029
1.930340 2.291932
2.087380 1.987283
1.767142 1.979251
1.969118 1.645006
2.051359 2.014450
1.790939 1.736926
1.733021 1.632884
1.809700 1.986497
1.997819 1.985299
2.369375 1.911995
1.988853 1.959896
1.961122 1.776676
1.928773 1.806332
2.239808 2.220063
2.068068 1.650594
1.730336 2.067070
2.166734 2.139601
2.209964 2.078597
1.762761 1.908886
1.894971 2.106425
1.888134 1.844328
2.174176 2.050907
2.043558 2.073250
2.031694 2.156678
1.908082 2.076298
2.181172 2.189265
2.089532 2.099708
2.378994 2.016402
2.203166 2.288600
2.051146 2.552008
1.934631 2.268941
2.115227 1.938819
1.823013 1.937431
1.926857 1.969154
1.714417 2.120241
1.924317 2.023134
1.707135 1.879825
1.893437 2.089806
2.293270 1.925160
2.064016 2.300943
2.001541 1.778572
2.277666 2.213906
1.696051 1.821619
2.080857 1.877939
2.053080 1.945277
1.941727 1.866539
2.128998 2.051739
1.957784 1.961511
1.986465 2.419921
1.974615 1.973018
2.271354 1.852682
2.018353 2.038042
2.094832 1.991122
2.063149 1.395424
2.060319 1.989111
1.920586 1.441081
1.925734 2.065832
2.047766 1.784488
2.087708 1.966020
1.963219 1.813166
2.083039 2.067763
2.105734 2.058269
1.943204 2.310093
2.160673 2.307126
1.902876 2.212252
1.969528 2.225849
1.924161 1.985338
2.149828 2.121161
2.353556 1.837067
1.905813 1.977492
2.387144 1.863445
1.863722 1.961475
1.909426 2.199369
2.371917 2.218411
1.879759 2.140052
2.322894 2.018869
2.195623 1.925782
1.862754 1.717369
1.964232 2.086454
1.999612 2.063629
1.870761 2.024854
2.201962 2.314460
1.860546 1.937497
1.604699 1.890805
2.014094 2.253520
1.914488 1.404742
2.078791 1.901538
2.041243 2.411541
2.101968 1.969524
1.874527 2.136257
2.089485 2.236251
1.845881 2.219514
1.258924 2.048492
1.814816 2.347483
1.774270 2.144677
2.223271 2.156168
1.887612 2.349325
1.953554 2.119093
2.319528 2.295458
2.058879 2.328416
1.874640 2.123241
1.943849 2.035441
1.603301 2.198040
2.020861 1.975987
2.082957 1.995715
1.893242 2.311960
2.000202 1.720057
1.924937 2.062325
1.948613 2.155808
1.831076 2.097953
2.095546 1.792358
2.151179 1.893362
2.227178 1.150174
1.701649 1.768396
2.155183 1.755191
2.073310 1.247215
1.876908 2.179531
2.007611 1.552988
1.923622 1.983327
1.772767 1.870515
1.915948 1.886886
1.979173 2.108032
2.098381 2.021814
1.974923 2.372450
2.154379 2.127857
2.041271 2.077611
2.031201 2.472973
2.067381 2.078034
2.013122 2.036362
2.117939 2.160182
2.215256 2.347403
1.901406 1.820496
1.944244 1.895333
1.931690 1.837018
2.442698 1.868334
2.116461 2.239961
1.940728 2.033672
1.837208 2.230820
1.723668 1.918620
1.825877 2.121236
1.871388 1.794127
1.726096 2.327471
2.193196 2.209361
2.038676 2.068415
1.961775 1.831820
2.258985 2.026398
2.034204 1.932741
2.053410 1.957224
2.014815 2.241248
1.961625 1.935498
2.426756 2.085063
1.936383 1.785251
2.069144 2.338748
2.007243 0.902205
2.195361 1.971015
2.128652 1.800235
2.247220 1.900083
2.172403 2.351162
2.124041 2.165938
2.096297 1.925924
2.157315 2.240323
2.007952 2.233830
1.754888 2.186323
1.935079 2.175067
2.217598 2.265349
1.772974 2.209238
2.115471 2.069216
2.075669 2.117360
1.695288 2.236868
1.810814 1.824760
1.963951 2.098541
2.034553 2.071290
2.097665 1.876510
1.980822 1.528131
1.845215 1.855828
2.051264 2.001824
2.116486 1.865698
1.820963 1.883005
1.772215 2.182936
1.991107 1.744322
1.760059 2.039802
1.877685 2.196145
2.083610 2.429961
1.935640 3.015752
1.819666 2.215116
1.908263 2.527249
2.200840 2.145601
1.843128 2.063201
2.079918 1.981497
1.898510 2.255709
2.271862 2.024975
2.126469 2.262857
1.895643 1.814910
1.717316 1.871375
1.895477 1.699205
2.235621 2.048379
1.922936 1.885219
2.038270 2.035590
1.687729 1.931804
1.957769 1.718522
2.117868 2.067467
2.046135 1.962939
2.168748 2.022243
1.792765 2.110092
2.170785 2.322122
2.030015 2.192939
1.940660 2.108189
1.819461 2.267835
1.901053 2.139643
2.170667 2.165553
1.960504 2.204758
2.172749 2.008175
1.940786 2.174802
2.039981 1.976320
2.102323 2.008861
1.825606 1.951054
2.076713 2.177014
2.040352 2.242842
1.921496 2.282621
1.843030 1.777140
2.054674 1.682563
1.813981 1.397658
2.036451 1.856165
2.019083 2.488648
2.107845 2.177216
1.882973 2.017500
2.041855 1.967932
2.049931 1.813862
1.814497 1.810001
2.180293 2.073070
1.872919 2.106389
2.033904 2.170828
2.005962 2.255958
1.854383 1.841011
2.156640 2.035590
2.402574 2.110345
2.167128 1.505389
2.036794 1.693732
2.596470 1.939223
2.123869 2.009287
2.047056 1.882710
2.130153 2.091309
2.137337 2.343697
2.099600 2.026251
2.451821 2.100357
2.085384 2.032029
1.651699 1.766155
1.852221 2.146042
1.982281 2.079557
2.444176 2.223521
2.011571 1.787040
1.671740 2.001136
2.203759 1.499010
2.237573 2.128550
2.052829 2.198407
1.760439 2.159424
2.033901 2.274201
2.358585 2.246136
2.277208 2.058342
1.681623 2.053244
1.956204 2.069381
1.770924 2.349187
1.981176 1.979096
2.123503 2.234799
2.048154 2.064672
2.302021 2.176724
2.341515 1.896756
2.019516 1.676027
1.836102 2.051069
1.826860 1.800001
1.986580 2.131180
2.149635 2.065669
1.734575 1.923752
1.885334 2.327195
2.065222 2.103251
2.351355 1.955182
1.892359 1.866149
2.348821 1.831745
1.894332 2.098087
2.168653 1.902872
2.046712 1.803853
2.095096 1.982353
2.230241 2.271721
2.203781 2.476936
1.989015 2.487817
2.127976 1.937460
1.977355 2.529534
1.831842 2.833956
1.936317 2.127600
2.026874 1.930627
2.085315 1.939071
2.253978 2.216681
2.188264 1.986354
2.157787 1.860024
2.071577 1.674785
1.981614 1.898789
2.105052 1.530293
2.178945 1.952418
2.130753 2.161361
2.129668 2.072658
2.334243 1.722412
2.171450 1.987684
2.112357 2.549784
2.351307 2.166333
1.812190 1.755184
1.994395 1.606467
1.973538 2.272536
2.147763 2.029186
1.782953 1.934979
1.953315 1.997979
2.126329 1.729699
1.914934 1.694915
2.063050 1.883732
2.000923 2.047782
2.053995 2.372614
1.748270 2.394781
1.969143 2.031790
2.120309 2.313048
1.961936 2.366299
2.074662 2.080294
2.079833 1.939244
2.008969 1.990645
2.086411 1.855680
2.294340 2.047523
1.987102 2.239328
1.806956 2.102463
2.043387 2.108857
2.136065 1.928656
2.039155 2.021176
1.818806 1.862248
1.796522 1.967365
1.724135 1.897718
1.895841 1.996291
1.897434 1.945375
2.027768 1.917431
2.111584 2.466042
2.062200 1.865253
2.009576 2.176350
1.836797 1.985901
2.083112 1.708418
1.921013 1.833466
2.108694 1.981572
1.799274 1.956948
2.163218 1.800110
2.017223 2.023529
1.757762 2.183601
1.887669 1.826319
1.491504 2.011937
1.633542 1.683570
1.950216 1.922276
1.535840 0.855830
2.290326 1.169861
1.680720 1.431770
1.573608 1.521867
2.156915 1.345464
1.939996 2.034429
1.928129 2.069910
1.954852 1.982412
2.065501 1.892570
1.943883 2.152555
2.178018 2.001204
2.277388 2.109401
1.992190 1.951853
1.944887 2.239920
1.935594 1.765055
2.087466 2.017379
2.066577 1.962847
2.276704 2.616443
1.875486 2.158948
2.172271 1.794261
2.019326 1.972029
1.861977 1.977610
1.923836 2.322545
2.104842 2.574568
2.032749 2.208414
1.881270 2.108788
1.998090 2.203856
1.891822 2.033148
2.033769 2.176207
2.014085 2.183079
1.983294 2.491553
2.312619 2.677671
1.429258 2.036363
2.118605 1.961455
2.052515 2.085969
2.104674 1.890662
2.003061 1.774919
2.155658 2.085397
2.042649 2.216011
2.331178 1.867528
2.106594 2.124192
2.146695 2.180367
1.999460 1.629938
2.057914 2.215479
2.120026 2.107579
1.981961 2.162545
2.064608 2.179992
2.052363 2.145524
2.109436 2.296934
1.883479 2.325941
2.220995 1.901929
2.219771 1.966899
2.064047 2.500243
2.144368 1.736297
2.294388 1.776741
2.250857 1.933402
1.931725 1.319321
2.201440 1.900975
2.324080 2.060473
2.115988 2.216439
2.118859 1.962642
1.771385 2.036060
2.202802 2.029051
2.038301 2.031453
1.833784 2.448088
2.097224 2.650497
1.946550 2.378243
1.972165 1.942175
1.820033 1.833471
1.900174 2.384561
1.689795 2.349533
1.685343 2.216532
1.991628 2.111090
2.072128 2.232292
2.130896 2.134467
1.931655 2.064090
1.953451 2.175989
1.791047 2.076353
2.324058 1.973412
2.051215 2.052785
1.798931 2.323804
2.107131 2.064946
2.036799 1.936587
2.315792 2.397282
2.272032 2.281767
2.026153 2.191613
1.973815 2.284477
1.670326 2.156573
2.118865 2.545918
2.195351 2.019561
2.046270 1.993489
1.909268 2.175693
1.868536 2.205219
2.388783 2.011227
1.911777 2.069819
2.319082 2.087775
2.022772 2.337032
2.099875 2.674562
1.875301 2.102774
1.903270 2.748221
1.901803 2.330579
2.099624 2.560826
2.102603 2.249309
2.189312 2.309369
1.983460 2.130952
1.851730 2.469701
2.104864 2.284725
2.056267 1.924921
2.162593 1.950457
2.001977 1.795133
1.355879 2.076486
2.075529 1.968707
2.026898 1.966386
1.963708 2.504806
2.105997 1.936379
2.127494 2.079884
2.068149 1.916904
2.223486 1.844606
2.349193 1.916345
2.137131 2.245193
1.834068 2.198603
2.180792 2.073146
1.941149 2.532092
2.375420 2.204067
1.932114 2.508112
2.366215 2.147939
1.829211 2.046735
1.907288 2.183466
2.295531 2.137551
2.027755 2.243181
2.204058 2.072588
1.902102 2.227919
1.990675 2.355564
2.149956 2.040341
2.159854 2.361972
1.860744 2.292231
2.319063 2.170058
2.160994 2.149780
2.024576 2.324540
1.974002 2.304591
1.898751 2.093025
2.108346 1.990108
2.014313 1.898186
1.874496 2.108956
2.007620 2.229304
1.962763 2.229680
1.714240 2.147896
1.845591 2.125837
1.992717 2.560468
2.280115 2.219992
2.052426 2.568872
2.073038 2.341753
2.090622 2.544421
2.216834 2.710702
2.084699 2.297909
2.002391 2.457266
2.298119 1.732996
1.779652 1.980422
2.081945 1.848277
2.145026 1.731742
2.242710 1.980300
2.150090 2.227552
2.167906 2.133917
1.893997 2.371856
2.314015 2.107341
2.237330 1.796691
1.808066 2.037768
2.110303 1.918546
2.051200 2.256459
2.074349 1.990185
1.866279 1.968204
2.102120 1.544885
2.117381 1.957999
2.080962 2.057562
2.110687 2.405154
1.869958 2.340127
2.092158 2.297072
1.824998 2.295468
2.074232 1.906834
2.025956 2.513779
2.073836 2.736754
2.122853 2.647009
2.034129 2.125378
2.055544 2.077943
2.137815 2.060402
2.033975 1.740561
1.866218 2.229949
2.288732 2.585195
1.893325 2.443764
2.130422 2.179855
2.115872 2.385265
1.474635 2.270362
2.000550 2.446361
1.882807 2.203669
1.944428 2.283277
1.965422 2.097037
1.821284 2.026766
1.974632 2.081164
1.722191 2.217205
2.138497 2.196535
2.239011 2.221583
2.113993 1.850023
2.012717 2.099456
1.919462 2.200225
2.101711 2.663285
2.089528 2.703537
2.146660 2.020502
2.089655 2.089354
2.143638 2.374065
2.313547 2.438583
1.964431 2.224600
1.720194 2.103990
2.052596 2.062155
2.005696 1.925870
2.257692 1.948224
2.335514 2.452030
2.041577 2.121090
1.942587 2.307699
2.107856 1.966189
2.095973 1.890631
1.805961 2.059153
1.960725 2.211838
1.942361 1.799547
2.009026 1.993613
2.243825 1.786222
1.977129 1.889993
1.852618 1.994165
1.919219 1.974753
2.021960 2.207591
2.234814 2.233083
2.050002 2.025575
2.027193 2.204558
2.069958 2.318580
2.186947 1.644196
2.195149 1.365572
1.907676 1.602099
2.553891 1.969820
2.057338 1.786115
1.764653 1.867840
2.084617 1.899466
2.004956 2.100926
2.060415 1.938636
1.875831 1.969374
2.266778 1.990462
2.045605 2.138558
1.995497 1.980805
2.247280 1.960399
2.224007 2.442723
2.128704 1.879923
1.843482 2.485297
1.933697 2.059106
2.049165 1.890593
2.509106 1.960078
1.909528 2.371067
1.712899 2.096609
1.834589 2.671388
2.105302 2.363459
2.328289 2.057229
1.752093 2.102885
2.057174 1.824527
2.322869 1.767583
2.014183 1.994674
1.863818 2.200856
2.042485 2.104453
2.136195 2.037998
1.845657 2.091780
1.995966 1.961380
2.016894 2.205945
1.919523 2.289155
2.055174 2.270545
1.950983 2.390651
1.517575 1.727766
2.028676 1.947545
1.807550 2.211275
2.033546 1.843592
1.997692 2.143079
1.932728 2.110795
2.078084 2.038522
1.888513 2.176493
1.888440 1.834316
1.906766 1.965510
2.011127 2.310555
2.170804 2.193232
1.880812 2.117990
1.481183 1.853602
2.062821 1.815319
1.809847 2.051416
2.303915 2.291185
2.052236 2.314233
2.218629 1.860882
2.177384 1.800826
2.075060 1.968485
1.898121 2.081990
1.968742 2.645208
2.175344 2.576362
1.695386 2.013412
1.668861 2.356780
1.979302 2.303640
2.094222 2.166186
1.944551 1.564126
2.399456 1.612192
2.099706 1.944290
1.970762 1.842009
2.101566 1.535490
1.964465 1.636978
1.995824 2.315189
2.117249 2.312797
2.030668 2.117500
1.852686 1.915356
1.809251 2.097212
1.965653 2.062445
1.812079 2.385082
2.172371 2.057989
2.089795 1.937949
1.925267 2.204664
2.077345 1.642025
2.003754 1.712769
1.813014 1.970997
2.102218 2.134083
1.831360 1.884229
2.100904 1.936286
1.828949 1.896760
2.062055 2.013467
2.016881 2.162930
1.900890 2.314117
2.190251 2.049666
2.218202 2.014114
1.961281 1.987007
1.929328 2.671613
2.070244 2.290319
1.749121 2.201787
2.083978 2.024211
1.857826 1.818540
1.700839 1.904935
2.015944 2.039741
2.218244 2.148010
2.376999 2.126357
2.133652 2.302863
2.157745 2.181417
2.009819 2.084893
2.100464 2.032213
2.046333 2.212904
2.284905 2.670626
2.020125 2.894822
1.872900 2.405806
2.029025 2.110257
2.146433 2.613212
2.203585 2.307353
1.886351 2.294856
2.168316 2.019236
1.737691 2.140329
2.079530 1.996622
1.742036 2.206094
2.145509 1.921324
1.970035 1.962520
2.203883 1.978886
2.129844 2.096058
2.013078 1.966874
2.235478 2.288682
1.911355 2.109447
1.744858 1.789524
2.127663 1.975879
1.914510 2.101051
2.202989 2.247225
2.111864 1.936804
2.516344 2.231366
2.049849 2.020107
2.043217 2.619888
1.986847 2.551539
2.033495 2.176279
1.879742 2.637191
1.961970 1.825889
2.011133 2.119459
2.336966 2.237920
1.857364 2.185467
1.939732 1.836897
1.946113 2.422855
2.121981 2.260070
2.301519 2.379169
2.145487 2.177462
2.043083 1.876054
2.421363 2.192281
1.917853 2.244718
2.215442 2.326796
2.159146 2.679054
1.940672 1.631940
2.124797 1.899189
2.025114 2.223420
2.093718 2.080449
2.029007 2.223861
2.154969 2.171667
1.993181 2.275704
2.247147 2.053854
2.056808 2.122132
1.954371 2.142503
2.144657 1.920150
2.026680 1.956329
1.628128 2.368377
1.921938 2.068448
1.810494 1.970449
2.030697 2.097353
1.757570 2.118156
1.880695 2.045572
2.398330 2.060865
1.889220 2.196743
1.963820 2.412673
1.625967 2.025035
2.110912 1.974636
2.134485 2.625948
2.302821 1.927311
1.935014 2.173457
1.963125 2.279101
1.865403 2.590195
2.016669 2.433483
2.244302 1.908860
2.077251 2.159424
2.105594 2.098458
1.892720 2.189236
2.039439 1.906349
2.230571 2.211755
2.198199 2.648216
2.114410 2.492600
2.202253 2.223981
2.102514 2.330195
1.905799 2.433024
1.956506 1.995993
1.923488 2.405963
2.314853 2.126935
1.920545 2.190608
2.142389 2.223426
1.861627 2.058786
1.962280 2.257937
1.996197 2.022976
2.110623 2.050332
2.031602 2.632284
1.871626 2.177014
2.101998 2.256828
2.008121 2.111611
2.434152 2.374174
2.292454 1.801614
2.268046 2.456716
2.128965 2.484071
1.986696 2.262048
2.344050 2.027037
2.446874 2.294425
2.215989 2.143526
2.199192 1.972499
1.867331 2.080218
2.316198 2.134321
1.963453 2.300189
2.146191 2.381651
2.003611 2.127016
2.076014 2.332382
1.700188 2.318775
2.153594 2.060177
1.869560 1.946117
1.997506 1.508582
2.201588 1.637422
2.274317 1.982449
1.801702 2.037387
1.811312 2.360469
1.450124 1.657063
1.892623 1.746513
2.265301 1.539090
2.224852 1.924929
2.000875 1.943607
1.897221 2.091202
2.161873 2.266666
2.119334 2.069115
2.064649 2.135200
1.999363 1.783681
2.131795 2.207251
2.259223 2.093171
1.963542 2.058197
2.025146 2.341394
1.875687 2.572476
1.854657 2.610251
2.061764 2.340803
2.120600 2.420075
1.830687 2.476782
2.054714 2.500932
2.035152 2.880549
2.001621 2.170066
2.091752 2.293226
2.160839 1.965132
2.248488 2.063521
1.910538 1.802307
1.901822 2.454919
2.067529 2.380151
1.985373 2.142812
1.955741 2.159512
1.909414 2.421672
2.392543 2.260667
1.990573 2.520600
2.243177 2.094415
1.960587 1.717646
2.221847 1.875177
2.268606 2.283546
1.864234 1.909851
1.578149 2.391143
1.944313 2.173332
1.963791 2.139396
2.283060 2.210706
2.089392 1.864658
2.042867 1.909242
2.122678 2.212112
2.298912 2.300740
2.094289 1.846057
2.055358 1.943624
1.971736 2.215609
2.158955 2.556069
2.029894 1.922553
1.866941 2.119718
1.996895 1.801939
2.065732 1.899397
1.935557 2.082461
2.067288 2.233154
2.002203 2.027663
2.106180 2.097678
2.291085 2.174550
2.609625 2.225907
2.112043 1.896346
2.071822 2.143765
1.732963 1.798855
1.808278 2.261817
1.859457 2.049445
2.231789 1.845386
1.902927 2.075146
2.042350 1.957908
2.061986 2.097387
2.040207 2.221992
1.956382 1.980753
1.997694 1.910050
1.986280 1.947992
2.172357 1.794035
2.047314 1.819453
1.964514 2.017799
2.313232 2.131997
2.128475 2.674373
2.089200 2.253445
1.867980 2.351269
1.701954 2.169138
1.864611 2.111873
1.984302 2.890103
2.208710 2.386517
1.961374 2.769588
2.026712 2.370288
2.291413 2.917144
1.992670 2.444633
1.892690 2.432746
2.236814 2.279392
2.164032 2.188661
1.990444 2.090015
2.333707 2.100069
1.870950 2.479378
2.052169 2.315908
1.897573 2.342284
2.272205 2.235364
1.714976 2.255243
1.782586 1.582164
2.061816 1.699605
1.899184 1.934501
1.856816 1.885486
2.212510 1.841158
2.051708 1.991631
2.078548 2.063755
2.045519 2.312585
2.365879 3.095074
2.276735 2.980340
2.075936 2.014648
2.060998 2.814022
2.056688 2.862510
2.038370 2.086649
2.177886 1.961586
2.195003 2.435623
2.218065 2.375014
1.843451 2.040325
2.217074 2.121199
1.805773 1.842603
2.217035 2.766379
2.345913 2.240411
2.103738 2.513751
2.134480 1.883793
1.677003 2.386751
2.179018 2.282629
1.943687 2.689206
1.774542 2.363897
2.139034 2.220381
1.799524 2.242365
1.943497 2.705710
1.976562 2.077703
2.107703 2.075846
1.989582 1.871957
2.000575 1.955264
1.858623 2.160303
2.186794 2.978062
2.072678 2.530448
1.968869 2.589241
2.297236 2.103413
2.267581 2.188222
2.204801 2.184689
2.066155 2.327963
1.918221 2.032022
2.058212 1.637879
2.070512 1.933341
1.752613 1.652661
2.231869 1.939341
2.156740 1.788260
1.974733 2.119039
1.858150 1.966930
1.800651 2.210982
1.927878 1.536771
1.949930 1.524667
1.955073 1.880743
2.109045 2.085824
2.250819 2.002028
2.028577 2.062699
2.032485 1.991268
2.131643 1.991297
2.079733 2.145641
2.082840 2.147616
1.995916 1.331047
2.101348 1.481971
1.959004 1.900864
1.776335 1.987704
2.274479 2.121078
1.668502 1.997269
2.268490 2.082732
2.330730 1.901412
1.997497 1.811858
1.939810 1.964169
1.937453 2.052787
2.111177 1.599198
1.835958 1.401817
2.305433 1.644821
2.007031 2.094374
1.945708 2.662912
2.347476 1.803225
1.959172 2.191233
2.003343 2.388944
2.272327 2.387816
2.023560 2.242478
2.228143 1.874406
1.982724 2.128093
2.313600 2.211889
2.431589 1.796356
2.373563 1.697495
1.979850 2.048207
2.146315 2.317693
2.143185 2.126683
2.160955 2.228411
1.951069 2.451867
1.984967 2.340191
2.068507 2.282750
2.040207 1.944817
2.047528 1.900669
1.836505 2.622695
2.291180 2.158318
2.001866 2.669157
2.152042 2.604577
2.008003 2.039605
1.951567 1.990548
1.873969 2.175124
2.165415 3.057039
2.037371 2.927724
1.675072 2.774005
2.012649 2.596663
2.105724 2.448089
1.882667 2.493082
2.157402 2.286881
2.052200 2.417319
1.916144 2.737731
1.984993 2.008645
1.818575 2.018865
1.972679 1.783234
2.020506 2.015781
1.963868 1.761739
1.986357 2.412431
1.872750 2.124980
1.831366 2.341234
2.317188 2.201198
2.119885 2.112747
2.141300 1.909076
2.036178 1.481288
1.994194 1.998674
2.079975 1.976055
1.872928 2.099070
2.091262 1.672958
2.111027 1.744758
2.082454 1.386979
1.837197 1.948792
2.099804 2.424626
2.426248 2.284422
2.125533 2.042222
2.227361 2.070272
2.135626 2.135090
1.895438 2.747520
1.807915 1.829029
1.962399 2.154675
2.062075 1.912702
2.017538 2.182083
2.356727 2.417987
1.963310 1.902375
1.818035 2.511681
1.771706 2.347088
2.013188 2.516559
1.883055 2.102044
1.912438 1.979674
2.083094 2.155622
2.170257 2.337660
2.018018 2.367511
1.952900 2.278976
2.178471 2.419758
2.041915 1.797243
2.018640 1.860256
2.190946 2.031241
2.216330 2.019915
2.002072 1.915711
1.821720 1.836652
1.932806 2.107551
1.938618 2.439972
1.762691 2.433565
2.103460 2.076058
2.072610 2.155386
2.033179 2.037236
1.806414 2.142875
1.753856 1.839303
2.101953 2.084711
2.169572 2.107762
2.195729 2.076265
2.169789 2.150310
2.154255 1.998836
2.158343 2.068163
2.072320 2.153746
2.066506 2.363393
1.933358 2.299766
1.969232 1.456397
2.074524 2.000097
1.889932 1.852841
2.039640 2.178513
2.150562 2.406956
1.987698 1.965465
1.956292 2.081248
2.256671 1.923947
2.387686 1.951231
2.215465 2.227516
2.117426 1.951570
1.909359 2.262897
2.061047 2.076151
2.220150 2.295381
1.861118 2.456156
1.743943 2.307767
1.981907 2.165699
1.947102 1.858096
2.076914 1.996722
1.781936 1.967798
1.590780 2.170896
1.793348 1.931612
1.953434 1.987989
1.627004 1.930058
1.883086 2.125294
2.298639 2.029187
2.230858 1.882683
2.160364 1.951259
2.022948 1.995587
2.311126 1.948823
2.096248 2.812786
2.288250 2.166483
2.172928 2.225814
1.806194 1.990018
1.791047 2.077947
2.083448 2.158357
1.644174 2.013538
1.910692 2.159112
1.934783 1.783409
2.186265 1.732226
2.032683 1.786618
1.874465 1.692751
1.824662 1.898675
2.262098 1.924807
1.988883 1.694786
1.711881 2.547272
1.888621 2.305863
1.992998 2.353784
2.339957 2.549457
1.970548 2.226522
1.660811 2.376171
1.785228 2.278129
2.026173 2.098585
2.205663 2.538979
2.110558 2.405177
2.105765 2.019840
1.973888 1.654458
1.882836 1.939421
1.954288 1.921600
2.107199 2.496588
2.140984 2.168495
2.444446 2.013315
2.026413 2.127492
1.977341 2.475782
2.203463 2.249990
2.296829 2.010904
1.980722 2.445733
1.932023 1.842975
1.953521 1.665355
2.102327 2.353464
2.037164 2.149807
2.003130 1.648878
1.960943 2.401688
2.024214 2.038961
2.092538 2.694637
2.001829 3.030204
2.086218 2.373394
1.897880 2.737851
1.974989 2.150618
2.359970 1.877686
2.039066 2.308728
2.168447 2.259396
2.128879 2.040920
2.295185 2.305857
2.063104 2.666075
1.925217 2.149062
2.056830 1.890476
2.053322 1.888158
1.986294 1.996510
2.222771 2.363077
2.185365 2.421151
2.065521 2.214508
2.179606 2.387163
2.194145 2.166557
2.455273 2.257679
1.832734 2.050672
2.011734 2.130420
1.861837 2.310464
2.161351 1.769848
2.009770 2.245160
1.948739 2.272307
1.934536 2.019335
2.091468 2.414214
2.077391 2.423872
2.339468 2.388067
2.532585 2.423281
2.014974 2.351746
1.949142 2.137267
1.745716 2.142820
1.830223 2.043373
1.907703 2.456863
1.822656 2.582421
1.937499 2.308046
2.246284 2.185240
2.006436 2.110665
2.182550 2.016396
1.806020 1.925172
1.878814 1.783349
1.720790 2.098326
1.811204 1.985345
2.065905 1.815293
2.190103 1.864096
1.675250 2.356803
2.164162 2.441913
2.318454 2.113712
2.174055 2.301417
2.435126 1.787383
1.900053 2.161949
2.013555 1.925538
2.177051 2.210690
1.863900 2.260116
1.738504 1.982498
2.319761 2.149198
2.266967 2.080225
1.963094 2.228661
1.814778 1.869926
2.320068 1.996843
2.085385 2.317932
1.607717 2.100534
2.025195 2.150807
2.108299 2.184732
2.016680 2.189369
1.837277 2.390767
1.951430 2.161400
1.968471 2.156846
2.003008 2.264879
1.990955 2.184652
1.548464 2.231594
1.745439 2.038230
1.711139 2.251710
1.831668 2.192861
1.862359 2.233665
2.065216 2.265611
2.050325 1.852909
2.088384 1.953624
2.037712 1.916635
2.082328 2.046169
2.211506 1.901645
2.047657 2.268752
2.204425 2.014164
1.937137 2.083074
1.920607 1.707558
2.188583 2.037461
2.060914 2.109665
2.222553 2.137990
2.118363 2.068970
2.127627 2.593360
2.302710 1.653596
2.020227 1.837907
2.072810 1.442681
2.006691 1.782460
1.998184 2.041503
2.307224 1.993529
1.985724 2.227687
2.016375 1.786873
1.825480 1.988650
1.718529 2.029015
2.032354 1.959426
2.218467 1.890462
1.898273 2.066616
1.855224 1.816390
1.719013 1.465794
2.041427 1.877854
1.933266 2.027255
1.807783 2.143105
2.174995 2.223423
1.985739 1.774551
1.853086 2.284607
2.080097 2.067232
1.715133 1.952754
2.058629 2.438737
2.106940 2.128449
2.145482 2.087081
2.322956 1.919316
2.000598 2.411205
1.608077 2.380797
1.693758 2.183743
2.151722 2.125980
1.991974 2.179987
1.982258 2.344732
1.892451 2.404694
1.905387 2.238546
2.013651 2.230123
2.045610 2.127261
2.056558 2.081429
1.978955 2.104800
1.880785 2.196545
1.881653 2.385926
1.938575 2.242901
1.888833 2.263951
2.024286 2.152295
1.828010 2.455295
1.866451 2.448055
2.176368 2.081109
2.246334 2.028283
2.091481 2.088308
2.121904 2.363071
2.163293 2.476146
2.180440 2.317292
2.023122 3.097225
2.056273 2.020737
2.280995 2.470971
1.990109 2.228212
2.080113 2.228778
2.326935 1.977839
2.025672 2.088605
2.110236 1.798571
1.921409 1.846600
1.861212 1.637267
2.086568 1.969946
2.112728 1.862625
1.971994 1.575255
2.032815 1.768586
1.840664 2.128800
1.849982 2.107019
2.131612 2.064837
1.769861 2.014755
2.140997 1.838270
1.901614 1.718377
1.872518 1.921975
2.207821 2.182135
2.254189 1.778654
2.377766 2.027486
1.962947 1.911060
2.116551 1.918215
2.038144 2.168106
2.127027 2.051585
2.017983 2.047459
1.938202 2.337885
1.971501 2.418777
1.932650 1.957704
2.605769 1.966149
2.034213 1.580381
2.012218 2.020399
2.047593 2.289249
1.751732 2.211756
2.011152 2.324596
1.815441 1.965805
1.861063 2.090916
2.031180 2.055103
2.090691 2.557501
2.337645 2.535454
2.739860 2.118433
2.818712 2.162635
2.155540 2.270055
2.199981 2.215737
2.003720 2.266700
1.965380 2.299408
2.122524 2.185495
2.151250 2.209585
2.222815 2.234418
1.983638 2.460035
1.709919 2.474799
2.076197 2.418802
1.686709 2.602233
1.943221 2.258853
1.910831 2.191445
1.977918 2.047464
1.874494 2.472120
2.024889 2.096509
2.145797 2.087483
2.169256 1.965793
1.792107 2.199800
1.874277 1.919009
1.765512 2.015511
1.948605 2.191560
2.093681 1.734949
1.957948 2.027115
1.974421 2.009896
2.269692 1.703039
1.795835 2.002817
1.836950 1.992885
2.093374 2.264855
2.248768 2.473017
2.605938 1.715531
2.026446 2.167510
1.962815 2.028941
2.038565 2.135526
2.046565 2.684500
2.084301 2.645071
2.025233 2.034998
1.880585 2.351540
1.998168 2.287651
2.020423 1.975688
1.772520 2.512208
2.104813 2.863607
1.943821 1.870833
1.602190 2.068826
1.895578 2.744979
2.150546 3.039002
1.914200 2.788259
2.410081 2.391673
1.983379 2.052461
1.911481 1.657165
1.843886 1.989694
2.001031 1.488104
2.103399 1.959540
2.007085 2.303648
2.066115 1.914268
2.077150 2.245706
2.132351 2.152440
1.827177 2.213096
1.818542 2.754942
1.999805 2.019686
2.245667 2.209214
1.893292 2.163105
2.246625 2.013156
1.923614 2.260288
2.209803 1.989921
2.194770 2.083741
2.230471 2.536827
1.793424 1.997112
1.980307 2.217288
2.337138 2.178680
2.084006 1.953702
2.169683 2.050556
1.894651 2.209765
1.980553 2.426804
1.999330 2.232022
2.074521 2.090977
2.131325 2.107460
2.122750 2.277700
1.898459 2.090140
2.386237 2.085969
1.880745 2.249800
2.276370 2.281979
2.046962 2.082897
2.280314 2.253823
1.776401 1.920651
1.921168 1.974189
2.215271 1.949042
2.209196 1.924994
2.195892 2.251444
1.895622 2.039765
2.153393 2.713980
2.172255 2.352725
2.067413 2.015137
2.108400 1.565736
1.474043 1.621558
1.817287 2.029878
2.211972 2.090398
2.320648 2.294655
2.186381 2.086656
2.088271 2.040214
1.875195 1.981389
1.892534 1.721721
1.627164 2.460341
1.909712 2.696195
1.945733 2.285479
1.714782 2.332446
2.057182 2.302907
2.089925 2.113202
1.793239 2.026882
1.841972 2.218661
2.299055 2.113492
1.947019 1.491130
1.772637 2.115200
1.955744 2.040977
2.093463 2.571712
2.261879 1.868249
2.613802 1.924204
1.947742 1.634769
2.355666 1.528270
2.017236 2.240072
2.133996 1.792333
2.217024 2.315899
2.509661 2.692587
2.215845 2.573712
1.915653 2.799536
2.064787 1.914293
1.983373 1.896188
1.985671 2.142200
1.931805 2.063072
1.975239 1.985130
2.053792 2.146381
2.114434 2.164983
2.112653 2.299043
2.109867 2.440334
1.777024 2.579759
1.840523 2.280716
2.200107 2.277421
1.794105 2.451640
2.181978 2.056035
1.769851 2.038255
1.703946 1.843400
1.873611 1.593557
2.184375 1.059078
1.912511 1.315378
2.036405 1.831029
1.966417 2.018561
2.170085 1.583109
1.969516 2.102738
1.810129 2.153390
2.211018 2.057484
1.919300 2.563232
1.876154 2.873515
1.308110 2.215080
1.991019 2.232422
2.282078 2.095938
1.900896 2.206056
2.197749 2.197976
2.035378 2.227232
2.166387 2.188399
2.150179 2.729822
2.220637 2.148436
2.197550 2.191149
2.246095 2.028631
2.220603 2.491824
2.278027 2.447868
1.796850 2.319096
2.375946 2.395451
2.000639 2.413815
1.876251 2.042659
1.966979 2.140069
2.263269 1.968343
2.084026 2.484374
2.094766 2.094162
1.873070 2.172610
2.092587 1.817723
2.182727 1.972192
2.280316 1.871828
2.037548 1.791858
1.957662 1.847010
1.607816 2.343248
2.267191 2.329962
2.072093 2.186380
2.438204 2.174563
1.889968 2.227566
2.175254 2.112855
1.885918 2.841413
1.927140 2.445742
2.032174 2.177423
2.256033 1.943201
2.073070 1.973199
2.140617 2.060089
1.915964 2.514568
1.935599 2.364929
1.972115 2.257861
2.103229 2.027019
2.107969 1.958997
2.267869 2.028957
2.052120 1.836711
2.077331 2.070160
2.161073 2.236682
2.290557 2.276432
2.237010 2.224521
1.978754 2.388232
1.946497 1.862572
2.073041 1.899789
1.974924 1.925608
2.269157 1.711424
2.154322 2.186555
2.020574 2.458220
2.413354 2.068226
2.107840 2.096012
1.989514 1.911776
2.141186 2.153791
1.813439 2.492389
1.950715 2.073603
1.868157 2.300755
1.839088 2.286109
2.174539 2.597897
1.946790 2.270548
1.908126 1.938084
2.253267 1.967328
2.075593 2.202778
2.045226 2.398305
1.952628 2.214485
1.748391 2.201418
2.595004 2.306454
1.825077 2.367838
2.086706 2.250858
2.212685 2.100432
2.059623 2.239259
1.850232 2.124627
1.927156 2.034555
2.225742 2.092502
1.978745 1.846793
1.959655 1.851348
1.994380 2.115948
2.072643 2.110574
2.028743 2.263979
2.066646 2.542536
1.900753 2.250036
1.901561 2.368010
1.955190 2.361768
2.017992 2.593406
1.800736 2.158570
1.868129 1.790023
1.753948 1.977150
1.837091 2.302405
1.923729 2.121626
2.303286 1.769569
2.154195 1.866014
2.245212 2.260773
2.093511 2.089931
2.029432 1.864154
2.142472 2.150737
2.162044 1.976171
2.119580 1.944527
1.761478 2.035347
1.978946 1.909912
2.033131 2.253111
2.031404 2.039152
2.050953 2.270977
2.339924 2.128393
1.896303 2.149710
2.164650 2.204632
2.113348 2.135067
1.869029 2.262187
1.975801 1.975008
1.711394 2.123301
1.961736 2.067297
2.225240 2.082315
1.975060 2.115497
1.946189 2.211631
2.228111 1.951800
1.848757 2.283663
1.819314 2.003532
2.266172 1.971388
1.865844 2.360639
1.969748 2.117308
1.920418 2.136421
2.106193 2.180735
1.593624 2.162569
1.635637 2.118384
2.051043 2.466724
2.035803 2.125687
2.288964 1.952929
1.913549 2.181530
2.154646 2.236992
2.031650 2.073952
1.802342 2.335060
2.257063 2.328054
1.937035 1.871952
2.019119 1.963462
2.026290 2.190966
1.960493 2.120978
2.432276 2.351603
2.173726 2.178758
1.934218 2.389681
2.043189 2.105542
2.227991 2.173033
2.281522 2.325440
1.954940 2.339043
2.008459 2.852817
2.021608 2.406397
2.103451 2.007070
2.070436 2.761870
2.103267 2.397496
2.112611 2.166053
1.857695 1.973277
2.111467 2.058818
2.388317 1.568056
2.182997 1.838919
1.803909 1.836537
1.920677 1.942652
2.013255 1.563025
1.885272 1.862999
2.278172 2.292832
2.183839 2.499781
2.080734 2.160859
2.168839 1.766167
1.731355 2.255784
1.692541 2.137769
2.138570 1.703859
2.201288 2.139139
1.727498 2.284098
1.679688 2.225497
1.917415 1.745031
2.014156 1.830547
2.099594 1.898576
2.124973 2.008698
2.229677 2.153577
1.946201 2.164791
1.933626 1.797507
2.239559 2.264980
1.868481 2.190969
1.853037 2.050501
1.942991 2.105772
2.330522 2.135261
2.212396 2.150355
1.842365 2.131244
1.984991 2.054156
2.034608 2.274696
2.055715 2.065343
2.000665 1.963690
2.103079 1.943980
1.750866 2.202752
2.174472 1.912796
2.177639 1.950093
1.759762 2.194440
2.030406 2.270073
1.858624 2.545875
2.142891 2.111702
2.055034 1.931224
2.087492 2.336053
1.938183 1.790443
1.926962 2.396860
2.229347 2.070638
1.977343 2.232276
2.141959 2.610734
1.993013 1.942685
2.143577 1.725245
1.953004 1.939168
2.103258 1.690388
1.994678 1.678114
1.569338 1.976416
1.952833 1.931145
2.055378 2.138382
2.263670 2.229829
2.192384 2.000376
1.623646 2.091931
1.851347 2.410420
1.997254 2.307292
2.024867 2.050440
1.898367 2.049569
2.074896 1.801717
1.897572 1.907787
2.371079 2.281111
2.413169 2.157117
2.070632 2.057744
1.977000 2.420885
1.742275 2.401917
2.077425 2.355980
1.883358 2.018506
2.305205 1.524467
2.001700 1.687205
2.050386 1.805444
1.987533 2.054735
1.942477 1.922056
2.215377 2.678590
2.147831 2.405241
2.235180 2.419261
2.151231 2.538550
2.168306 2.107037
1.771967 2.131233
2.150645 2.221245
1.788000 1.824810
1.924963 1.945564
2.124601 2.308369
1.933004 2.104726
1.845425 2.236821
1.994890 2.036844
2.207290 2.147296
2.043172 1.895877
1.843209 1.656778
2.028689 2.061311
2.368908 2.309161
1.843903 2.220532
1.919353 2.116696
2.199096 2.202103
1.948500 1.970547
1.824944 2.040378
1.730687 2.267051
2.237807 2.248839
2.048442 2.172676
1.759500 2.172904
1.947960 2.005473
2.094687 2.242928
2.146784 2.101402
1.881854 2.074784
2.287342 1.818800
1.972607 1.810815
2.148322 2.310921
2.291195 2.067559
2.147600 2.081064
1.857260 2.165288
2.022655 1.994368
2.153500 2.187726
2.167065 2.314411
2.128973 2.765077
2.028474 2.309946
1.962891 1.951249
1.927049 2.553775
1.918053 2.217593
2.052913 2.070469
2.159198 2.432513
1.956932 2.351602
1.839785 1.725613
2.131860 1.955248
1.829089 1.878169
1.682341 1.930961
2.055170 2.091893
1.948333 1.911148
2.191507 1.752657
2.140480 1.661129
1.907008 2.168461
2.009377 1.962500
2.126436 1.870738
2.040729 0.951830
2.052029 1.781455
1.909000 1.930761
2.088418 2.022010
2.089137 1.780034
1.695722 1.867272
1.847460 2.377700
2.286814 2.157190
2.058548 2.072014
1.905623 2.167634
1.949482 2.347267
1.888990 2.355512
1.784451 2.590867
1.958439 1.857007
1.810401 2.075087
1.816764 2.134619
1.808520 2.132765
1.941522 2.038403
2.055267 1.980530
2.387698 2.069693
2.055573 2.311857
2.171210 2.252472
1.892774 2.063609
2.068462 2.147758
2.125720 2.222253
2.230466 2.239939
1.805227 2.259204
2.301872 2.003262
1.972716 2.103005
2.130227 2.151085
1.839887 2.375039
2.227283 2.361665
2.286732 2.402200
1.521780 2.135646
1.973247 2.464515
